{"/home/chris/git/angular-express-seed/app_mongo.js":{"path":"/home/chris/git/angular-express-seed/app_mongo.js","s":{"1":1,"2":1,"3":1,"4":1,"5":1,"6":1,"7":1,"8":1,"9":1,"10":1,"11":1,"12":1,"13":1,"14":1,"15":1,"16":1,"17":1,"18":1,"19":1,"20":1,"21":2,"22":2,"23":0,"24":2,"25":2,"26":0,"27":2,"28":2,"29":1,"30":36,"31":36,"32":36,"33":0,"34":36,"35":36,"36":1,"37":7,"38":7,"39":0,"40":7,"41":7,"42":1,"43":7,"44":7,"45":0,"46":7,"47":0,"48":7,"49":7,"50":0,"51":7,"52":1,"53":7,"54":1,"55":36,"56":36,"57":1,"58":7,"59":7,"60":1,"61":9,"62":7,"63":7,"64":2,"65":9,"66":1,"67":0,"68":1,"69":3,"70":3,"71":3,"72":3,"73":3,"74":3,"75":3,"76":3,"77":3,"78":3,"79":3,"80":0,"81":3,"82":0,"83":3,"84":3,"85":3,"86":1,"87":1,"88":1,"89":1,"90":1,"91":1,"92":1,"93":0,"94":0,"95":1,"96":1,"97":1,"98":1,"99":1,"100":1,"101":1,"102":1,"103":1,"104":1,"105":1,"106":1,"107":1,"108":1,"109":1,"110":1,"111":1,"112":0,"113":1,"114":0,"115":1,"116":1,"117":1,"118":1,"119":0,"120":1,"121":1,"122":1,"123":1,"124":1,"125":2,"126":1,"127":11,"128":1,"129":2,"130":1,"131":2,"132":1,"133":1,"134":1,"135":1,"136":1,"137":1,"138":1,"139":1,"140":1,"141":1,"142":1,"143":1,"144":1,"145":1,"146":0,"147":1,"148":0,"149":1,"150":1,"151":0,"152":1,"153":1,"154":1,"155":1,"156":1,"157":0,"158":1,"159":1,"160":1,"161":1,"162":1,"163":1,"164":1,"165":1,"166":1,"167":1,"168":1,"169":1,"170":1,"171":1,"172":1,"173":1,"174":1,"175":1,"176":1,"177":0,"178":0,"179":1,"180":1,"181":1,"182":1,"183":1,"184":1,"185":1,"186":1,"187":0,"188":0,"189":1,"190":1,"191":1,"192":1,"193":1,"194":1,"195":1,"196":1,"197":0,"198":1,"199":1,"200":1,"201":5,"202":1,"203":1,"204":4,"205":4,"206":1,"207":1,"208":3,"209":3,"210":2,"211":2,"212":1,"213":1,"214":1,"215":1,"216":0,"217":0,"218":1,"219":1,"220":1,"221":1,"222":1,"223":1,"224":1,"225":4,"226":4,"227":1,"228":1,"229":3,"230":1,"231":1,"232":2,"233":2,"234":0,"235":0,"236":2,"237":2,"238":2,"239":0,"240":0,"241":2,"242":2,"243":1,"244":6,"245":1,"246":1,"247":5,"248":5,"249":5,"250":5,"251":2,"252":2,"253":3,"254":1,"255":1,"256":2,"257":1,"258":2,"259":2,"260":2,"261":2,"262":2,"263":2,"264":2,"265":2,"266":0,"267":0,"268":2,"269":2,"270":0,"271":0,"272":2,"273":2,"274":1,"275":1,"276":1,"277":1,"278":1,"279":4,"280":1,"281":1,"282":3,"283":1,"284":1,"285":2,"286":2,"287":2,"288":2,"289":0,"290":0,"291":2,"292":2,"293":1,"294":4,"295":1,"296":1,"297":3,"298":3,"299":1,"300":1,"301":2,"302":2,"303":1,"304":1,"305":1,"306":1,"307":1,"308":1,"309":1,"310":1,"311":1,"312":1,"313":0,"314":0,"315":1,"316":1,"317":1,"318":2,"319":2,"320":2,"321":1,"322":1,"323":1,"324":1,"325":1,"326":1,"327":1,"328":1,"329":1,"330":1,"331":5,"332":1,"333":1,"334":4,"335":4,"336":1,"337":1,"338":3,"339":3,"340":3,"341":1,"342":1,"343":1,"344":1,"345":1,"346":0,"347":0,"348":1,"349":1,"350":2,"351":2,"352":2,"353":2,"354":2,"355":0,"356":0,"357":2,"358":2,"359":1,"360":2,"361":2,"362":2,"363":1,"364":2,"365":2,"366":2,"367":0,"368":0,"369":2,"370":1,"371":0,"372":0,"373":0,"374":0,"375":0,"376":0,"377":0,"378":0,"379":0,"380":0,"381":0,"382":0,"383":0,"384":0,"385":0,"386":0,"387":0,"388":0,"389":0,"390":1,"391":1,"392":1},"b":{"1":[1,1],"2":[1,0],"3":[0,1],"4":[0,2],"5":[0,2],"6":[0,36],"7":[36,36],"8":[36,0],"9":[0,7],"10":[7,7],"11":[7,0],"12":[0,7],"13":[0,7],"14":[0,7],"15":[7,7],"16":[7,2],"17":[0,0],"18":[0,3],"19":[0,3],"20":[3,0],"21":[3,0],"22":[0,3],"23":[0,3],"24":[3,0],"25":[0,1],"26":[1,1],"27":[1,0],"28":[1,0],"29":[0,1],"30":[0,1],"31":[0,1],"32":[1,0],"33":[0,1],"34":[0,1],"35":[0,1],"36":[0,1],"37":[0,1],"38":[0,1],"39":[0,1],"40":[0,1],"41":[0,1],"42":[0,1],"43":[0,1],"44":[1,0],"45":[1,1],"46":[1,0],"47":[1,0],"48":[1,0],"49":[1,0],"50":[0,1],"51":[1,0],"52":[0,1],"53":[0,1],"54":[0,1],"55":[0,1],"56":[0,1],"57":[0,1],"58":[1,0],"59":[0,1],"60":[0,1],"61":[1,0],"62":[0,1],"63":[0,1],"64":[1,0],"65":[0,1],"66":[0,1],"67":[0,1],"68":[1,0],"69":[0,1],"70":[0,1],"71":[0,1],"72":[0,1],"73":[0,1],"74":[0,1],"75":[1,1],"76":[0,1],"77":[1,0],"78":[0,1],"79":[1,0],"80":[0,1],"81":[1,0],"82":[0,1],"83":[1,0],"84":[0,1],"85":[1,0],"86":[0,1],"87":[1,0],"88":[0,1],"89":[1,0],"90":[0,1],"91":[1,0],"92":[0,1],"93":[1,0],"94":[1,0],"95":[0,1],"96":[1,1],"97":[1,0],"98":[0,1],"99":[1,1],"100":[1,4],"101":[1,3],"102":[4,4],"103":[0,1],"104":[1,1],"105":[1,3],"106":[1,2],"107":[3,3],"108":[0,2],"109":[1,5],"110":[2,3],"111":[5,5],"112":[1,2],"113":[3,2],"114":[1,1],"115":[0,2],"116":[2,2],"117":[0,2],"118":[2,2],"119":[1,3],"120":[4,3],"121":[1,2],"122":[3,3],"123":[0,2],"124":[2,2],"125":[1,3],"126":[1,2],"127":[3,3],"128":[0,1],"129":[1,1],"130":[1,1],"131":[1,0],"132":[1,4],"133":[1,3],"134":[4,4],"135":[1,2],"136":[3,3,3],"137":[0,1],"138":[1,1],"139":[0,2],"140":[2,2],"141":[1,1],"142":[0,2],"143":[2,2,2],"144":[0,0],"145":[0,0],"146":[0,0],"147":[0,0]},"f":{"1":2,"2":2,"3":2,"4":36,"5":36,"6":7,"7":7,"8":7,"9":7,"10":7,"11":7,"12":36,"13":36,"14":7,"15":9,"16":0,"17":3,"18":1,"19":1,"20":0,"21":0,"22":0,"23":1,"24":2,"25":11,"26":2,"27":2,"28":0,"29":0,"30":0,"31":0,"32":1,"33":1,"34":0,"35":1,"36":1,"37":1,"38":1,"39":5,"40":1,"41":1,"42":4,"43":2,"44":6,"45":2,"46":2,"47":1,"48":4,"49":2,"50":4,"51":1,"52":2,"53":1,"54":1,"55":5,"56":3,"57":1,"58":2,"59":2,"60":2,"61":0,"62":0,"63":0,"64":0,"65":1},"fnMap":{"1":{"name":"encrypt","line":64,"loc":{"start":{"line":64,"column":0},"end":{"line":64,"column":33}}},"2":{"name":"(anonymous_2)","line":68,"loc":{"start":{"line":68,"column":37},"end":{"line":68,"column":57}}},"3":{"name":"(anonymous_3)","line":71,"loc":{"start":{"line":71,"column":42},"end":{"line":71,"column":62}}},"4":{"name":"findById","line":79,"loc":{"start":{"line":79,"column":0},"end":{"line":79,"column":26}}},"5":{"name":"(anonymous_5)","line":83,"loc":{"start":{"line":83,"column":40},"end":{"line":83,"column":61}}},"6":{"name":"findByUsername","line":89,"loc":{"start":{"line":89,"column":0},"end":{"line":89,"column":38}}},"7":{"name":"(anonymous_7)","line":91,"loc":{"start":{"line":91,"column":50},"end":{"line":91,"column":71}}},"8":{"name":"(anonymous_8)","line":98,"loc":{"start":{"line":98,"column":32},"end":{"line":98,"column":67}}},"9":{"name":"(anonymous_9)","line":103,"loc":{"start":{"line":103,"column":29},"end":{"line":103,"column":49}}},"10":{"name":"(anonymous_10)","line":108,"loc":{"start":{"line":108,"column":48},"end":{"line":108,"column":71}}},"11":{"name":"(anonymous_11)","line":116,"loc":{"start":{"line":116,"column":23},"end":{"line":116,"column":44}}},"12":{"name":"(anonymous_12)","line":120,"loc":{"start":{"line":120,"column":25},"end":{"line":120,"column":44}}},"13":{"name":"(anonymous_13)","line":121,"loc":{"start":{"line":121,"column":17},"end":{"line":121,"column":38}}},"14":{"name":"(anonymous_14)","line":131,"loc":{"start":{"line":131,"column":51},"end":{"line":131,"column":70}}},"15":{"name":"(anonymous_15)","line":137,"loc":{"start":{"line":137,"column":20},"end":{"line":137,"column":38}}},"16":{"name":"(anonymous_16)","line":148,"loc":{"start":{"line":148,"column":21},"end":{"line":148,"column":40}}},"17":{"name":"buildSampleQuery","line":170,"loc":{"start":{"line":170,"column":0},"end":{"line":170,"column":31}}},"18":{"name":"(anonymous_18)","line":215,"loc":{"start":{"line":215,"column":18},"end":{"line":215,"column":36}}},"19":{"name":"(anonymous_19)","line":221,"loc":{"start":{"line":221,"column":13},"end":{"line":221,"column":34}}},"20":{"name":"(anonymous_20)","line":434,"loc":{"start":{"line":434,"column":81},"end":{"line":434,"column":95}}},"21":{"name":"(anonymous_21)","line":435,"loc":{"start":{"line":435,"column":81},"end":{"line":435,"column":95}}},"22":{"name":"(anonymous_22)","line":441,"loc":{"start":{"line":441,"column":87},"end":{"line":441,"column":101}}},"23":{"name":"(anonymous_23)","line":447,"loc":{"start":{"line":447,"column":47},"end":{"line":447,"column":61}}},"24":{"name":"(anonymous_24)","line":450,"loc":{"start":{"line":450,"column":84},"end":{"line":450,"column":98}}},"25":{"name":"(anonymous_25)","line":451,"loc":{"start":{"line":451,"column":74},"end":{"line":451,"column":88}}},"26":{"name":"(anonymous_26)","line":452,"loc":{"start":{"line":452,"column":77},"end":{"line":452,"column":91}}},"27":{"name":"(anonymous_27)","line":453,"loc":{"start":{"line":453,"column":65},"end":{"line":453,"column":79}}},"28":{"name":"(anonymous_28)","line":478,"loc":{"start":{"line":478,"column":97},"end":{"line":478,"column":111}}},"29":{"name":"(anonymous_29)","line":479,"loc":{"start":{"line":479,"column":113},"end":{"line":479,"column":127}}},"30":{"name":"(anonymous_30)","line":481,"loc":{"start":{"line":481,"column":117},"end":{"line":481,"column":131}}},"31":{"name":"(anonymous_31)","line":488,"loc":{"start":{"line":488,"column":133},"end":{"line":488,"column":147}}},"32":{"name":"(anonymous_32)","line":521,"loc":{"start":{"line":521,"column":22},"end":{"line":521,"column":41}}},"33":{"name":"(anonymous_33)","line":530,"loc":{"start":{"line":530,"column":38},"end":{"line":530,"column":54}}},"34":{"name":"(anonymous_34)","line":535,"loc":{"start":{"line":535,"column":22},"end":{"line":535,"column":36}}},"35":{"name":"(anonymous_35)","line":551,"loc":{"start":{"line":551,"column":19},"end":{"line":551,"column":38}}},"36":{"name":"(anonymous_36)","line":564,"loc":{"start":{"line":564,"column":17},"end":{"line":564,"column":38}}},"37":{"name":"(anonymous_37)","line":581,"loc":{"start":{"line":581,"column":23},"end":{"line":581,"column":42}}},"38":{"name":"(anonymous_38)","line":592,"loc":{"start":{"line":592,"column":15},"end":{"line":592,"column":36}}},"39":{"name":"(anonymous_39)","line":614,"loc":{"start":{"line":614,"column":20},"end":{"line":614,"column":39}}},"40":{"name":"(anonymous_40)","line":640,"loc":{"start":{"line":640,"column":44},"end":{"line":640,"column":69}}},"41":{"name":"(anonymous_41)","line":655,"loc":{"start":{"line":655,"column":23},"end":{"line":655,"column":41}}},"42":{"name":"(anonymous_42)","line":661,"loc":{"start":{"line":661,"column":22},"end":{"line":661,"column":40}}},"43":{"name":"(anonymous_43)","line":681,"loc":{"start":{"line":681,"column":35},"end":{"line":681,"column":63}}},"44":{"name":"(anonymous_44)","line":709,"loc":{"start":{"line":709,"column":18},"end":{"line":709,"column":36}}},"45":{"name":"(anonymous_45)","line":745,"loc":{"start":{"line":745,"column":34},"end":{"line":745,"column":54}}},"46":{"name":"(anonymous_46)","line":754,"loc":{"start":{"line":754,"column":44},"end":{"line":754,"column":76}}},"47":{"name":"(anonymous_47)","line":772,"loc":{"start":{"line":772,"column":21},"end":{"line":772,"column":39}}},"48":{"name":"(anonymous_48)","line":784,"loc":{"start":{"line":784,"column":20},"end":{"line":784,"column":38}}},"49":{"name":"(anonymous_49)","line":799,"loc":{"start":{"line":799,"column":44},"end":{"line":799,"column":72}}},"50":{"name":"(anonymous_50)","line":820,"loc":{"start":{"line":820,"column":21},"end":{"line":820,"column":39}}},"51":{"name":"(anonymous_51)","line":850,"loc":{"start":{"line":850,"column":39},"end":{"line":850,"column":71}}},"52":{"name":"(anonymous_52)","line":861,"loc":{"start":{"line":861,"column":20},"end":{"line":861,"column":39}}},"53":{"name":"(anonymous_53)","line":875,"loc":{"start":{"line":875,"column":17},"end":{"line":875,"column":38}}},"54":{"name":"(anonymous_54)","line":882,"loc":{"start":{"line":882,"column":17},"end":{"line":882,"column":38}}},"55":{"name":"(anonymous_55)","line":903,"loc":{"start":{"line":903,"column":19},"end":{"line":903,"column":37}}},"56":{"name":"(anonymous_56)","line":918,"loc":{"start":{"line":918,"column":34},"end":{"line":918,"column":55}}},"57":{"name":"(anonymous_57)","line":936,"loc":{"start":{"line":936,"column":53},"end":{"line":936,"column":77}}},"58":{"name":"(anonymous_58)","line":956,"loc":{"start":{"line":956,"column":53},"end":{"line":956,"column":77}}},"59":{"name":"(anonymous_59)","line":969,"loc":{"start":{"line":969,"column":18},"end":{"line":969,"column":37}}},"60":{"name":"(anonymous_60)","line":981,"loc":{"start":{"line":981,"column":13},"end":{"line":981,"column":34}}},"61":{"name":"(anonymous_61)","line":1003,"loc":{"start":{"line":1003,"column":19},"end":{"line":1003,"column":37}}},"62":{"name":"(anonymous_62)","line":1013,"loc":{"start":{"line":1013,"column":26},"end":{"line":1013,"column":47}}},"63":{"name":"(anonymous_63)","line":1019,"loc":{"start":{"line":1019,"column":40},"end":{"line":1019,"column":58}}},"64":{"name":"(anonymous_64)","line":1023,"loc":{"start":{"line":1023,"column":57},"end":{"line":1023,"column":71}}},"65":{"name":"(anonymous_65)","line":1050,"loc":{"start":{"line":1050,"column":47},"end":{"line":1050,"column":59}}}},"statementMap":{"1":{"start":{"line":5,"column":0},"end":{"line":17,"column":35}},"2":{"start":{"line":19,"column":0},"end":{"line":19,"column":37}},"3":{"start":{"line":26,"column":0},"end":{"line":26,"column":42}},"4":{"start":{"line":27,"column":0},"end":{"line":27,"column":39}},"5":{"start":{"line":28,"column":0},"end":{"line":28,"column":31}},"6":{"start":{"line":30,"column":0},"end":{"line":30,"column":44}},"7":{"start":{"line":31,"column":0},"end":{"line":31,"column":65}},"8":{"start":{"line":33,"column":0},"end":{"line":33,"column":30}},"9":{"start":{"line":34,"column":0},"end":{"line":34,"column":34}},"10":{"start":{"line":35,"column":0},"end":{"line":35,"column":56}},"11":{"start":{"line":38,"column":0},"end":{"line":38,"column":32}},"12":{"start":{"line":39,"column":0},"end":{"line":39,"column":53}},"13":{"start":{"line":40,"column":0},"end":{"line":40,"column":31}},"14":{"start":{"line":41,"column":0},"end":{"line":41,"column":28}},"15":{"start":{"line":44,"column":0},"end":{"line":44,"column":20}},"16":{"start":{"line":47,"column":0},"end":{"line":49,"column":1}},"17":{"start":{"line":48,"column":4},"end":{"line":48,"column":36}},"18":{"start":{"line":52,"column":0},"end":{"line":54,"column":1}},"19":{"start":{"line":61,"column":0},"end":{"line":61,"column":55}},"20":{"start":{"line":64,"column":0},"end":{"line":77,"column":1}},"21":{"start":{"line":68,"column":4},"end":{"line":76,"column":7}},"22":{"start":{"line":69,"column":8},"end":{"line":69,"column":33}},"23":{"start":{"line":69,"column":16},"end":{"line":69,"column":33}},"24":{"start":{"line":71,"column":8},"end":{"line":75,"column":11}},"25":{"start":{"line":72,"column":12},"end":{"line":72,"column":43}},"26":{"start":{"line":72,"column":20},"end":{"line":72,"column":43}},"27":{"start":{"line":73,"column":12},"end":{"line":73,"column":28}},"28":{"start":{"line":74,"column":12},"end":{"line":74,"column":39}},"29":{"start":{"line":79,"column":0},"end":{"line":87,"column":1}},"30":{"start":{"line":81,"column":4},"end":{"line":81,"column":30}},"31":{"start":{"line":83,"column":4},"end":{"line":86,"column":7}},"32":{"start":{"line":84,"column":8},"end":{"line":84,"column":48}},"33":{"start":{"line":84,"column":26},"end":{"line":84,"column":47}},"34":{"start":{"line":85,"column":8},"end":{"line":85,"column":45}},"35":{"start":{"line":85,"column":18},"end":{"line":85,"column":44}},"36":{"start":{"line":89,"column":0},"end":{"line":95,"column":1}},"37":{"start":{"line":91,"column":4},"end":{"line":94,"column":7}},"38":{"start":{"line":92,"column":8},"end":{"line":92,"column":48}},"39":{"start":{"line":92,"column":26},"end":{"line":92,"column":47}},"40":{"start":{"line":93,"column":8},"end":{"line":93,"column":45}},"41":{"start":{"line":93,"column":18},"end":{"line":93,"column":44}},"42":{"start":{"line":98,"column":0},"end":{"line":113,"column":4}},"43":{"start":{"line":103,"column":4},"end":{"line":113,"column":0}},"44":{"start":{"line":104,"column":8},"end":{"line":104,"column":38}},"45":{"start":{"line":104,"column":19},"end":{"line":104,"column":36}},"46":{"start":{"line":105,"column":8},"end":{"line":105,"column":89}},"47":{"start":{"line":105,"column":21},"end":{"line":105,"column":87}},"48":{"start":{"line":108,"column":8},"end":{"line":111,"column":11}},"49":{"start":{"line":109,"column":12},"end":{"line":109,"column":94}},"50":{"start":{"line":109,"column":33},"end":{"line":109,"column":94}},"51":{"start":{"line":110,"column":12},"end":{"line":110,"column":36}},"52":{"start":{"line":116,"column":0},"end":{"line":118,"column":3}},"53":{"start":{"line":117,"column":4},"end":{"line":117,"column":25}},"54":{"start":{"line":120,"column":0},"end":{"line":124,"column":3}},"55":{"start":{"line":121,"column":4},"end":{"line":123,"column":7}},"56":{"start":{"line":122,"column":8},"end":{"line":122,"column":24}},"57":{"start":{"line":131,"column":0},"end":{"line":134,"column":3}},"58":{"start":{"line":132,"column":4},"end":{"line":132,"column":71}},"59":{"start":{"line":133,"column":4},"end":{"line":133,"column":23}},"60":{"start":{"line":137,"column":0},"end":{"line":145,"column":3}},"61":{"start":{"line":138,"column":4},"end":{"line":143,"column":5}},"62":{"start":{"line":139,"column":8},"end":{"line":139,"column":77}},"63":{"start":{"line":140,"column":8},"end":{"line":140,"column":21}},"64":{"start":{"line":142,"column":8},"end":{"line":142,"column":62}},"65":{"start":{"line":144,"column":4},"end":{"line":144,"column":18}},"66":{"start":{"line":148,"column":0},"end":{"line":150,"column":3}},"67":{"start":{"line":149,"column":4},"end":{"line":149,"column":53}},"68":{"start":{"line":170,"column":0},"end":{"line":200,"column":1}},"69":{"start":{"line":172,"column":4},"end":{"line":172,"column":19}},"70":{"start":{"line":173,"column":4},"end":{"line":173,"column":21}},"71":{"start":{"line":174,"column":4},"end":{"line":174,"column":38}},"72":{"start":{"line":175,"column":4},"end":{"line":175,"column":42}},"73":{"start":{"line":180,"column":4},"end":{"line":180,"column":115}},"74":{"start":{"line":181,"column":4},"end":{"line":181,"column":109}},"75":{"start":{"line":183,"column":4},"end":{"line":183,"column":67}},"76":{"start":{"line":183,"column":18},"end":{"line":183,"column":66}},"77":{"start":{"line":184,"column":4},"end":{"line":184,"column":67}},"78":{"start":{"line":184,"column":20},"end":{"line":184,"column":66}},"79":{"start":{"line":189,"column":4},"end":{"line":191,"column":5}},"80":{"start":{"line":190,"column":8},"end":{"line":190,"column":122}},"81":{"start":{"line":192,"column":4},"end":{"line":194,"column":5}},"82":{"start":{"line":193,"column":8},"end":{"line":193,"column":124}},"83":{"start":{"line":196,"column":4},"end":{"line":198,"column":5}},"84":{"start":{"line":197,"column":8},"end":{"line":197,"column":29}},"85":{"start":{"line":199,"column":4},"end":{"line":199,"column":17}},"86":{"start":{"line":208,"column":0},"end":{"line":208,"column":27}},"87":{"start":{"line":209,"column":0},"end":{"line":209,"column":44}},"88":{"start":{"line":212,"column":0},"end":{"line":212,"column":31}},"89":{"start":{"line":215,"column":0},"end":{"line":508,"column":3}},"90":{"start":{"line":218,"column":4},"end":{"line":218,"column":38}},"91":{"start":{"line":220,"column":4},"end":{"line":507,"column":7}},"92":{"start":{"line":223,"column":8},"end":{"line":226,"column":9}},"93":{"start":{"line":224,"column":12},"end":{"line":224,"column":30}},"94":{"start":{"line":225,"column":12},"end":{"line":225,"column":22}},"95":{"start":{"line":228,"column":8},"end":{"line":506,"column":9}},"96":{"start":{"line":230,"column":12},"end":{"line":230,"column":29}},"97":{"start":{"line":231,"column":12},"end":{"line":231,"column":25}},"98":{"start":{"line":232,"column":12},"end":{"line":417,"column":28}},"99":{"start":{"line":419,"column":12},"end":{"line":419,"column":27}},"100":{"start":{"line":420,"column":12},"end":{"line":501,"column":13}},"101":{"start":{"line":421,"column":16},"end":{"line":421,"column":27}},"102":{"start":{"line":423,"column":16},"end":{"line":423,"column":34}},"103":{"start":{"line":424,"column":16},"end":{"line":424,"column":61}},"104":{"start":{"line":425,"column":16},"end":{"line":425,"column":96}},"105":{"start":{"line":426,"column":16},"end":{"line":426,"column":94}},"106":{"start":{"line":427,"column":16},"end":{"line":427,"column":86}},"107":{"start":{"line":428,"column":16},"end":{"line":428,"column":103}},"108":{"start":{"line":429,"column":16},"end":{"line":429,"column":82}},"109":{"start":{"line":430,"column":16},"end":{"line":430,"column":94}},"110":{"start":{"line":431,"column":16},"end":{"line":431,"column":80}},"111":{"start":{"line":434,"column":16},"end":{"line":434,"column":134}},"112":{"start":{"line":434,"column":96},"end":{"line":434,"column":113}},"113":{"start":{"line":435,"column":16},"end":{"line":435,"column":134}},"114":{"start":{"line":435,"column":96},"end":{"line":435,"column":113}},"115":{"start":{"line":436,"column":16},"end":{"line":436,"column":72}},"116":{"start":{"line":437,"column":16},"end":{"line":437,"column":71}},"117":{"start":{"line":438,"column":16},"end":{"line":438,"column":73}},"118":{"start":{"line":441,"column":16},"end":{"line":441,"column":140}},"119":{"start":{"line":441,"column":102},"end":{"line":441,"column":119}},"120":{"start":{"line":444,"column":16},"end":{"line":444,"column":74}},"121":{"start":{"line":445,"column":16},"end":{"line":445,"column":108}},"122":{"start":{"line":446,"column":16},"end":{"line":462,"column":47}},"123":{"start":{"line":449,"column":28},"end":{"line":449,"column":43}},"124":{"start":{"line":450,"column":28},"end":{"line":450,"column":135}},"125":{"start":{"line":450,"column":99},"end":{"line":450,"column":116}},"126":{"start":{"line":451,"column":28},"end":{"line":451,"column":125}},"127":{"start":{"line":451,"column":89},"end":{"line":451,"column":106}},"128":{"start":{"line":452,"column":28},"end":{"line":452,"column":128}},"129":{"start":{"line":452,"column":92},"end":{"line":452,"column":109}},"130":{"start":{"line":453,"column":28},"end":{"line":453,"column":116}},"131":{"start":{"line":453,"column":80},"end":{"line":453,"column":97}},"132":{"start":{"line":455,"column":28},"end":{"line":459,"column":48}},"133":{"start":{"line":461,"column":28},"end":{"line":461,"column":41}},"134":{"start":{"line":465,"column":24},"end":{"line":465,"column":150}},"135":{"start":{"line":466,"column":24},"end":{"line":466,"column":100}},"136":{"start":{"line":467,"column":24},"end":{"line":467,"column":108}},"137":{"start":{"line":468,"column":24},"end":{"line":468,"column":124}},"138":{"start":{"line":469,"column":24},"end":{"line":469,"column":100}},"139":{"start":{"line":470,"column":24},"end":{"line":470,"column":110}},"140":{"start":{"line":471,"column":24},"end":{"line":471,"column":129}},"141":{"start":{"line":472,"column":24},"end":{"line":472,"column":106}},"142":{"start":{"line":473,"column":24},"end":{"line":473,"column":129}},"143":{"start":{"line":474,"column":24},"end":{"line":474,"column":102}},"144":{"start":{"line":475,"column":24},"end":{"line":475,"column":144}},"145":{"start":{"line":478,"column":24},"end":{"line":478,"column":150}},"146":{"start":{"line":478,"column":112},"end":{"line":478,"column":129}},"147":{"start":{"line":479,"column":24},"end":{"line":479,"column":166}},"148":{"start":{"line":479,"column":128},"end":{"line":479,"column":145}},"149":{"start":{"line":480,"column":24},"end":{"line":480,"column":150}},"150":{"start":{"line":481,"column":24},"end":{"line":481,"column":170}},"151":{"start":{"line":481,"column":132},"end":{"line":481,"column":149}},"152":{"start":{"line":482,"column":24},"end":{"line":482,"column":112}},"153":{"start":{"line":483,"column":24},"end":{"line":483,"column":136}},"154":{"start":{"line":484,"column":24},"end":{"line":484,"column":132}},"155":{"start":{"line":485,"column":24},"end":{"line":485,"column":104}},"156":{"start":{"line":488,"column":24},"end":{"line":488,"column":191}},"157":{"start":{"line":488,"column":148},"end":{"line":488,"column":170}},"158":{"start":{"line":491,"column":24},"end":{"line":491,"column":133}},"159":{"start":{"line":492,"column":24},"end":{"line":492,"column":119}},"160":{"start":{"line":493,"column":24},"end":{"line":493,"column":121}},"161":{"start":{"line":494,"column":24},"end":{"line":494,"column":131}},"162":{"start":{"line":495,"column":24},"end":{"line":495,"column":127}},"163":{"start":{"line":496,"column":24},"end":{"line":496,"column":153}},"164":{"start":{"line":497,"column":24},"end":{"line":497,"column":149}},"165":{"start":{"line":498,"column":24},"end":{"line":498,"column":129}},"166":{"start":{"line":499,"column":24},"end":{"line":499,"column":119}},"167":{"start":{"line":502,"column":12},"end":{"line":502,"column":49}},"168":{"start":{"line":503,"column":12},"end":{"line":503,"column":76}},"169":{"start":{"line":504,"column":12},"end":{"line":504,"column":90}},"170":{"start":{"line":505,"column":12},"end":{"line":505,"column":38}},"171":{"start":{"line":521,"column":0},"end":{"line":543,"column":3}},"172":{"start":{"line":522,"column":4},"end":{"line":522,"column":26}},"173":{"start":{"line":523,"column":4},"end":{"line":529,"column":6}},"174":{"start":{"line":530,"column":4},"end":{"line":534,"column":7}},"175":{"start":{"line":531,"column":8},"end":{"line":533,"column":11}},"176":{"start":{"line":535,"column":4},"end":{"line":539,"column":7}},"177":{"start":{"line":537,"column":8},"end":{"line":537,"column":46}},"178":{"start":{"line":538,"column":8},"end":{"line":538,"column":22}},"179":{"start":{"line":540,"column":4},"end":{"line":542,"column":7}},"180":{"start":{"line":551,"column":0},"end":{"line":574,"column":3}},"181":{"start":{"line":553,"column":4},"end":{"line":553,"column":36}},"182":{"start":{"line":555,"column":4},"end":{"line":555,"column":48}},"183":{"start":{"line":557,"column":4},"end":{"line":573,"column":5}},"184":{"start":{"line":559,"column":8},"end":{"line":559,"column":42}},"185":{"start":{"line":561,"column":8},"end":{"line":572,"column":11}},"186":{"start":{"line":565,"column":12},"end":{"line":571,"column":13}},"187":{"start":{"line":567,"column":16},"end":{"line":567,"column":34}},"188":{"start":{"line":568,"column":16},"end":{"line":568,"column":26}},"189":{"start":{"line":570,"column":16},"end":{"line":570,"column":32}},"190":{"start":{"line":581,"column":0},"end":{"line":603,"column":3}},"191":{"start":{"line":583,"column":4},"end":{"line":583,"column":36}},"192":{"start":{"line":585,"column":4},"end":{"line":585,"column":48}},"193":{"start":{"line":587,"column":4},"end":{"line":602,"column":5}},"194":{"start":{"line":589,"column":8},"end":{"line":589,"column":42}},"195":{"start":{"line":591,"column":8},"end":{"line":601,"column":11}},"196":{"start":{"line":595,"column":12},"end":{"line":600,"column":13}},"197":{"start":{"line":596,"column":16},"end":{"line":596,"column":30}},"198":{"start":{"line":598,"column":16},"end":{"line":598,"column":52}},"199":{"start":{"line":599,"column":16},"end":{"line":599,"column":43}},"200":{"start":{"line":614,"column":0},"end":{"line":649,"column":3}},"201":{"start":{"line":616,"column":4},"end":{"line":619,"column":5}},"202":{"start":{"line":617,"column":8},"end":{"line":617,"column":22}},"203":{"start":{"line":618,"column":8},"end":{"line":618,"column":15}},"204":{"start":{"line":621,"column":4},"end":{"line":621,"column":24}},"205":{"start":{"line":623,"column":4},"end":{"line":626,"column":5}},"206":{"start":{"line":624,"column":8},"end":{"line":624,"column":22}},"207":{"start":{"line":625,"column":8},"end":{"line":625,"column":15}},"208":{"start":{"line":630,"column":4},"end":{"line":635,"column":5}},"209":{"start":{"line":631,"column":8},"end":{"line":631,"column":41}},"210":{"start":{"line":633,"column":8},"end":{"line":633,"column":22}},"211":{"start":{"line":634,"column":8},"end":{"line":634,"column":15}},"212":{"start":{"line":637,"column":4},"end":{"line":637,"column":36}},"213":{"start":{"line":638,"column":4},"end":{"line":638,"column":37}},"214":{"start":{"line":640,"column":4},"end":{"line":648,"column":7}},"215":{"start":{"line":641,"column":8},"end":{"line":647,"column":9}},"216":{"start":{"line":642,"column":12},"end":{"line":642,"column":56}},"217":{"start":{"line":643,"column":12},"end":{"line":643,"column":26}},"218":{"start":{"line":645,"column":12},"end":{"line":645,"column":46}},"219":{"start":{"line":646,"column":12},"end":{"line":646,"column":31}},"220":{"start":{"line":655,"column":0},"end":{"line":659,"column":3}},"221":{"start":{"line":656,"column":4},"end":{"line":656,"column":51}},"222":{"start":{"line":657,"column":4},"end":{"line":657,"column":57}},"223":{"start":{"line":658,"column":4},"end":{"line":658,"column":14}},"224":{"start":{"line":661,"column":0},"end":{"line":693,"column":3}},"225":{"start":{"line":663,"column":4},"end":{"line":663,"column":11}},"226":{"start":{"line":665,"column":4},"end":{"line":668,"column":5}},"227":{"start":{"line":666,"column":8},"end":{"line":666,"column":22}},"228":{"start":{"line":667,"column":8},"end":{"line":667,"column":15}},"229":{"start":{"line":669,"column":4},"end":{"line":672,"column":5}},"230":{"start":{"line":670,"column":8},"end":{"line":670,"column":22}},"231":{"start":{"line":671,"column":8},"end":{"line":671,"column":15}},"232":{"start":{"line":673,"column":4},"end":{"line":678,"column":5}},"233":{"start":{"line":674,"column":8},"end":{"line":674,"column":39}},"234":{"start":{"line":676,"column":8},"end":{"line":676,"column":22}},"235":{"start":{"line":677,"column":8},"end":{"line":677,"column":15}},"236":{"start":{"line":679,"column":4},"end":{"line":679,"column":32}},"237":{"start":{"line":681,"column":4},"end":{"line":692,"column":7}},"238":{"start":{"line":682,"column":8},"end":{"line":691,"column":9}},"239":{"start":{"line":683,"column":12},"end":{"line":683,"column":42}},"240":{"start":{"line":684,"column":12},"end":{"line":684,"column":38}},"241":{"start":{"line":689,"column":12},"end":{"line":689,"column":45}},"242":{"start":{"line":690,"column":12},"end":{"line":690,"column":36}},"243":{"start":{"line":709,"column":0},"end":{"line":766,"column":3}},"244":{"start":{"line":711,"column":4},"end":{"line":714,"column":5}},"245":{"start":{"line":712,"column":8},"end":{"line":712,"column":22}},"246":{"start":{"line":713,"column":8},"end":{"line":713,"column":15}},"247":{"start":{"line":718,"column":4},"end":{"line":718,"column":37}},"248":{"start":{"line":719,"column":4},"end":{"line":719,"column":37}},"249":{"start":{"line":720,"column":4},"end":{"line":720,"column":29}},"250":{"start":{"line":722,"column":4},"end":{"line":725,"column":5}},"251":{"start":{"line":723,"column":8},"end":{"line":723,"column":22}},"252":{"start":{"line":724,"column":8},"end":{"line":724,"column":15}},"253":{"start":{"line":728,"column":4},"end":{"line":731,"column":5}},"254":{"start":{"line":729,"column":8},"end":{"line":729,"column":22}},"255":{"start":{"line":730,"column":8},"end":{"line":730,"column":15}},"256":{"start":{"line":734,"column":4},"end":{"line":736,"column":5}},"257":{"start":{"line":735,"column":8},"end":{"line":735,"column":25}},"258":{"start":{"line":739,"column":4},"end":{"line":739,"column":21}},"259":{"start":{"line":740,"column":4},"end":{"line":740,"column":44}},"260":{"start":{"line":741,"column":4},"end":{"line":741,"column":26}},"261":{"start":{"line":742,"column":4},"end":{"line":742,"column":23}},"262":{"start":{"line":743,"column":4},"end":{"line":743,"column":35}},"263":{"start":{"line":745,"column":4},"end":{"line":765,"column":7}},"264":{"start":{"line":748,"column":8},"end":{"line":748,"column":88}},"265":{"start":{"line":750,"column":8},"end":{"line":764,"column":9}},"266":{"start":{"line":751,"column":12},"end":{"line":751,"column":55}},"267":{"start":{"line":752,"column":12},"end":{"line":752,"column":38}},"268":{"start":{"line":754,"column":12},"end":{"line":763,"column":15}},"269":{"start":{"line":755,"column":16},"end":{"line":762,"column":17}},"270":{"start":{"line":756,"column":20},"end":{"line":756,"column":68}},"271":{"start":{"line":757,"column":20},"end":{"line":757,"column":46}},"272":{"start":{"line":759,"column":20},"end":{"line":759,"column":88}},"273":{"start":{"line":761,"column":20},"end":{"line":761,"column":37}},"274":{"start":{"line":772,"column":0},"end":{"line":776,"column":3}},"275":{"start":{"line":773,"column":4},"end":{"line":773,"column":51}},"276":{"start":{"line":774,"column":4},"end":{"line":774,"column":57}},"277":{"start":{"line":775,"column":4},"end":{"line":775,"column":14}},"278":{"start":{"line":784,"column":0},"end":{"line":808,"column":3}},"279":{"start":{"line":786,"column":4},"end":{"line":789,"column":5}},"280":{"start":{"line":787,"column":8},"end":{"line":787,"column":22}},"281":{"start":{"line":788,"column":8},"end":{"line":788,"column":15}},"282":{"start":{"line":791,"column":4},"end":{"line":794,"column":5}},"283":{"start":{"line":792,"column":8},"end":{"line":792,"column":22}},"284":{"start":{"line":793,"column":8},"end":{"line":793,"column":15}},"285":{"start":{"line":795,"column":4},"end":{"line":795,"column":38}},"286":{"start":{"line":797,"column":4},"end":{"line":797,"column":38}},"287":{"start":{"line":799,"column":4},"end":{"line":807,"column":7}},"288":{"start":{"line":800,"column":8},"end":{"line":806,"column":9}},"289":{"start":{"line":801,"column":12},"end":{"line":801,"column":42}},"290":{"start":{"line":802,"column":12},"end":{"line":802,"column":38}},"291":{"start":{"line":804,"column":12},"end":{"line":804,"column":45}},"292":{"start":{"line":805,"column":12},"end":{"line":805,"column":36}},"293":{"start":{"line":820,"column":0},"end":{"line":859,"column":3}},"294":{"start":{"line":822,"column":4},"end":{"line":825,"column":5}},"295":{"start":{"line":823,"column":8},"end":{"line":823,"column":22}},"296":{"start":{"line":824,"column":8},"end":{"line":824,"column":15}},"297":{"start":{"line":827,"column":4},"end":{"line":827,"column":24}},"298":{"start":{"line":829,"column":4},"end":{"line":832,"column":5}},"299":{"start":{"line":830,"column":8},"end":{"line":830,"column":22}},"300":{"start":{"line":831,"column":8},"end":{"line":831,"column":15}},"301":{"start":{"line":834,"column":4},"end":{"line":839,"column":5}},"302":{"start":{"line":835,"column":8},"end":{"line":835,"column":41}},"303":{"start":{"line":837,"column":8},"end":{"line":837,"column":22}},"304":{"start":{"line":838,"column":8},"end":{"line":838,"column":15}},"305":{"start":{"line":841,"column":4},"end":{"line":841,"column":21}},"306":{"start":{"line":842,"column":4},"end":{"line":842,"column":39}},"307":{"start":{"line":843,"column":4},"end":{"line":843,"column":26}},"308":{"start":{"line":844,"column":4},"end":{"line":844,"column":23}},"309":{"start":{"line":845,"column":4},"end":{"line":845,"column":30}},"310":{"start":{"line":846,"column":4},"end":{"line":846,"column":34}},"311":{"start":{"line":850,"column":4},"end":{"line":858,"column":7}},"312":{"start":{"line":851,"column":8},"end":{"line":857,"column":9}},"313":{"start":{"line":852,"column":12},"end":{"line":852,"column":65}},"314":{"start":{"line":853,"column":12},"end":{"line":853,"column":38}},"315":{"start":{"line":855,"column":12},"end":{"line":855,"column":73}},"316":{"start":{"line":856,"column":12},"end":{"line":856,"column":29}},"317":{"start":{"line":861,"column":0},"end":{"line":886,"column":3}},"318":{"start":{"line":863,"column":4},"end":{"line":863,"column":34}},"319":{"start":{"line":864,"column":4},"end":{"line":864,"column":39}},"320":{"start":{"line":866,"column":4},"end":{"line":885,"column":5}},"321":{"start":{"line":867,"column":8},"end":{"line":867,"column":52}},"322":{"start":{"line":868,"column":8},"end":{"line":868,"column":58}},"323":{"start":{"line":869,"column":8},"end":{"line":869,"column":68}},"324":{"start":{"line":874,"column":8},"end":{"line":878,"column":4}},"325":{"start":{"line":876,"column":12},"end":{"line":876,"column":28}},"326":{"start":{"line":878,"column":10},"end":{"line":885,"column":5}},"327":{"start":{"line":879,"column":8},"end":{"line":879,"column":48}},"328":{"start":{"line":881,"column":8},"end":{"line":885,"column":4}},"329":{"start":{"line":883,"column":12},"end":{"line":883,"column":28}},"330":{"start":{"line":903,"column":0},"end":{"line":967,"column":3}},"331":{"start":{"line":905,"column":4},"end":{"line":908,"column":5}},"332":{"start":{"line":906,"column":8},"end":{"line":906,"column":22}},"333":{"start":{"line":907,"column":8},"end":{"line":907,"column":15}},"334":{"start":{"line":910,"column":4},"end":{"line":910,"column":24}},"335":{"start":{"line":912,"column":4},"end":{"line":915,"column":5}},"336":{"start":{"line":913,"column":8},"end":{"line":913,"column":22}},"337":{"start":{"line":914,"column":8},"end":{"line":914,"column":15}},"338":{"start":{"line":917,"column":4},"end":{"line":917,"column":68}},"339":{"start":{"line":918,"column":4},"end":{"line":966,"column":7}},"340":{"start":{"line":920,"column":8},"end":{"line":965,"column":9}},"341":{"start":{"line":925,"column":12},"end":{"line":925,"column":29}},"342":{"start":{"line":926,"column":12},"end":{"line":926,"column":44}},"343":{"start":{"line":927,"column":12},"end":{"line":935,"column":14}},"344":{"start":{"line":936,"column":12},"end":{"line":944,"column":15}},"345":{"start":{"line":937,"column":16},"end":{"line":943,"column":17}},"346":{"start":{"line":938,"column":20},"end":{"line":938,"column":65}},"347":{"start":{"line":939,"column":20},"end":{"line":939,"column":34}},"348":{"start":{"line":941,"column":20},"end":{"line":941,"column":55}},"349":{"start":{"line":942,"column":20},"end":{"line":942,"column":38}},"350":{"start":{"line":948,"column":12},"end":{"line":948,"column":29}},"351":{"start":{"line":949,"column":12},"end":{"line":949,"column":73}},"352":{"start":{"line":950,"column":12},"end":{"line":955,"column":14}},"353":{"start":{"line":956,"column":12},"end":{"line":964,"column":15}},"354":{"start":{"line":957,"column":16},"end":{"line":963,"column":17}},"355":{"start":{"line":958,"column":20},"end":{"line":958,"column":65}},"356":{"start":{"line":959,"column":20},"end":{"line":959,"column":34}},"357":{"start":{"line":961,"column":20},"end":{"line":961,"column":54}},"358":{"start":{"line":962,"column":20},"end":{"line":962,"column":38}},"359":{"start":{"line":969,"column":0},"end":{"line":990,"column":3}},"360":{"start":{"line":971,"column":4},"end":{"line":971,"column":30}},"361":{"start":{"line":972,"column":4},"end":{"line":972,"column":19}},"362":{"start":{"line":974,"column":4},"end":{"line":977,"column":5}},"363":{"start":{"line":976,"column":8},"end":{"line":977,"column":4}},"364":{"start":{"line":978,"column":4},"end":{"line":978,"column":62}},"365":{"start":{"line":980,"column":4},"end":{"line":990,"column":0}},"366":{"start":{"line":983,"column":8},"end":{"line":988,"column":9}},"367":{"start":{"line":984,"column":12},"end":{"line":984,"column":56}},"368":{"start":{"line":985,"column":12},"end":{"line":985,"column":26}},"369":{"start":{"line":987,"column":12},"end":{"line":987,"column":28}},"370":{"start":{"line":1003,"column":0},"end":{"line":1037,"column":3}},"371":{"start":{"line":1005,"column":4},"end":{"line":1007,"column":5}},"372":{"start":{"line":1006,"column":8},"end":{"line":1006,"column":22}},"373":{"start":{"line":1009,"column":4},"end":{"line":1009,"column":39}},"374":{"start":{"line":1010,"column":4},"end":{"line":1010,"column":52}},"375":{"start":{"line":1011,"column":4},"end":{"line":1011,"column":35}},"376":{"start":{"line":1013,"column":4},"end":{"line":1037,"column":0}},"377":{"start":{"line":1014,"column":8},"end":{"line":1035,"column":9}},"378":{"start":{"line":1015,"column":12},"end":{"line":1015,"column":30}},"379":{"start":{"line":1016,"column":12},"end":{"line":1016,"column":26}},"380":{"start":{"line":1019,"column":12},"end":{"line":1035,"column":8}},"381":{"start":{"line":1020,"column":16},"end":{"line":1033,"column":17}},"382":{"start":{"line":1021,"column":20},"end":{"line":1021,"column":34}},"383":{"start":{"line":1023,"column":20},"end":{"line":1033,"column":16}},"384":{"start":{"line":1024,"column":24},"end":{"line":1031,"column":25}},"385":{"start":{"line":1025,"column":28},"end":{"line":1025,"column":46}},"386":{"start":{"line":1026,"column":28},"end":{"line":1026,"column":54}},"387":{"start":{"line":1028,"column":28},"end":{"line":1028,"column":82}},"388":{"start":{"line":1029,"column":28},"end":{"line":1029,"column":72}},"389":{"start":{"line":1030,"column":28},"end":{"line":1030,"column":54}},"390":{"start":{"line":1044,"column":0},"end":{"line":1044,"column":27}},"391":{"start":{"line":1050,"column":0},"end":{"line":1052,"column":3}},"392":{"start":{"line":1051,"column":4},"end":{"line":1051,"column":71}}},"branchMap":{"1":{"line":26,"type":"binary-expr","locations":[{"start":{"line":26,"column":16},"end":{"line":26,"column":32}},{"start":{"line":26,"column":36},"end":{"line":26,"column":40}}]},"2":{"line":47,"type":"if","locations":[{"start":{"line":47,"column":0},"end":{"line":47,"column":0}},{"start":{"line":47,"column":0},"end":{"line":47,"column":0}}]},"3":{"line":52,"type":"if","locations":[{"start":{"line":52,"column":0},"end":{"line":52,"column":0}},{"start":{"line":52,"column":0},"end":{"line":52,"column":0}}]},"4":{"line":69,"type":"if","locations":[{"start":{"line":69,"column":8},"end":{"line":69,"column":8}},{"start":{"line":69,"column":8},"end":{"line":69,"column":8}}]},"5":{"line":72,"type":"if","locations":[{"start":{"line":72,"column":12},"end":{"line":72,"column":12}},{"start":{"line":72,"column":12},"end":{"line":72,"column":12}}]},"6":{"line":84,"type":"if","locations":[{"start":{"line":84,"column":8},"end":{"line":84,"column":8}},{"start":{"line":84,"column":8},"end":{"line":84,"column":8}}]},"7":{"line":84,"type":"binary-expr","locations":[{"start":{"line":84,"column":11},"end":{"line":84,"column":14}},{"start":{"line":84,"column":18},"end":{"line":84,"column":24}}]},"8":{"line":85,"type":"if","locations":[{"start":{"line":85,"column":8},"end":{"line":85,"column":8}},{"start":{"line":85,"column":8},"end":{"line":85,"column":8}}]},"9":{"line":92,"type":"if","locations":[{"start":{"line":92,"column":8},"end":{"line":92,"column":8}},{"start":{"line":92,"column":8},"end":{"line":92,"column":8}}]},"10":{"line":92,"type":"binary-expr","locations":[{"start":{"line":92,"column":11},"end":{"line":92,"column":14}},{"start":{"line":92,"column":18},"end":{"line":92,"column":24}}]},"11":{"line":93,"type":"if","locations":[{"start":{"line":93,"column":8},"end":{"line":93,"column":8}},{"start":{"line":93,"column":8},"end":{"line":93,"column":8}}]},"12":{"line":104,"type":"if","locations":[{"start":{"line":104,"column":8},"end":{"line":104,"column":8}},{"start":{"line":104,"column":8},"end":{"line":104,"column":8}}]},"13":{"line":105,"type":"if","locations":[{"start":{"line":105,"column":8},"end":{"line":105,"column":8}},{"start":{"line":105,"column":8},"end":{"line":105,"column":8}}]},"14":{"line":109,"type":"if","locations":[{"start":{"line":109,"column":12},"end":{"line":109,"column":12}},{"start":{"line":109,"column":12},"end":{"line":109,"column":12}}]},"15":{"line":109,"type":"binary-expr","locations":[{"start":{"line":109,"column":15},"end":{"line":109,"column":18}},{"start":{"line":109,"column":22},"end":{"line":109,"column":30}}]},"16":{"line":138,"type":"if","locations":[{"start":{"line":138,"column":4},"end":{"line":138,"column":4}},{"start":{"line":138,"column":4},"end":{"line":138,"column":4}}]},"17":{"line":149,"type":"cond-expr","locations":[{"start":{"line":149,"column":37},"end":{"line":149,"column":45}},{"start":{"line":149,"column":48},"end":{"line":149,"column":51}}]},"18":{"line":180,"type":"cond-expr","locations":[{"start":{"line":180,"column":44},"end":{"line":180,"column":107}},{"start":{"line":180,"column":110},"end":{"line":180,"column":114}}]},"19":{"line":181,"type":"cond-expr","locations":[{"start":{"line":181,"column":40},"end":{"line":181,"column":101}},{"start":{"line":181,"column":104},"end":{"line":181,"column":108}}]},"20":{"line":183,"type":"if","locations":[{"start":{"line":183,"column":4},"end":{"line":183,"column":4}},{"start":{"line":183,"column":4},"end":{"line":183,"column":4}}]},"21":{"line":184,"type":"if","locations":[{"start":{"line":184,"column":4},"end":{"line":184,"column":4}},{"start":{"line":184,"column":4},"end":{"line":184,"column":4}}]},"22":{"line":189,"type":"if","locations":[{"start":{"line":189,"column":4},"end":{"line":189,"column":4}},{"start":{"line":189,"column":4},"end":{"line":189,"column":4}}]},"23":{"line":192,"type":"if","locations":[{"start":{"line":192,"column":4},"end":{"line":192,"column":4}},{"start":{"line":192,"column":4},"end":{"line":192,"column":4}}]},"24":{"line":196,"type":"if","locations":[{"start":{"line":196,"column":4},"end":{"line":196,"column":4}},{"start":{"line":196,"column":4},"end":{"line":196,"column":4}}]},"25":{"line":223,"type":"if","locations":[{"start":{"line":223,"column":8},"end":{"line":223,"column":8}},{"start":{"line":223,"column":8},"end":{"line":223,"column":8}}]},"26":{"line":223,"type":"binary-expr","locations":[{"start":{"line":223,"column":11},"end":{"line":223,"column":14}},{"start":{"line":223,"column":18},"end":{"line":223,"column":24}}]},"27":{"line":228,"type":"if","locations":[{"start":{"line":228,"column":8},"end":{"line":228,"column":8}},{"start":{"line":228,"column":8},"end":{"line":228,"column":8}}]},"28":{"line":425,"type":"cond-expr","locations":[{"start":{"line":425,"column":65},"end":{"line":425,"column":88}},{"start":{"line":425,"column":91},"end":{"line":425,"column":95}}]},"29":{"line":426,"type":"cond-expr","locations":[{"start":{"line":426,"column":64},"end":{"line":426,"column":86}},{"start":{"line":426,"column":89},"end":{"line":426,"column":93}}]},"30":{"line":427,"type":"cond-expr","locations":[{"start":{"line":427,"column":60},"end":{"line":427,"column":78}},{"start":{"line":427,"column":81},"end":{"line":427,"column":85}}]},"31":{"line":428,"type":"cond-expr","locations":[{"start":{"line":428,"column":77},"end":{"line":428,"column":95}},{"start":{"line":428,"column":98},"end":{"line":428,"column":102}}]},"32":{"line":428,"type":"binary-expr","locations":[{"start":{"line":428,"column":38},"end":{"line":428,"column":51}},{"start":{"line":428,"column":55},"end":{"line":428,"column":73}}]},"33":{"line":429,"type":"cond-expr","locations":[{"start":{"line":429,"column":58},"end":{"line":429,"column":74}},{"start":{"line":429,"column":77},"end":{"line":429,"column":81}}]},"34":{"line":430,"type":"cond-expr","locations":[{"start":{"line":430,"column":64},"end":{"line":430,"column":86}},{"start":{"line":430,"column":89},"end":{"line":430,"column":93}}]},"35":{"line":431,"type":"cond-expr","locations":[{"start":{"line":431,"column":57},"end":{"line":431,"column":72}},{"start":{"line":431,"column":75},"end":{"line":431,"column":79}}]},"36":{"line":434,"type":"cond-expr","locations":[{"start":{"line":434,"column":59},"end":{"line":434,"column":126}},{"start":{"line":434,"column":129},"end":{"line":434,"column":133}}]},"37":{"line":435,"type":"cond-expr","locations":[{"start":{"line":435,"column":59},"end":{"line":435,"column":126}},{"start":{"line":435,"column":129},"end":{"line":435,"column":133}}]},"38":{"line":436,"type":"cond-expr","locations":[{"start":{"line":436,"column":60},"end":{"line":436,"column":64}},{"start":{"line":436,"column":67},"end":{"line":436,"column":71}}]},"39":{"line":437,"type":"cond-expr","locations":[{"start":{"line":437,"column":59},"end":{"line":437,"column":63}},{"start":{"line":437,"column":66},"end":{"line":437,"column":70}}]},"40":{"line":438,"type":"cond-expr","locations":[{"start":{"line":438,"column":61},"end":{"line":438,"column":65}},{"start":{"line":438,"column":68},"end":{"line":438,"column":72}}]},"41":{"line":441,"type":"cond-expr","locations":[{"start":{"line":441,"column":62},"end":{"line":441,"column":132}},{"start":{"line":441,"column":135},"end":{"line":441,"column":139}}]},"42":{"line":444,"type":"cond-expr","locations":[{"start":{"line":444,"column":62},"end":{"line":444,"column":66}},{"start":{"line":444,"column":69},"end":{"line":444,"column":73}}]},"43":{"line":445,"type":"cond-expr","locations":[{"start":{"line":445,"column":71},"end":{"line":445,"column":100}},{"start":{"line":445,"column":103},"end":{"line":445,"column":107}}]},"44":{"line":446,"type":"cond-expr","locations":[{"start":{"line":447,"column":24},"end":{"line":462,"column":39}},{"start":{"line":462,"column":42},"end":{"line":462,"column":46}}]},"45":{"line":446,"type":"binary-expr","locations":[{"start":{"line":446,"column":38},"end":{"line":446,"column":56}},{"start":{"line":446,"column":60},"end":{"line":446,"column":96}}]},"46":{"line":450,"type":"cond-expr","locations":[{"start":{"line":450,"column":63},"end":{"line":450,"column":129}},{"start":{"line":450,"column":132},"end":{"line":450,"column":134}}]},"47":{"line":451,"type":"cond-expr","locations":[{"start":{"line":451,"column":58},"end":{"line":451,"column":119}},{"start":{"line":451,"column":122},"end":{"line":451,"column":124}}]},"48":{"line":452,"type":"cond-expr","locations":[{"start":{"line":452,"column":60},"end":{"line":452,"column":122}},{"start":{"line":452,"column":125},"end":{"line":452,"column":127}}]},"49":{"line":453,"type":"cond-expr","locations":[{"start":{"line":453,"column":52},"end":{"line":453,"column":110}},{"start":{"line":453,"column":113},"end":{"line":453,"column":115}}]},"50":{"line":465,"type":"cond-expr","locations":[{"start":{"line":465,"column":111},"end":{"line":465,"column":142}},{"start":{"line":465,"column":145},"end":{"line":465,"column":149}}]},"51":{"line":465,"type":"binary-expr","locations":[{"start":{"line":465,"column":46},"end":{"line":465,"column":72}},{"start":{"line":465,"column":76},"end":{"line":465,"column":107}}]},"52":{"line":466,"type":"cond-expr","locations":[{"start":{"line":466,"column":71},"end":{"line":466,"column":92}},{"start":{"line":466,"column":95},"end":{"line":466,"column":99}}]},"53":{"line":467,"type":"cond-expr","locations":[{"start":{"line":467,"column":75},"end":{"line":467,"column":100}},{"start":{"line":467,"column":103},"end":{"line":467,"column":107}}]},"54":{"line":468,"type":"cond-expr","locations":[{"start":{"line":468,"column":83},"end":{"line":468,"column":116}},{"start":{"line":468,"column":119},"end":{"line":468,"column":123}}]},"55":{"line":469,"type":"cond-expr","locations":[{"start":{"line":469,"column":71},"end":{"line":469,"column":92}},{"start":{"line":469,"column":95},"end":{"line":469,"column":99}}]},"56":{"line":470,"type":"cond-expr","locations":[{"start":{"line":470,"column":76},"end":{"line":470,"column":102}},{"start":{"line":470,"column":105},"end":{"line":470,"column":109}}]},"57":{"line":471,"type":"cond-expr","locations":[{"start":{"line":471,"column":97},"end":{"line":471,"column":121}},{"start":{"line":471,"column":124},"end":{"line":471,"column":128}}]},"58":{"line":471,"type":"binary-expr","locations":[{"start":{"line":471,"column":46},"end":{"line":471,"column":65}},{"start":{"line":471,"column":69},"end":{"line":471,"column":93}}]},"59":{"line":472,"type":"cond-expr","locations":[{"start":{"line":472,"column":74},"end":{"line":472,"column":98}},{"start":{"line":472,"column":101},"end":{"line":472,"column":105}}]},"60":{"line":473,"type":"cond-expr","locations":[{"start":{"line":473,"column":97},"end":{"line":473,"column":121}},{"start":{"line":473,"column":124},"end":{"line":473,"column":128}}]},"61":{"line":473,"type":"binary-expr","locations":[{"start":{"line":473,"column":46},"end":{"line":473,"column":65}},{"start":{"line":473,"column":69},"end":{"line":473,"column":93}}]},"62":{"line":474,"type":"cond-expr","locations":[{"start":{"line":474,"column":72},"end":{"line":474,"column":94}},{"start":{"line":474,"column":97},"end":{"line":474,"column":101}}]},"63":{"line":475,"type":"cond-expr","locations":[{"start":{"line":475,"column":107},"end":{"line":475,"column":136}},{"start":{"line":475,"column":139},"end":{"line":475,"column":143}}]},"64":{"line":475,"type":"binary-expr","locations":[{"start":{"line":475,"column":46},"end":{"line":475,"column":70}},{"start":{"line":475,"column":74},"end":{"line":475,"column":103}}]},"65":{"line":478,"type":"cond-expr","locations":[{"start":{"line":478,"column":71},"end":{"line":478,"column":142}},{"start":{"line":478,"column":145},"end":{"line":478,"column":149}}]},"66":{"line":479,"type":"cond-expr","locations":[{"start":{"line":479,"column":79},"end":{"line":479,"column":158}},{"start":{"line":479,"column":161},"end":{"line":479,"column":165}}]},"67":{"line":480,"type":"cond-expr","locations":[{"start":{"line":480,"column":111},"end":{"line":480,"column":142}},{"start":{"line":480,"column":145},"end":{"line":480,"column":149}}]},"68":{"line":480,"type":"binary-expr","locations":[{"start":{"line":480,"column":46},"end":{"line":480,"column":72}},{"start":{"line":480,"column":76},"end":{"line":480,"column":107}}]},"69":{"line":481,"type":"cond-expr","locations":[{"start":{"line":481,"column":81},"end":{"line":481,"column":162}},{"start":{"line":481,"column":165},"end":{"line":481,"column":169}}]},"70":{"line":482,"type":"cond-expr","locations":[{"start":{"line":482,"column":77},"end":{"line":482,"column":104}},{"start":{"line":482,"column":107},"end":{"line":482,"column":111}}]},"71":{"line":483,"type":"cond-expr","locations":[{"start":{"line":483,"column":89},"end":{"line":483,"column":128}},{"start":{"line":483,"column":131},"end":{"line":483,"column":135}}]},"72":{"line":484,"type":"cond-expr","locations":[{"start":{"line":484,"column":87},"end":{"line":484,"column":124}},{"start":{"line":484,"column":127},"end":{"line":484,"column":131}}]},"73":{"line":485,"type":"cond-expr","locations":[{"start":{"line":485,"column":73},"end":{"line":485,"column":96}},{"start":{"line":485,"column":99},"end":{"line":485,"column":103}}]},"74":{"line":488,"type":"cond-expr","locations":[{"start":{"line":488,"column":106},"end":{"line":488,"column":183}},{"start":{"line":488,"column":186},"end":{"line":488,"column":190}}]},"75":{"line":488,"type":"binary-expr","locations":[{"start":{"line":488,"column":46},"end":{"line":488,"column":68}},{"start":{"line":488,"column":72},"end":{"line":488,"column":102}}]},"76":{"line":491,"type":"cond-expr","locations":[{"start":{"line":491,"column":97},"end":{"line":491,"column":125}},{"start":{"line":491,"column":128},"end":{"line":491,"column":132}}]},"77":{"line":491,"type":"binary-expr","locations":[{"start":{"line":491,"column":46},"end":{"line":491,"column":61}},{"start":{"line":491,"column":65},"end":{"line":491,"column":93}}]},"78":{"line":492,"type":"cond-expr","locations":[{"start":{"line":492,"column":90},"end":{"line":492,"column":111}},{"start":{"line":492,"column":114},"end":{"line":492,"column":118}}]},"79":{"line":492,"type":"binary-expr","locations":[{"start":{"line":492,"column":46},"end":{"line":492,"column":61}},{"start":{"line":492,"column":65},"end":{"line":492,"column":86}}]},"80":{"line":493,"type":"cond-expr","locations":[{"start":{"line":493,"column":91},"end":{"line":493,"column":113}},{"start":{"line":493,"column":116},"end":{"line":493,"column":120}}]},"81":{"line":493,"type":"binary-expr","locations":[{"start":{"line":493,"column":46},"end":{"line":493,"column":61}},{"start":{"line":493,"column":65},"end":{"line":493,"column":87}}]},"82":{"line":494,"type":"cond-expr","locations":[{"start":{"line":494,"column":96},"end":{"line":494,"column":123}},{"start":{"line":494,"column":126},"end":{"line":494,"column":130}}]},"83":{"line":494,"type":"binary-expr","locations":[{"start":{"line":494,"column":46},"end":{"line":494,"column":61}},{"start":{"line":494,"column":65},"end":{"line":494,"column":92}}]},"84":{"line":495,"type":"cond-expr","locations":[{"start":{"line":495,"column":94},"end":{"line":495,"column":119}},{"start":{"line":495,"column":122},"end":{"line":495,"column":126}}]},"85":{"line":495,"type":"binary-expr","locations":[{"start":{"line":495,"column":46},"end":{"line":495,"column":61}},{"start":{"line":495,"column":65},"end":{"line":495,"column":90}}]},"86":{"line":496,"type":"cond-expr","locations":[{"start":{"line":496,"column":107},"end":{"line":496,"column":145}},{"start":{"line":496,"column":148},"end":{"line":496,"column":152}}]},"87":{"line":496,"type":"binary-expr","locations":[{"start":{"line":496,"column":46},"end":{"line":496,"column":61}},{"start":{"line":496,"column":65},"end":{"line":496,"column":103}}]},"88":{"line":497,"type":"cond-expr","locations":[{"start":{"line":497,"column":105},"end":{"line":497,"column":141}},{"start":{"line":497,"column":144},"end":{"line":497,"column":148}}]},"89":{"line":497,"type":"binary-expr","locations":[{"start":{"line":497,"column":46},"end":{"line":497,"column":61}},{"start":{"line":497,"column":65},"end":{"line":497,"column":101}}]},"90":{"line":498,"type":"cond-expr","locations":[{"start":{"line":498,"column":95},"end":{"line":498,"column":121}},{"start":{"line":498,"column":124},"end":{"line":498,"column":128}}]},"91":{"line":498,"type":"binary-expr","locations":[{"start":{"line":498,"column":46},"end":{"line":498,"column":61}},{"start":{"line":498,"column":65},"end":{"line":498,"column":91}}]},"92":{"line":499,"type":"cond-expr","locations":[{"start":{"line":499,"column":90},"end":{"line":499,"column":111}},{"start":{"line":499,"column":114},"end":{"line":499,"column":118}}]},"93":{"line":499,"type":"binary-expr","locations":[{"start":{"line":499,"column":46},"end":{"line":499,"column":61}},{"start":{"line":499,"column":65},"end":{"line":499,"column":86}}]},"94":{"line":557,"type":"if","locations":[{"start":{"line":557,"column":4},"end":{"line":557,"column":4}},{"start":{"line":557,"column":4},"end":{"line":557,"column":4}}]},"95":{"line":565,"type":"if","locations":[{"start":{"line":565,"column":12},"end":{"line":565,"column":12}},{"start":{"line":565,"column":12},"end":{"line":565,"column":12}}]},"96":{"line":565,"type":"binary-expr","locations":[{"start":{"line":565,"column":15},"end":{"line":565,"column":18}},{"start":{"line":565,"column":22},"end":{"line":565,"column":28}}]},"97":{"line":587,"type":"if","locations":[{"start":{"line":587,"column":4},"end":{"line":587,"column":4}},{"start":{"line":587,"column":4},"end":{"line":587,"column":4}}]},"98":{"line":595,"type":"if","locations":[{"start":{"line":595,"column":12},"end":{"line":595,"column":12}},{"start":{"line":595,"column":12},"end":{"line":595,"column":12}}]},"99":{"line":595,"type":"binary-expr","locations":[{"start":{"line":595,"column":15},"end":{"line":595,"column":18}},{"start":{"line":595,"column":22},"end":{"line":595,"column":28}}]},"100":{"line":616,"type":"if","locations":[{"start":{"line":616,"column":4},"end":{"line":616,"column":4}},{"start":{"line":616,"column":4},"end":{"line":616,"column":4}}]},"101":{"line":623,"type":"if","locations":[{"start":{"line":623,"column":4},"end":{"line":623,"column":4}},{"start":{"line":623,"column":4},"end":{"line":623,"column":4}}]},"102":{"line":623,"type":"binary-expr","locations":[{"start":{"line":623,"column":7},"end":{"line":623,"column":12}},{"start":{"line":623,"column":16},"end":{"line":623,"column":44}}]},"103":{"line":641,"type":"if","locations":[{"start":{"line":641,"column":8},"end":{"line":641,"column":8}},{"start":{"line":641,"column":8},"end":{"line":641,"column":8}}]},"104":{"line":641,"type":"binary-expr","locations":[{"start":{"line":641,"column":12},"end":{"line":641,"column":15}},{"start":{"line":641,"column":19},"end":{"line":641,"column":28}}]},"105":{"line":665,"type":"if","locations":[{"start":{"line":665,"column":4},"end":{"line":665,"column":4}},{"start":{"line":665,"column":4},"end":{"line":665,"column":4}}]},"106":{"line":669,"type":"if","locations":[{"start":{"line":669,"column":4},"end":{"line":669,"column":4}},{"start":{"line":669,"column":4},"end":{"line":669,"column":4}}]},"107":{"line":669,"type":"binary-expr","locations":[{"start":{"line":669,"column":7},"end":{"line":669,"column":17}},{"start":{"line":669,"column":21},"end":{"line":669,"column":34}}]},"108":{"line":682,"type":"if","locations":[{"start":{"line":682,"column":8},"end":{"line":682,"column":8}},{"start":{"line":682,"column":8},"end":{"line":682,"column":8}}]},"109":{"line":711,"type":"if","locations":[{"start":{"line":711,"column":4},"end":{"line":711,"column":4}},{"start":{"line":711,"column":4},"end":{"line":711,"column":4}}]},"110":{"line":722,"type":"if","locations":[{"start":{"line":722,"column":4},"end":{"line":722,"column":4}},{"start":{"line":722,"column":4},"end":{"line":722,"column":4}}]},"111":{"line":722,"type":"binary-expr","locations":[{"start":{"line":722,"column":7},"end":{"line":722,"column":16}},{"start":{"line":722,"column":20},"end":{"line":722,"column":29}}]},"112":{"line":728,"type":"if","locations":[{"start":{"line":728,"column":4},"end":{"line":728,"column":4}},{"start":{"line":728,"column":4},"end":{"line":728,"column":4}}]},"113":{"line":728,"type":"binary-expr","locations":[{"start":{"line":728,"column":7},"end":{"line":728,"column":36}},{"start":{"line":728,"column":40},"end":{"line":728,"column":64}}]},"114":{"line":734,"type":"if","locations":[{"start":{"line":734,"column":4},"end":{"line":734,"column":4}},{"start":{"line":734,"column":4},"end":{"line":734,"column":4}}]},"115":{"line":750,"type":"if","locations":[{"start":{"line":750,"column":8},"end":{"line":750,"column":8}},{"start":{"line":750,"column":8},"end":{"line":750,"column":8}}]},"116":{"line":750,"type":"binary-expr","locations":[{"start":{"line":750,"column":12},"end":{"line":750,"column":15}},{"start":{"line":750,"column":19},"end":{"line":750,"column":24}}]},"117":{"line":755,"type":"if","locations":[{"start":{"line":755,"column":16},"end":{"line":755,"column":16}},{"start":{"line":755,"column":16},"end":{"line":755,"column":16}}]},"118":{"line":755,"type":"binary-expr","locations":[{"start":{"line":755,"column":20},"end":{"line":755,"column":23}},{"start":{"line":755,"column":27},"end":{"line":755,"column":34}}]},"119":{"line":786,"type":"if","locations":[{"start":{"line":786,"column":4},"end":{"line":786,"column":4}},{"start":{"line":786,"column":4},"end":{"line":786,"column":4}}]},"120":{"line":786,"type":"binary-expr","locations":[{"start":{"line":786,"column":8},"end":{"line":786,"column":30}},{"start":{"line":786,"column":34},"end":{"line":786,"column":58}}]},"121":{"line":791,"type":"if","locations":[{"start":{"line":791,"column":4},"end":{"line":791,"column":4}},{"start":{"line":791,"column":4},"end":{"line":791,"column":4}}]},"122":{"line":791,"type":"binary-expr","locations":[{"start":{"line":791,"column":7},"end":{"line":791,"column":17}},{"start":{"line":791,"column":21},"end":{"line":791,"column":40}}]},"123":{"line":800,"type":"if","locations":[{"start":{"line":800,"column":8},"end":{"line":800,"column":8}},{"start":{"line":800,"column":8},"end":{"line":800,"column":8}}]},"124":{"line":800,"type":"binary-expr","locations":[{"start":{"line":800,"column":12},"end":{"line":800,"column":15}},{"start":{"line":800,"column":19},"end":{"line":800,"column":33}}]},"125":{"line":822,"type":"if","locations":[{"start":{"line":822,"column":4},"end":{"line":822,"column":4}},{"start":{"line":822,"column":4},"end":{"line":822,"column":4}}]},"126":{"line":829,"type":"if","locations":[{"start":{"line":829,"column":4},"end":{"line":829,"column":4}},{"start":{"line":829,"column":4},"end":{"line":829,"column":4}}]},"127":{"line":829,"type":"binary-expr","locations":[{"start":{"line":829,"column":7},"end":{"line":829,"column":12}},{"start":{"line":829,"column":16},"end":{"line":829,"column":44}}]},"128":{"line":851,"type":"if","locations":[{"start":{"line":851,"column":8},"end":{"line":851,"column":8}},{"start":{"line":851,"column":8},"end":{"line":851,"column":8}}]},"129":{"line":851,"type":"binary-expr","locations":[{"start":{"line":851,"column":12},"end":{"line":851,"column":15}},{"start":{"line":851,"column":19},"end":{"line":851,"column":26}}]},"130":{"line":866,"type":"if","locations":[{"start":{"line":866,"column":4},"end":{"line":866,"column":4}},{"start":{"line":866,"column":4},"end":{"line":866,"column":4}}]},"131":{"line":878,"type":"if","locations":[{"start":{"line":878,"column":10},"end":{"line":878,"column":10}},{"start":{"line":878,"column":10},"end":{"line":878,"column":10}}]},"132":{"line":905,"type":"if","locations":[{"start":{"line":905,"column":4},"end":{"line":905,"column":4}},{"start":{"line":905,"column":4},"end":{"line":905,"column":4}}]},"133":{"line":912,"type":"if","locations":[{"start":{"line":912,"column":4},"end":{"line":912,"column":4}},{"start":{"line":912,"column":4},"end":{"line":912,"column":4}}]},"134":{"line":912,"type":"binary-expr","locations":[{"start":{"line":912,"column":7},"end":{"line":912,"column":12}},{"start":{"line":912,"column":16},"end":{"line":912,"column":44}}]},"135":{"line":920,"type":"if","locations":[{"start":{"line":920,"column":8},"end":{"line":920,"column":8}},{"start":{"line":920,"column":8},"end":{"line":920,"column":8}}]},"136":{"line":920,"type":"binary-expr","locations":[{"start":{"line":920,"column":12},"end":{"line":920,"column":15}},{"start":{"line":920,"column":19},"end":{"line":920,"column":25}},{"start":{"line":920,"column":29},"end":{"line":920,"column":46}}]},"137":{"line":937,"type":"if","locations":[{"start":{"line":937,"column":16},"end":{"line":937,"column":16}},{"start":{"line":937,"column":16},"end":{"line":937,"column":16}}]},"138":{"line":937,"type":"binary-expr","locations":[{"start":{"line":937,"column":20},"end":{"line":937,"column":23}},{"start":{"line":937,"column":27},"end":{"line":937,"column":35}}]},"139":{"line":957,"type":"if","locations":[{"start":{"line":957,"column":16},"end":{"line":957,"column":16}},{"start":{"line":957,"column":16},"end":{"line":957,"column":16}}]},"140":{"line":957,"type":"binary-expr","locations":[{"start":{"line":957,"column":20},"end":{"line":957,"column":23}},{"start":{"line":957,"column":27},"end":{"line":957,"column":35}}]},"141":{"line":974,"type":"if","locations":[{"start":{"line":974,"column":4},"end":{"line":974,"column":4}},{"start":{"line":974,"column":4},"end":{"line":974,"column":4}}]},"142":{"line":983,"type":"if","locations":[{"start":{"line":983,"column":8},"end":{"line":983,"column":8}},{"start":{"line":983,"column":8},"end":{"line":983,"column":8}}]},"143":{"line":983,"type":"binary-expr","locations":[{"start":{"line":983,"column":12},"end":{"line":983,"column":15}},{"start":{"line":983,"column":19},"end":{"line":983,"column":25}},{"start":{"line":983,"column":29},"end":{"line":983,"column":42}}]},"144":{"line":1005,"type":"if","locations":[{"start":{"line":1005,"column":4},"end":{"line":1005,"column":4}},{"start":{"line":1005,"column":4},"end":{"line":1005,"column":4}}]},"145":{"line":1014,"type":"if","locations":[{"start":{"line":1014,"column":8},"end":{"line":1014,"column":8}},{"start":{"line":1014,"column":8},"end":{"line":1014,"column":8}}]},"146":{"line":1020,"type":"if","locations":[{"start":{"line":1020,"column":16},"end":{"line":1020,"column":16}},{"start":{"line":1020,"column":16},"end":{"line":1020,"column":16}}]},"147":{"line":1024,"type":"if","locations":[{"start":{"line":1024,"column":24},"end":{"line":1024,"column":24}},{"start":{"line":1024,"column":24},"end":{"line":1024,"column":24}}]}}},"/home/chris/git/angular-express-seed/logging.js":{"path":"/home/chris/git/angular-express-seed/logging.js","s":{"1":1,"2":1,"3":1,"4":1,"5":1,"6":54},"b":{},"f":{"1":54},"fnMap":{"1":{"name":"(anonymous_1)","line":39,"loc":{"start":{"line":39,"column":11},"end":{"line":39,"column":38}}}},"statementMap":{"1":{"start":{"line":1,"column":0},"end":{"line":1,"column":33}},"2":{"start":{"line":2,"column":0},"end":{"line":2,"column":24}},"3":{"start":{"line":4,"column":0},"end":{"line":35,"column":3}},"4":{"start":{"line":37,"column":0},"end":{"line":37,"column":24}},"5":{"start":{"line":38,"column":0},"end":{"line":42,"column":2}},"6":{"start":{"line":40,"column":8},"end":{"line":40,"column":49}}},"branchMap":{}},"/home/chris/git/angular-express-seed/routes/index.js":{"path":"/home/chris/git/angular-express-seed/routes/index.js","s":{"1":1,"2":0,"3":1,"4":0,"5":0},"b":{},"f":{"1":0,"2":0},"fnMap":{"1":{"name":"(anonymous_1)","line":6,"loc":{"start":{"line":6,"column":16},"end":{"line":6,"column":34}}},"2":{"name":"(anonymous_2)","line":10,"loc":{"start":{"line":10,"column":19},"end":{"line":10,"column":39}}}},"statementMap":{"1":{"start":{"line":6,"column":0},"end":{"line":8,"column":2}},"2":{"start":{"line":7,"column":2},"end":{"line":7,"column":22}},"3":{"start":{"line":10,"column":0},"end":{"line":13,"column":2}},"4":{"start":{"line":11,"column":2},"end":{"line":11,"column":29}},"5":{"start":{"line":12,"column":2},"end":{"line":12,"column":33}}},"branchMap":{}},"/home/chris/git/angular-express-seed/routes/api.js":{"path":"/home/chris/git/angular-express-seed/routes/api.js","s":{"1":1,"2":0},"b":{},"f":{"1":0},"fnMap":{"1":{"name":"(anonymous_1)","line":5,"loc":{"start":{"line":5,"column":15},"end":{"line":5,"column":35}}}},"statementMap":{"1":{"start":{"line":5,"column":0},"end":{"line":9,"column":2}},"2":{"start":{"line":6,"column":2},"end":{"line":8,"column":5}}},"branchMap":{}},"/home/chris/git/angular-express-seed/db_mongo.js":{"path":"/home/chris/git/angular-express-seed/db_mongo.js","s":{"1":1,"2":1,"3":1,"4":1,"5":1,"6":1,"7":1,"8":1,"9":1,"10":1,"11":26,"12":26,"13":26,"14":0,"15":0,"16":1,"17":1,"18":1,"19":1,"20":0,"21":0,"22":1},"b":{"1":[26,0],"2":[26,0],"3":[0,26],"4":[26,26],"5":[1,0],"6":[1,0],"7":[0,1],"8":[1,1]},"f":{"1":26,"2":1},"fnMap":{"1":{"name":"(anonymous_1)","line":37,"loc":{"start":{"line":37,"column":34},"end":{"line":37,"column":53}}},"2":{"name":"(anonymous_2)","line":53,"loc":{"start":{"line":53,"column":31},"end":{"line":53,"column":50}}}},"statementMap":{"1":{"start":{"line":5,"column":0},"end":{"line":5,"column":25}},"2":{"start":{"line":6,"column":0},"end":{"line":6,"column":61}},"3":{"start":{"line":7,"column":0},"end":{"line":7,"column":77}},"4":{"start":{"line":8,"column":0},"end":{"line":8,"column":34}},"5":{"start":{"line":13,"column":0},"end":{"line":16,"column":2}},"6":{"start":{"line":21,"column":0},"end":{"line":24,"column":2}},"7":{"start":{"line":26,"column":0},"end":{"line":29,"column":2}},"8":{"start":{"line":33,"column":0},"end":{"line":33,"column":28}},"9":{"start":{"line":34,"column":0},"end":{"line":34,"column":33}},"10":{"start":{"line":36,"column":0},"end":{"line":47,"column":1}},"11":{"start":{"line":37,"column":4},"end":{"line":46,"column":7}},"12":{"start":{"line":38,"column":8},"end":{"line":45,"column":9}},"13":{"start":{"line":40,"column":12},"end":{"line":42,"column":13}},"14":{"start":{"line":41,"column":16},"end":{"line":41,"column":65}},"15":{"start":{"line":44,"column":12},"end":{"line":44,"column":76}},"16":{"start":{"line":51,"column":0},"end":{"line":51,"column":138}},"17":{"start":{"line":53,"column":0},"end":{"line":61,"column":3}},"18":{"start":{"line":54,"column":4},"end":{"line":60,"column":5}},"19":{"start":{"line":55,"column":8},"end":{"line":57,"column":9}},"20":{"start":{"line":56,"column":12},"end":{"line":56,"column":61}},"21":{"start":{"line":59,"column":8},"end":{"line":59,"column":71}},"22":{"start":{"line":64,"column":0},"end":{"line":64,"column":20}}},"branchMap":{"1":{"line":38,"type":"if","locations":[{"start":{"line":38,"column":8},"end":{"line":38,"column":8}},{"start":{"line":38,"column":8},"end":{"line":38,"column":8}}]},"2":{"line":38,"type":"binary-expr","locations":[{"start":{"line":38,"column":12},"end":{"line":38,"column":15}},{"start":{"line":38,"column":19},"end":{"line":38,"column":23}}]},"3":{"line":40,"type":"if","locations":[{"start":{"line":40,"column":12},"end":{"line":40,"column":12}},{"start":{"line":40,"column":12},"end":{"line":40,"column":12}}]},"4":{"line":40,"type":"binary-expr","locations":[{"start":{"line":40,"column":15},"end":{"line":40,"column":18}},{"start":{"line":40,"column":22},"end":{"line":40,"column":39}}]},"5":{"line":54,"type":"if","locations":[{"start":{"line":54,"column":4},"end":{"line":54,"column":4}},{"start":{"line":54,"column":4},"end":{"line":54,"column":4}}]},"6":{"line":54,"type":"binary-expr","locations":[{"start":{"line":54,"column":8},"end":{"line":54,"column":11}},{"start":{"line":54,"column":15},"end":{"line":54,"column":19}}]},"7":{"line":55,"type":"if","locations":[{"start":{"line":55,"column":8},"end":{"line":55,"column":8}},{"start":{"line":55,"column":8},"end":{"line":55,"column":8}}]},"8":{"line":55,"type":"binary-expr","locations":[{"start":{"line":55,"column":11},"end":{"line":55,"column":14}},{"start":{"line":55,"column":18},"end":{"line":55,"column":35}}]}}},"/home/chris/git/angular-express-seed/vocabs.js":{"path":"/home/chris/git/angular-express-seed/vocabs.js","s":{"1":1,"2":1},"b":{},"f":{"1":1},"fnMap":{"1":{"name":"(anonymous_1)","line":13,"loc":{"start":{"line":13,"column":19},"end":{"line":13,"column":31}}}},"statementMap":{"1":{"start":{"line":11,"column":0},"end":{"line":350,"column":0}},"2":{"start":{"line":14,"column":8},"end":{"line":347,"column":18}}},"branchMap":{}}}