{"/home/chris/git/angular-express-seed/app_mongo.js":{"path":"/home/chris/git/angular-express-seed/app_mongo.js","s":{"1":1,"2":1,"3":1,"4":1,"5":1,"6":1,"7":1,"8":1,"9":0,"10":0,"11":1,"12":1,"13":1,"14":1,"15":1,"16":1,"17":1,"18":1,"19":1,"20":1,"21":1,"22":1,"23":1,"24":1,"25":1,"26":1,"27":2,"28":2,"29":0,"30":2,"31":2,"32":0,"33":2,"34":2,"35":1,"36":40,"37":40,"38":40,"39":0,"40":40,"41":40,"42":1,"43":7,"44":7,"45":0,"46":7,"47":7,"48":1,"49":7,"50":7,"51":0,"52":7,"53":0,"54":7,"55":7,"56":0,"57":7,"58":1,"59":7,"60":1,"61":40,"62":40,"63":1,"64":7,"65":7,"66":1,"67":9,"68":7,"69":7,"70":2,"71":9,"72":1,"73":0,"74":1,"75":5,"76":5,"77":5,"78":5,"79":5,"80":5,"81":5,"82":5,"83":5,"84":5,"85":5,"86":0,"87":5,"88":0,"89":5,"90":5,"91":5,"92":1,"93":1,"94":1,"95":1,"96":1,"97":0,"98":1,"99":1,"100":1,"101":1,"102":1,"103":1,"104":1,"105":1,"106":1,"107":1,"108":1,"109":1,"110":1,"111":1,"112":1,"113":1,"114":1,"115":0,"116":1,"117":0,"118":1,"119":1,"120":1,"121":1,"122":0,"123":1,"124":1,"125":1,"126":1,"127":1,"128":2,"129":1,"130":11,"131":1,"132":2,"133":1,"134":2,"135":1,"136":1,"137":1,"138":1,"139":1,"140":1,"141":1,"142":1,"143":1,"144":1,"145":1,"146":1,"147":1,"148":1,"149":0,"150":1,"151":0,"152":1,"153":1,"154":0,"155":1,"156":1,"157":1,"158":1,"159":1,"160":0,"161":1,"162":1,"163":1,"164":1,"165":1,"166":1,"167":1,"168":1,"169":1,"170":1,"171":1,"172":1,"173":1,"174":1,"175":1,"176":1,"177":1,"178":1,"179":1,"180":1,"181":1,"182":0,"183":0,"184":1,"185":1,"186":6,"187":6,"188":6,"189":6,"190":4,"191":4,"192":4,"193":1,"194":1,"195":0,"196":1,"197":1,"198":3,"199":3,"200":0,"201":0,"202":3,"203":2,"204":1,"205":1,"206":1,"207":1,"208":0,"209":1,"210":1,"211":1,"212":0,"213":1,"214":1,"215":1,"216":1,"217":1,"218":1,"219":1,"220":1,"221":1,"222":0,"223":0,"224":1,"225":1,"226":1,"227":0,"228":0,"229":1,"230":0,"231":1,"232":4,"233":1,"234":1,"235":3,"236":3,"237":1,"238":1,"239":2,"240":2,"241":1,"242":1,"243":1,"244":1,"245":1,"246":1,"247":0,"248":0,"249":1,"250":1,"251":1,"252":1,"253":1,"254":0,"255":0,"256":1,"257":0,"258":1,"259":1,"260":1,"261":4,"262":1,"263":1,"264":3,"265":3,"266":3,"267":1,"268":1,"269":2,"270":2,"271":2,"272":0,"273":0,"274":2,"275":2,"276":1,"277":6,"278":1,"279":1,"280":5,"281":5,"282":5,"283":5,"284":2,"285":2,"286":3,"287":1,"288":1,"289":2,"290":1,"291":2,"292":2,"293":2,"294":2,"295":2,"296":2,"297":2,"298":2,"299":0,"300":0,"301":2,"302":2,"303":0,"304":0,"305":2,"306":2,"307":2,"308":1,"309":4,"310":1,"311":1,"312":3,"313":1,"314":1,"315":2,"316":2,"317":2,"318":0,"319":0,"320":2,"321":2,"322":1,"323":4,"324":1,"325":1,"326":3,"327":3,"328":1,"329":1,"330":2,"331":2,"332":1,"333":1,"334":1,"335":1,"336":1,"337":1,"338":1,"339":1,"340":1,"341":1,"342":0,"343":0,"344":1,"345":1,"346":1,"347":1,"348":1,"349":1,"350":1,"351":1,"352":1,"353":1,"354":1,"355":1,"356":1,"357":1,"358":1,"359":0,"360":0,"361":1,"362":1,"363":0,"364":1,"365":1,"366":1,"367":1,"368":1,"369":1,"370":1,"371":1,"372":0,"373":0,"374":1,"375":1,"376":0,"377":0,"378":1,"379":1,"380":0,"381":1,"382":5,"383":1,"384":1,"385":4,"386":4,"387":4,"388":1,"389":1,"390":3,"391":3,"392":3,"393":1,"394":1,"395":1,"396":1,"397":1,"398":0,"399":0,"400":1,"401":1,"402":1,"403":2,"404":2,"405":2,"406":2,"407":2,"408":0,"409":0,"410":2,"411":2,"412":2,"413":1,"414":1,"415":1,"416":1,"417":1,"418":1,"419":1,"420":1,"421":1,"422":0,"423":0,"424":1,"425":1,"426":0,"427":1,"428":1,"429":1,"430":1,"431":1,"432":1,"433":1,"434":0,"435":0,"436":1,"437":1,"438":0,"439":1,"440":0,"441":0,"442":0,"443":0,"444":0,"445":0,"446":0,"447":0,"448":0,"449":0,"450":0,"451":0,"452":0,"453":0,"454":0,"455":0,"456":0,"457":0,"458":0,"459":0,"460":1,"461":1,"462":1},"b":{"1":[1,1],"2":[1,0],"3":[0,1],"4":[0,2],"5":[0,2],"6":[0,40],"7":[40,40],"8":[40,0],"9":[0,7],"10":[7,7],"11":[7,0],"12":[0,7],"13":[0,7],"14":[0,7],"15":[7,7],"16":[7,2],"17":[0,0],"18":[0,5],"19":[0,5],"20":[5,0],"21":[5,0],"22":[0,5],"23":[0,5],"24":[5,0],"25":[0,1],"26":[1,1],"27":[1,0],"28":[1,0],"29":[0,1],"30":[0,1],"31":[0,1],"32":[1,0],"33":[0,1],"34":[0,1],"35":[0,1],"36":[0,1],"37":[0,1],"38":[0,1],"39":[0,1],"40":[0,1],"41":[0,1],"42":[0,1],"43":[0,1],"44":[1,0],"45":[1,1],"46":[1,0],"47":[1,0],"48":[1,0],"49":[1,0],"50":[0,1],"51":[1,0],"52":[0,1],"53":[0,1],"54":[0,1],"55":[0,1],"56":[0,1],"57":[0,1],"58":[1,0],"59":[0,1],"60":[0,1],"61":[1,0],"62":[0,1],"63":[0,1],"64":[1,0],"65":[0,1],"66":[0,1],"67":[0,1],"68":[1,0],"69":[0,1],"70":[0,1],"71":[0,1],"72":[0,1],"73":[0,1],"74":[0,1],"75":[1,1],"76":[0,1],"77":[1,0],"78":[0,1],"79":[1,0],"80":[0,1],"81":[1,0],"82":[0,1],"83":[1,0],"84":[0,1],"85":[1,0],"86":[0,1],"87":[1,0],"88":[0,1],"89":[1,0],"90":[0,1],"91":[1,0],"92":[0,1],"93":[1,0],"94":[4,2],"95":[1,3],"96":[0,1],"97":[1,1],"98":[0,3],"99":[3,3],"100":[1,1],"101":[0,1],"102":[1,0],"103":[0,1],"104":[1,1],"105":[1,3],"106":[1,2],"107":[3,3],"108":[0,1],"109":[1,1],"110":[1,0],"111":[0,0],"112":[0,1],"113":[1,3],"114":[0,2],"115":[1,5],"116":[2,3],"117":[5,5],"118":[1,2],"119":[3,2],"120":[1,1],"121":[0,2],"122":[2,2],"123":[0,2],"124":[2,2],"125":[1,3],"126":[4,3],"127":[1,2],"128":[3,3],"129":[0,2],"130":[2,2],"131":[1,3],"132":[1,2],"133":[3,3],"134":[0,1],"135":[1,1],"136":[1,0],"137":[1,0],"138":[0,1],"139":[1,1],"140":[1,0],"141":[0,1],"142":[1,1],"143":[1,4],"144":[1,3],"145":[4,4],"146":[1,2],"147":[3,3,3],"148":[0,1],"149":[1,1],"150":[0,2],"151":[2,2],"152":[1,0],"153":[0,1],"154":[1,1,1],"155":[1,0],"156":[0,1],"157":[1,1,1],"158":[0,0],"159":[0,0],"160":[0,0],"161":[0,0]},"f":{"1":2,"2":2,"3":2,"4":40,"5":40,"6":7,"7":7,"8":7,"9":7,"10":7,"11":7,"12":40,"13":40,"14":7,"15":9,"16":0,"17":5,"18":1,"19":1,"20":0,"21":0,"22":0,"23":1,"24":2,"25":11,"26":2,"27":2,"28":0,"29":0,"30":0,"31":0,"32":1,"33":1,"34":0,"35":6,"36":1,"37":3,"38":1,"39":0,"40":1,"41":1,"42":4,"43":1,"44":4,"45":2,"46":6,"47":2,"48":2,"49":4,"50":2,"51":4,"52":1,"53":1,"54":1,"55":1,"56":1,"57":5,"58":3,"59":1,"60":2,"61":1,"62":1,"63":1,"64":1,"65":0,"66":0,"67":0,"68":0,"69":1},"fnMap":{"1":{"name":"encrypt","line":80,"loc":{"start":{"line":80,"column":0},"end":{"line":80,"column":33}}},"2":{"name":"(anonymous_2)","line":84,"loc":{"start":{"line":84,"column":37},"end":{"line":84,"column":57}}},"3":{"name":"(anonymous_3)","line":87,"loc":{"start":{"line":87,"column":42},"end":{"line":87,"column":62}}},"4":{"name":"findById","line":95,"loc":{"start":{"line":95,"column":0},"end":{"line":95,"column":26}}},"5":{"name":"(anonymous_5)","line":99,"loc":{"start":{"line":99,"column":40},"end":{"line":99,"column":61}}},"6":{"name":"findByUsername","line":105,"loc":{"start":{"line":105,"column":0},"end":{"line":105,"column":38}}},"7":{"name":"(anonymous_7)","line":107,"loc":{"start":{"line":107,"column":50},"end":{"line":107,"column":71}}},"8":{"name":"(anonymous_8)","line":114,"loc":{"start":{"line":114,"column":32},"end":{"line":114,"column":67}}},"9":{"name":"(anonymous_9)","line":119,"loc":{"start":{"line":119,"column":29},"end":{"line":119,"column":49}}},"10":{"name":"(anonymous_10)","line":124,"loc":{"start":{"line":124,"column":48},"end":{"line":124,"column":71}}},"11":{"name":"(anonymous_11)","line":132,"loc":{"start":{"line":132,"column":23},"end":{"line":132,"column":44}}},"12":{"name":"(anonymous_12)","line":136,"loc":{"start":{"line":136,"column":25},"end":{"line":136,"column":44}}},"13":{"name":"(anonymous_13)","line":137,"loc":{"start":{"line":137,"column":17},"end":{"line":137,"column":38}}},"14":{"name":"(anonymous_14)","line":147,"loc":{"start":{"line":147,"column":51},"end":{"line":147,"column":70}}},"15":{"name":"(anonymous_15)","line":153,"loc":{"start":{"line":153,"column":20},"end":{"line":153,"column":38}}},"16":{"name":"(anonymous_16)","line":164,"loc":{"start":{"line":164,"column":21},"end":{"line":164,"column":40}}},"17":{"name":"buildSampleQuery","line":188,"loc":{"start":{"line":188,"column":0},"end":{"line":188,"column":31}}},"18":{"name":"buildSampleExcel","line":223,"loc":{"start":{"line":223,"column":0},"end":{"line":223,"column":33}}},"19":{"name":"(anonymous_19)","line":235,"loc":{"start":{"line":235,"column":13},"end":{"line":235,"column":34}}},"20":{"name":"(anonymous_20)","line":446,"loc":{"start":{"line":446,"column":81},"end":{"line":446,"column":95}}},"21":{"name":"(anonymous_21)","line":447,"loc":{"start":{"line":447,"column":81},"end":{"line":447,"column":95}}},"22":{"name":"(anonymous_22)","line":453,"loc":{"start":{"line":453,"column":87},"end":{"line":453,"column":101}}},"23":{"name":"(anonymous_23)","line":459,"loc":{"start":{"line":459,"column":47},"end":{"line":459,"column":61}}},"24":{"name":"(anonymous_24)","line":462,"loc":{"start":{"line":462,"column":84},"end":{"line":462,"column":98}}},"25":{"name":"(anonymous_25)","line":463,"loc":{"start":{"line":463,"column":74},"end":{"line":463,"column":88}}},"26":{"name":"(anonymous_26)","line":464,"loc":{"start":{"line":464,"column":77},"end":{"line":464,"column":91}}},"27":{"name":"(anonymous_27)","line":465,"loc":{"start":{"line":465,"column":65},"end":{"line":465,"column":79}}},"28":{"name":"(anonymous_28)","line":490,"loc":{"start":{"line":490,"column":97},"end":{"line":490,"column":111}}},"29":{"name":"(anonymous_29)","line":491,"loc":{"start":{"line":491,"column":113},"end":{"line":491,"column":127}}},"30":{"name":"(anonymous_30)","line":493,"loc":{"start":{"line":493,"column":117},"end":{"line":493,"column":131}}},"31":{"name":"(anonymous_31)","line":500,"loc":{"start":{"line":500,"column":133},"end":{"line":500,"column":147}}},"32":{"name":"(anonymous_32)","line":547,"loc":{"start":{"line":547,"column":22},"end":{"line":547,"column":41}}},"33":{"name":"(anonymous_33)","line":556,"loc":{"start":{"line":556,"column":38},"end":{"line":556,"column":54}}},"34":{"name":"(anonymous_34)","line":561,"loc":{"start":{"line":561,"column":22},"end":{"line":561,"column":36}}},"35":{"name":"(anonymous_35)","line":592,"loc":{"start":{"line":592,"column":19},"end":{"line":592,"column":38}}},"36":{"name":"(anonymous_36)","line":608,"loc":{"start":{"line":608,"column":19},"end":{"line":608,"column":40}}},"37":{"name":"(anonymous_37)","line":620,"loc":{"start":{"line":620,"column":21},"end":{"line":620,"column":42}}},"38":{"name":"(anonymous_38)","line":634,"loc":{"start":{"line":634,"column":20},"end":{"line":634,"column":36}}},"39":{"name":"(anonymous_39)","line":643,"loc":{"start":{"line":643,"column":11},"end":{"line":643,"column":26}}},"40":{"name":"(anonymous_40)","line":657,"loc":{"start":{"line":657,"column":23},"end":{"line":657,"column":42}}},"41":{"name":"(anonymous_41)","line":676,"loc":{"start":{"line":676,"column":17},"end":{"line":676,"column":38}}},"42":{"name":"(anonymous_42)","line":699,"loc":{"start":{"line":699,"column":20},"end":{"line":699,"column":39}}},"43":{"name":"(anonymous_43)","line":720,"loc":{"start":{"line":720,"column":44},"end":{"line":720,"column":69}}},"44":{"name":"(anonymous_44)","line":750,"loc":{"start":{"line":750,"column":26},"end":{"line":750,"column":44}}},"45":{"name":"(anonymous_45)","line":767,"loc":{"start":{"line":767,"column":35},"end":{"line":767,"column":63}}},"46":{"name":"(anonymous_46)","line":795,"loc":{"start":{"line":795,"column":18},"end":{"line":795,"column":36}}},"47":{"name":"(anonymous_47)","line":831,"loc":{"start":{"line":831,"column":34},"end":{"line":831,"column":54}}},"48":{"name":"(anonymous_48)","line":840,"loc":{"start":{"line":840,"column":44},"end":{"line":840,"column":76}}},"49":{"name":"(anonymous_49)","line":860,"loc":{"start":{"line":860,"column":20},"end":{"line":860,"column":38}}},"50":{"name":"(anonymous_50)","line":873,"loc":{"start":{"line":873,"column":44},"end":{"line":873,"column":72}}},"51":{"name":"(anonymous_51)","line":897,"loc":{"start":{"line":897,"column":21},"end":{"line":897,"column":39}}},"52":{"name":"(anonymous_52)","line":927,"loc":{"start":{"line":927,"column":39},"end":{"line":927,"column":71}}},"53":{"name":"(anonymous_53)","line":948,"loc":{"start":{"line":948,"column":20},"end":{"line":948,"column":39}}},"54":{"name":"(anonymous_54)","line":967,"loc":{"start":{"line":967,"column":17},"end":{"line":967,"column":38}}},"55":{"name":"(anonymous_55)","line":987,"loc":{"start":{"line":987,"column":24},"end":{"line":987,"column":43}}},"56":{"name":"(anonymous_56)","line":1004,"loc":{"start":{"line":1004,"column":17},"end":{"line":1004,"column":38}}},"57":{"name":"(anonymous_57)","line":1038,"loc":{"start":{"line":1038,"column":31},"end":{"line":1038,"column":49}}},"58":{"name":"(anonymous_58)","line":1054,"loc":{"start":{"line":1054,"column":34},"end":{"line":1054,"column":55}}},"59":{"name":"(anonymous_59)","line":1072,"loc":{"start":{"line":1072,"column":53},"end":{"line":1072,"column":77}}},"60":{"name":"(anonymous_60)","line":1093,"loc":{"start":{"line":1093,"column":53},"end":{"line":1093,"column":77}}},"61":{"name":"(anonymous_61)","line":1113,"loc":{"start":{"line":1113,"column":24},"end":{"line":1113,"column":43}}},"62":{"name":"(anonymous_62)","line":1125,"loc":{"start":{"line":1125,"column":17},"end":{"line":1125,"column":38}}},"63":{"name":"(anonymous_63)","line":1145,"loc":{"start":{"line":1145,"column":18},"end":{"line":1145,"column":37}}},"64":{"name":"(anonymous_64)","line":1153,"loc":{"start":{"line":1153,"column":17},"end":{"line":1153,"column":38}}},"65":{"name":"(anonymous_65)","line":1182,"loc":{"start":{"line":1182,"column":19},"end":{"line":1182,"column":37}}},"66":{"name":"(anonymous_66)","line":1192,"loc":{"start":{"line":1192,"column":26},"end":{"line":1192,"column":47}}},"67":{"name":"(anonymous_67)","line":1198,"loc":{"start":{"line":1198,"column":40},"end":{"line":1198,"column":58}}},"68":{"name":"(anonymous_68)","line":1202,"loc":{"start":{"line":1202,"column":57},"end":{"line":1202,"column":71}}},"69":{"name":"(anonymous_69)","line":1230,"loc":{"start":{"line":1230,"column":47},"end":{"line":1230,"column":59}}}},"statementMap":{"1":{"start":{"line":5,"column":0},"end":{"line":19,"column":39}},"2":{"start":{"line":21,"column":0},"end":{"line":21,"column":37}},"3":{"start":{"line":22,"column":0},"end":{"line":22,"column":51}},"4":{"start":{"line":28,"column":0},"end":{"line":28,"column":42}},"5":{"start":{"line":30,"column":0},"end":{"line":33,"column":1}},"6":{"start":{"line":31,"column":4},"end":{"line":31,"column":43}},"7":{"start":{"line":32,"column":4},"end":{"line":32,"column":36}},"8":{"start":{"line":35,"column":0},"end":{"line":39,"column":1}},"9":{"start":{"line":36,"column":4},"end":{"line":36,"column":48}},"10":{"start":{"line":37,"column":4},"end":{"line":37,"column":58}},"11":{"start":{"line":40,"column":0},"end":{"line":40,"column":31}},"12":{"start":{"line":42,"column":0},"end":{"line":42,"column":44}},"13":{"start":{"line":43,"column":0},"end":{"line":43,"column":65}},"14":{"start":{"line":45,"column":0},"end":{"line":45,"column":30}},"15":{"start":{"line":46,"column":0},"end":{"line":46,"column":34}},"16":{"start":{"line":48,"column":0},"end":{"line":48,"column":56}},"17":{"start":{"line":49,"column":0},"end":{"line":49,"column":78}},"18":{"start":{"line":50,"column":0},"end":{"line":50,"column":58}},"19":{"start":{"line":53,"column":0},"end":{"line":53,"column":32}},"20":{"start":{"line":56,"column":0},"end":{"line":61,"column":6}},"21":{"start":{"line":63,"column":0},"end":{"line":63,"column":31}},"22":{"start":{"line":64,"column":0},"end":{"line":64,"column":28}},"23":{"start":{"line":67,"column":0},"end":{"line":67,"column":20}},"24":{"start":{"line":68,"column":0},"end":{"line":68,"column":16}},"25":{"start":{"line":75,"column":0},"end":{"line":75,"column":55}},"26":{"start":{"line":80,"column":0},"end":{"line":93,"column":1}},"27":{"start":{"line":84,"column":4},"end":{"line":92,"column":7}},"28":{"start":{"line":85,"column":8},"end":{"line":85,"column":33}},"29":{"start":{"line":85,"column":16},"end":{"line":85,"column":33}},"30":{"start":{"line":87,"column":8},"end":{"line":91,"column":11}},"31":{"start":{"line":88,"column":12},"end":{"line":88,"column":43}},"32":{"start":{"line":88,"column":20},"end":{"line":88,"column":43}},"33":{"start":{"line":89,"column":12},"end":{"line":89,"column":28}},"34":{"start":{"line":90,"column":12},"end":{"line":90,"column":39}},"35":{"start":{"line":95,"column":0},"end":{"line":103,"column":1}},"36":{"start":{"line":97,"column":4},"end":{"line":97,"column":30}},"37":{"start":{"line":99,"column":4},"end":{"line":102,"column":7}},"38":{"start":{"line":100,"column":8},"end":{"line":100,"column":48}},"39":{"start":{"line":100,"column":26},"end":{"line":100,"column":47}},"40":{"start":{"line":101,"column":8},"end":{"line":101,"column":45}},"41":{"start":{"line":101,"column":18},"end":{"line":101,"column":44}},"42":{"start":{"line":105,"column":0},"end":{"line":111,"column":1}},"43":{"start":{"line":107,"column":4},"end":{"line":110,"column":7}},"44":{"start":{"line":108,"column":8},"end":{"line":108,"column":48}},"45":{"start":{"line":108,"column":26},"end":{"line":108,"column":47}},"46":{"start":{"line":109,"column":8},"end":{"line":109,"column":45}},"47":{"start":{"line":109,"column":18},"end":{"line":109,"column":44}},"48":{"start":{"line":114,"column":0},"end":{"line":129,"column":4}},"49":{"start":{"line":119,"column":4},"end":{"line":129,"column":0}},"50":{"start":{"line":120,"column":8},"end":{"line":120,"column":38}},"51":{"start":{"line":120,"column":19},"end":{"line":120,"column":36}},"52":{"start":{"line":121,"column":8},"end":{"line":121,"column":89}},"53":{"start":{"line":121,"column":21},"end":{"line":121,"column":87}},"54":{"start":{"line":124,"column":8},"end":{"line":127,"column":11}},"55":{"start":{"line":125,"column":12},"end":{"line":125,"column":94}},"56":{"start":{"line":125,"column":33},"end":{"line":125,"column":94}},"57":{"start":{"line":126,"column":12},"end":{"line":126,"column":36}},"58":{"start":{"line":132,"column":0},"end":{"line":134,"column":3}},"59":{"start":{"line":133,"column":4},"end":{"line":133,"column":25}},"60":{"start":{"line":136,"column":0},"end":{"line":140,"column":3}},"61":{"start":{"line":137,"column":4},"end":{"line":139,"column":7}},"62":{"start":{"line":138,"column":8},"end":{"line":138,"column":24}},"63":{"start":{"line":147,"column":0},"end":{"line":150,"column":3}},"64":{"start":{"line":148,"column":4},"end":{"line":148,"column":71}},"65":{"start":{"line":149,"column":4},"end":{"line":149,"column":35}},"66":{"start":{"line":153,"column":0},"end":{"line":161,"column":3}},"67":{"start":{"line":154,"column":4},"end":{"line":159,"column":5}},"68":{"start":{"line":155,"column":8},"end":{"line":155,"column":77}},"69":{"start":{"line":156,"column":8},"end":{"line":156,"column":21}},"70":{"start":{"line":158,"column":8},"end":{"line":158,"column":62}},"71":{"start":{"line":160,"column":4},"end":{"line":160,"column":18}},"72":{"start":{"line":164,"column":0},"end":{"line":166,"column":3}},"73":{"start":{"line":165,"column":4},"end":{"line":165,"column":65}},"74":{"start":{"line":188,"column":0},"end":{"line":218,"column":1}},"75":{"start":{"line":190,"column":4},"end":{"line":190,"column":19}},"76":{"start":{"line":191,"column":4},"end":{"line":191,"column":21}},"77":{"start":{"line":192,"column":4},"end":{"line":192,"column":38}},"78":{"start":{"line":193,"column":4},"end":{"line":193,"column":42}},"79":{"start":{"line":198,"column":4},"end":{"line":198,"column":115}},"80":{"start":{"line":199,"column":4},"end":{"line":199,"column":109}},"81":{"start":{"line":201,"column":4},"end":{"line":201,"column":67}},"82":{"start":{"line":201,"column":18},"end":{"line":201,"column":66}},"83":{"start":{"line":202,"column":4},"end":{"line":202,"column":67}},"84":{"start":{"line":202,"column":20},"end":{"line":202,"column":66}},"85":{"start":{"line":207,"column":4},"end":{"line":209,"column":5}},"86":{"start":{"line":208,"column":8},"end":{"line":208,"column":122}},"87":{"start":{"line":210,"column":4},"end":{"line":212,"column":5}},"88":{"start":{"line":211,"column":8},"end":{"line":211,"column":124}},"89":{"start":{"line":214,"column":4},"end":{"line":216,"column":5}},"90":{"start":{"line":215,"column":8},"end":{"line":215,"column":29}},"91":{"start":{"line":217,"column":4},"end":{"line":217,"column":17}},"92":{"start":{"line":223,"column":0},"end":{"line":521,"column":1}},"93":{"start":{"line":225,"column":4},"end":{"line":225,"column":22}},"94":{"start":{"line":232,"column":4},"end":{"line":232,"column":29}},"95":{"start":{"line":234,"column":4},"end":{"line":518,"column":7}},"96":{"start":{"line":237,"column":8},"end":{"line":514,"column":9}},"97":{"start":{"line":238,"column":12},"end":{"line":238,"column":30}},"98":{"start":{"line":240,"column":14},"end":{"line":514,"column":9}},"99":{"start":{"line":242,"column":12},"end":{"line":242,"column":29}},"100":{"start":{"line":243,"column":12},"end":{"line":243,"column":25}},"101":{"start":{"line":244,"column":12},"end":{"line":429,"column":28}},"102":{"start":{"line":431,"column":12},"end":{"line":431,"column":27}},"103":{"start":{"line":432,"column":12},"end":{"line":512,"column":13}},"104":{"start":{"line":433,"column":16},"end":{"line":433,"column":27}},"105":{"start":{"line":435,"column":16},"end":{"line":435,"column":34}},"106":{"start":{"line":436,"column":16},"end":{"line":436,"column":61}},"107":{"start":{"line":437,"column":16},"end":{"line":437,"column":96}},"108":{"start":{"line":438,"column":16},"end":{"line":438,"column":94}},"109":{"start":{"line":439,"column":16},"end":{"line":439,"column":86}},"110":{"start":{"line":440,"column":16},"end":{"line":440,"column":103}},"111":{"start":{"line":441,"column":16},"end":{"line":441,"column":82}},"112":{"start":{"line":442,"column":16},"end":{"line":442,"column":94}},"113":{"start":{"line":443,"column":16},"end":{"line":443,"column":80}},"114":{"start":{"line":446,"column":16},"end":{"line":446,"column":134}},"115":{"start":{"line":446,"column":96},"end":{"line":446,"column":113}},"116":{"start":{"line":447,"column":16},"end":{"line":447,"column":134}},"117":{"start":{"line":447,"column":96},"end":{"line":447,"column":113}},"118":{"start":{"line":448,"column":16},"end":{"line":448,"column":72}},"119":{"start":{"line":449,"column":16},"end":{"line":449,"column":71}},"120":{"start":{"line":450,"column":16},"end":{"line":450,"column":73}},"121":{"start":{"line":453,"column":16},"end":{"line":453,"column":140}},"122":{"start":{"line":453,"column":102},"end":{"line":453,"column":119}},"123":{"start":{"line":456,"column":16},"end":{"line":456,"column":74}},"124":{"start":{"line":457,"column":16},"end":{"line":457,"column":108}},"125":{"start":{"line":458,"column":16},"end":{"line":474,"column":47}},"126":{"start":{"line":461,"column":28},"end":{"line":461,"column":43}},"127":{"start":{"line":462,"column":28},"end":{"line":462,"column":135}},"128":{"start":{"line":462,"column":99},"end":{"line":462,"column":116}},"129":{"start":{"line":463,"column":28},"end":{"line":463,"column":125}},"130":{"start":{"line":463,"column":89},"end":{"line":463,"column":106}},"131":{"start":{"line":464,"column":28},"end":{"line":464,"column":128}},"132":{"start":{"line":464,"column":92},"end":{"line":464,"column":109}},"133":{"start":{"line":465,"column":28},"end":{"line":465,"column":116}},"134":{"start":{"line":465,"column":80},"end":{"line":465,"column":97}},"135":{"start":{"line":467,"column":28},"end":{"line":471,"column":48}},"136":{"start":{"line":473,"column":28},"end":{"line":473,"column":41}},"137":{"start":{"line":477,"column":24},"end":{"line":477,"column":150}},"138":{"start":{"line":478,"column":24},"end":{"line":478,"column":100}},"139":{"start":{"line":479,"column":24},"end":{"line":479,"column":108}},"140":{"start":{"line":480,"column":24},"end":{"line":480,"column":124}},"141":{"start":{"line":481,"column":24},"end":{"line":481,"column":100}},"142":{"start":{"line":482,"column":24},"end":{"line":482,"column":110}},"143":{"start":{"line":483,"column":24},"end":{"line":483,"column":129}},"144":{"start":{"line":484,"column":24},"end":{"line":484,"column":106}},"145":{"start":{"line":485,"column":24},"end":{"line":485,"column":129}},"146":{"start":{"line":486,"column":24},"end":{"line":486,"column":102}},"147":{"start":{"line":487,"column":24},"end":{"line":487,"column":144}},"148":{"start":{"line":490,"column":24},"end":{"line":490,"column":150}},"149":{"start":{"line":490,"column":112},"end":{"line":490,"column":129}},"150":{"start":{"line":491,"column":24},"end":{"line":491,"column":166}},"151":{"start":{"line":491,"column":128},"end":{"line":491,"column":145}},"152":{"start":{"line":492,"column":24},"end":{"line":492,"column":150}},"153":{"start":{"line":493,"column":24},"end":{"line":493,"column":170}},"154":{"start":{"line":493,"column":132},"end":{"line":493,"column":149}},"155":{"start":{"line":494,"column":24},"end":{"line":494,"column":112}},"156":{"start":{"line":495,"column":24},"end":{"line":495,"column":136}},"157":{"start":{"line":496,"column":24},"end":{"line":496,"column":132}},"158":{"start":{"line":497,"column":24},"end":{"line":497,"column":104}},"159":{"start":{"line":500,"column":24},"end":{"line":500,"column":191}},"160":{"start":{"line":500,"column":148},"end":{"line":500,"column":170}},"161":{"start":{"line":503,"column":24},"end":{"line":503,"column":133}},"162":{"start":{"line":504,"column":24},"end":{"line":504,"column":119}},"163":{"start":{"line":505,"column":24},"end":{"line":505,"column":121}},"164":{"start":{"line":506,"column":24},"end":{"line":506,"column":131}},"165":{"start":{"line":507,"column":24},"end":{"line":507,"column":127}},"166":{"start":{"line":508,"column":24},"end":{"line":508,"column":153}},"167":{"start":{"line":509,"column":24},"end":{"line":509,"column":149}},"168":{"start":{"line":510,"column":24},"end":{"line":510,"column":129}},"169":{"start":{"line":511,"column":24},"end":{"line":511,"column":119}},"170":{"start":{"line":513,"column":12},"end":{"line":513,"column":45}},"171":{"start":{"line":517,"column":8},"end":{"line":517,"column":33}},"172":{"start":{"line":520,"column":4},"end":{"line":520,"column":28}},"173":{"start":{"line":529,"column":0},"end":{"line":529,"column":27}},"174":{"start":{"line":530,"column":0},"end":{"line":530,"column":44}},"175":{"start":{"line":533,"column":0},"end":{"line":533,"column":31}},"176":{"start":{"line":547,"column":0},"end":{"line":569,"column":3}},"177":{"start":{"line":548,"column":4},"end":{"line":548,"column":26}},"178":{"start":{"line":549,"column":4},"end":{"line":555,"column":6}},"179":{"start":{"line":556,"column":4},"end":{"line":560,"column":7}},"180":{"start":{"line":557,"column":8},"end":{"line":559,"column":11}},"181":{"start":{"line":561,"column":4},"end":{"line":565,"column":7}},"182":{"start":{"line":563,"column":8},"end":{"line":563,"column":46}},"183":{"start":{"line":564,"column":8},"end":{"line":564,"column":22}},"184":{"start":{"line":566,"column":4},"end":{"line":568,"column":7}},"185":{"start":{"line":592,"column":0},"end":{"line":650,"column":3}},"186":{"start":{"line":595,"column":4},"end":{"line":595,"column":36}},"187":{"start":{"line":596,"column":4},"end":{"line":596,"column":80}},"188":{"start":{"line":597,"column":4},"end":{"line":597,"column":57}},"189":{"start":{"line":599,"column":4},"end":{"line":649,"column":5}},"190":{"start":{"line":602,"column":8},"end":{"line":602,"column":52}},"191":{"start":{"line":603,"column":8},"end":{"line":603,"column":42}},"192":{"start":{"line":605,"column":8},"end":{"line":628,"column":9}},"193":{"start":{"line":607,"column":12},"end":{"line":615,"column":15}},"194":{"start":{"line":609,"column":16},"end":{"line":614,"column":17}},"195":{"start":{"line":610,"column":20},"end":{"line":610,"column":46}},"196":{"start":{"line":612,"column":20},"end":{"line":612,"column":56}},"197":{"start":{"line":613,"column":20},"end":{"line":613,"column":59}},"198":{"start":{"line":617,"column":12},"end":{"line":627,"column":15}},"199":{"start":{"line":621,"column":16},"end":{"line":626,"column":17}},"200":{"start":{"line":622,"column":20},"end":{"line":622,"column":38}},"201":{"start":{"line":623,"column":20},"end":{"line":623,"column":46}},"202":{"start":{"line":625,"column":20},"end":{"line":625,"column":48}},"203":{"start":{"line":629,"column":10},"end":{"line":649,"column":5}},"204":{"start":{"line":631,"column":8},"end":{"line":631,"column":42}},"205":{"start":{"line":632,"column":8},"end":{"line":632,"column":45}},"206":{"start":{"line":634,"column":8},"end":{"line":646,"column":10}},"207":{"start":{"line":636,"column":12},"end":{"line":642,"column":13}},"208":{"start":{"line":637,"column":16},"end":{"line":637,"column":30}},"209":{"start":{"line":639,"column":16},"end":{"line":639,"column":62}},"210":{"start":{"line":640,"column":16},"end":{"line":640,"column":94}},"211":{"start":{"line":641,"column":16},"end":{"line":641,"column":42}},"212":{"start":{"line":645,"column":12},"end":{"line":645,"column":26}},"213":{"start":{"line":648,"column":8},"end":{"line":648,"column":22}},"214":{"start":{"line":657,"column":0},"end":{"line":687,"column":3}},"215":{"start":{"line":660,"column":4},"end":{"line":660,"column":36}},"216":{"start":{"line":661,"column":4},"end":{"line":661,"column":46}},"217":{"start":{"line":662,"column":4},"end":{"line":662,"column":57}},"218":{"start":{"line":664,"column":4},"end":{"line":686,"column":5}},"219":{"start":{"line":665,"column":8},"end":{"line":665,"column":31}},"220":{"start":{"line":667,"column":8},"end":{"line":672,"column":9}},"221":{"start":{"line":668,"column":12},"end":{"line":668,"column":33}},"222":{"start":{"line":670,"column":12},"end":{"line":670,"column":26}},"223":{"start":{"line":671,"column":12},"end":{"line":671,"column":19}},"224":{"start":{"line":673,"column":8},"end":{"line":673,"column":33}},"225":{"start":{"line":675,"column":8},"end":{"line":683,"column":11}},"226":{"start":{"line":677,"column":12},"end":{"line":682,"column":13}},"227":{"start":{"line":678,"column":16},"end":{"line":678,"column":34}},"228":{"start":{"line":679,"column":16},"end":{"line":679,"column":42}},"229":{"start":{"line":681,"column":16},"end":{"line":681,"column":44}},"230":{"start":{"line":685,"column":8},"end":{"line":685,"column":22}},"231":{"start":{"line":699,"column":0},"end":{"line":742,"column":3}},"232":{"start":{"line":701,"column":4},"end":{"line":704,"column":5}},"233":{"start":{"line":702,"column":8},"end":{"line":702,"column":22}},"234":{"start":{"line":703,"column":8},"end":{"line":703,"column":15}},"235":{"start":{"line":705,"column":4},"end":{"line":705,"column":24}},"236":{"start":{"line":707,"column":4},"end":{"line":710,"column":5}},"237":{"start":{"line":708,"column":8},"end":{"line":708,"column":22}},"238":{"start":{"line":709,"column":8},"end":{"line":709,"column":15}},"239":{"start":{"line":711,"column":4},"end":{"line":716,"column":5}},"240":{"start":{"line":712,"column":8},"end":{"line":712,"column":41}},"241":{"start":{"line":714,"column":8},"end":{"line":714,"column":22}},"242":{"start":{"line":715,"column":8},"end":{"line":715,"column":15}},"243":{"start":{"line":717,"column":4},"end":{"line":717,"column":36}},"244":{"start":{"line":718,"column":4},"end":{"line":718,"column":37}},"245":{"start":{"line":720,"column":4},"end":{"line":741,"column":7}},"246":{"start":{"line":721,"column":8},"end":{"line":740,"column":9}},"247":{"start":{"line":722,"column":12},"end":{"line":722,"column":56}},"248":{"start":{"line":723,"column":12},"end":{"line":723,"column":26}},"249":{"start":{"line":725,"column":12},"end":{"line":725,"column":46}},"250":{"start":{"line":726,"column":12},"end":{"line":726,"column":29}},"251":{"start":{"line":728,"column":12},"end":{"line":728,"column":25}},"252":{"start":{"line":729,"column":12},"end":{"line":733,"column":13}},"253":{"start":{"line":730,"column":16},"end":{"line":730,"column":35}},"254":{"start":{"line":731,"column":18},"end":{"line":733,"column":13}},"255":{"start":{"line":732,"column":16},"end":{"line":732,"column":47}},"256":{"start":{"line":735,"column":12},"end":{"line":737,"column":13}},"257":{"start":{"line":736,"column":16},"end":{"line":736,"column":29}},"258":{"start":{"line":738,"column":12},"end":{"line":738,"column":52}},"259":{"start":{"line":739,"column":12},"end":{"line":739,"column":46}},"260":{"start":{"line":750,"column":0},"end":{"line":776,"column":3}},"261":{"start":{"line":752,"column":4},"end":{"line":755,"column":5}},"262":{"start":{"line":753,"column":8},"end":{"line":753,"column":22}},"263":{"start":{"line":754,"column":8},"end":{"line":754,"column":15}},"264":{"start":{"line":757,"column":4},"end":{"line":757,"column":27}},"265":{"start":{"line":759,"column":4},"end":{"line":764,"column":5}},"266":{"start":{"line":760,"column":8},"end":{"line":760,"column":29}},"267":{"start":{"line":762,"column":8},"end":{"line":762,"column":22}},"268":{"start":{"line":763,"column":8},"end":{"line":763,"column":15}},"269":{"start":{"line":765,"column":4},"end":{"line":765,"column":32}},"270":{"start":{"line":767,"column":4},"end":{"line":775,"column":7}},"271":{"start":{"line":768,"column":8},"end":{"line":774,"column":9}},"272":{"start":{"line":769,"column":12},"end":{"line":769,"column":42}},"273":{"start":{"line":770,"column":12},"end":{"line":770,"column":38}},"274":{"start":{"line":772,"column":12},"end":{"line":772,"column":45}},"275":{"start":{"line":773,"column":12},"end":{"line":773,"column":48}},"276":{"start":{"line":795,"column":0},"end":{"line":852,"column":3}},"277":{"start":{"line":797,"column":4},"end":{"line":800,"column":5}},"278":{"start":{"line":798,"column":8},"end":{"line":798,"column":22}},"279":{"start":{"line":799,"column":8},"end":{"line":799,"column":15}},"280":{"start":{"line":804,"column":4},"end":{"line":804,"column":37}},"281":{"start":{"line":805,"column":4},"end":{"line":805,"column":37}},"282":{"start":{"line":806,"column":4},"end":{"line":806,"column":29}},"283":{"start":{"line":808,"column":4},"end":{"line":811,"column":5}},"284":{"start":{"line":809,"column":8},"end":{"line":809,"column":22}},"285":{"start":{"line":810,"column":8},"end":{"line":810,"column":15}},"286":{"start":{"line":814,"column":4},"end":{"line":817,"column":5}},"287":{"start":{"line":815,"column":8},"end":{"line":815,"column":22}},"288":{"start":{"line":816,"column":8},"end":{"line":816,"column":15}},"289":{"start":{"line":820,"column":4},"end":{"line":822,"column":5}},"290":{"start":{"line":821,"column":8},"end":{"line":821,"column":25}},"291":{"start":{"line":825,"column":4},"end":{"line":825,"column":21}},"292":{"start":{"line":826,"column":4},"end":{"line":826,"column":44}},"293":{"start":{"line":827,"column":4},"end":{"line":827,"column":26}},"294":{"start":{"line":828,"column":4},"end":{"line":828,"column":23}},"295":{"start":{"line":829,"column":4},"end":{"line":829,"column":35}},"296":{"start":{"line":831,"column":4},"end":{"line":851,"column":7}},"297":{"start":{"line":834,"column":8},"end":{"line":834,"column":88}},"298":{"start":{"line":836,"column":8},"end":{"line":850,"column":9}},"299":{"start":{"line":837,"column":12},"end":{"line":837,"column":55}},"300":{"start":{"line":838,"column":12},"end":{"line":838,"column":38}},"301":{"start":{"line":840,"column":12},"end":{"line":849,"column":15}},"302":{"start":{"line":841,"column":16},"end":{"line":848,"column":17}},"303":{"start":{"line":842,"column":20},"end":{"line":842,"column":68}},"304":{"start":{"line":843,"column":20},"end":{"line":843,"column":46}},"305":{"start":{"line":845,"column":20},"end":{"line":845,"column":88}},"306":{"start":{"line":846,"column":20},"end":{"line":846,"column":65}},"307":{"start":{"line":847,"column":20},"end":{"line":847,"column":49}},"308":{"start":{"line":860,"column":0},"end":{"line":882,"column":3}},"309":{"start":{"line":862,"column":4},"end":{"line":865,"column":5}},"310":{"start":{"line":863,"column":8},"end":{"line":863,"column":22}},"311":{"start":{"line":864,"column":8},"end":{"line":864,"column":15}},"312":{"start":{"line":867,"column":4},"end":{"line":870,"column":5}},"313":{"start":{"line":868,"column":8},"end":{"line":868,"column":22}},"314":{"start":{"line":869,"column":8},"end":{"line":869,"column":15}},"315":{"start":{"line":871,"column":4},"end":{"line":871,"column":38}},"316":{"start":{"line":873,"column":4},"end":{"line":881,"column":7}},"317":{"start":{"line":874,"column":8},"end":{"line":880,"column":9}},"318":{"start":{"line":875,"column":12},"end":{"line":875,"column":42}},"319":{"start":{"line":876,"column":12},"end":{"line":876,"column":38}},"320":{"start":{"line":878,"column":12},"end":{"line":878,"column":45}},"321":{"start":{"line":879,"column":12},"end":{"line":879,"column":48}},"322":{"start":{"line":897,"column":0},"end":{"line":937,"column":3}},"323":{"start":{"line":899,"column":4},"end":{"line":902,"column":5}},"324":{"start":{"line":900,"column":8},"end":{"line":900,"column":22}},"325":{"start":{"line":901,"column":8},"end":{"line":901,"column":15}},"326":{"start":{"line":904,"column":4},"end":{"line":904,"column":24}},"327":{"start":{"line":906,"column":4},"end":{"line":909,"column":5}},"328":{"start":{"line":907,"column":8},"end":{"line":907,"column":22}},"329":{"start":{"line":908,"column":8},"end":{"line":908,"column":15}},"330":{"start":{"line":911,"column":4},"end":{"line":916,"column":5}},"331":{"start":{"line":912,"column":8},"end":{"line":912,"column":41}},"332":{"start":{"line":914,"column":8},"end":{"line":914,"column":22}},"333":{"start":{"line":915,"column":8},"end":{"line":915,"column":15}},"334":{"start":{"line":918,"column":4},"end":{"line":918,"column":21}},"335":{"start":{"line":919,"column":4},"end":{"line":919,"column":39}},"336":{"start":{"line":920,"column":4},"end":{"line":920,"column":26}},"337":{"start":{"line":921,"column":4},"end":{"line":921,"column":23}},"338":{"start":{"line":922,"column":4},"end":{"line":922,"column":30}},"339":{"start":{"line":923,"column":4},"end":{"line":923,"column":34}},"340":{"start":{"line":927,"column":4},"end":{"line":936,"column":7}},"341":{"start":{"line":928,"column":8},"end":{"line":935,"column":9}},"342":{"start":{"line":929,"column":12},"end":{"line":929,"column":65}},"343":{"start":{"line":930,"column":12},"end":{"line":930,"column":38}},"344":{"start":{"line":932,"column":12},"end":{"line":932,"column":73}},"345":{"start":{"line":933,"column":12},"end":{"line":933,"column":60}},"346":{"start":{"line":934,"column":12},"end":{"line":934,"column":41}},"347":{"start":{"line":948,"column":0},"end":{"line":979,"column":3}},"348":{"start":{"line":950,"column":4},"end":{"line":950,"column":36}},"349":{"start":{"line":951,"column":4},"end":{"line":951,"column":46}},"350":{"start":{"line":952,"column":4},"end":{"line":952,"column":57}},"351":{"start":{"line":954,"column":4},"end":{"line":978,"column":5}},"352":{"start":{"line":956,"column":8},"end":{"line":956,"column":23}},"353":{"start":{"line":957,"column":8},"end":{"line":957,"column":38}},"354":{"start":{"line":959,"column":8},"end":{"line":964,"column":9}},"355":{"start":{"line":962,"column":12},"end":{"line":962,"column":56}},"356":{"start":{"line":963,"column":12},"end":{"line":963,"column":58}},"357":{"start":{"line":966,"column":8},"end":{"line":976,"column":4}},"358":{"start":{"line":968,"column":12},"end":{"line":974,"column":13}},"359":{"start":{"line":969,"column":16},"end":{"line":969,"column":98}},"360":{"start":{"line":970,"column":16},"end":{"line":970,"column":42}},"361":{"start":{"line":972,"column":16},"end":{"line":972,"column":46}},"362":{"start":{"line":973,"column":16},"end":{"line":973,"column":44}},"363":{"start":{"line":977,"column":8},"end":{"line":977,"column":22}},"364":{"start":{"line":987,"column":0},"end":{"line":1016,"column":3}},"365":{"start":{"line":989,"column":4},"end":{"line":989,"column":36}},"366":{"start":{"line":990,"column":4},"end":{"line":990,"column":46}},"367":{"start":{"line":991,"column":4},"end":{"line":991,"column":57}},"368":{"start":{"line":993,"column":4},"end":{"line":1015,"column":5}},"369":{"start":{"line":995,"column":8},"end":{"line":995,"column":31}},"370":{"start":{"line":997,"column":8},"end":{"line":1002,"column":9}},"371":{"start":{"line":998,"column":12},"end":{"line":998,"column":33}},"372":{"start":{"line":1000,"column":12},"end":{"line":1000,"column":26}},"373":{"start":{"line":1001,"column":12},"end":{"line":1001,"column":19}},"374":{"start":{"line":1003,"column":8},"end":{"line":1013,"column":4}},"375":{"start":{"line":1005,"column":12},"end":{"line":1011,"column":13}},"376":{"start":{"line":1006,"column":16},"end":{"line":1006,"column":70}},"377":{"start":{"line":1007,"column":16},"end":{"line":1007,"column":42}},"378":{"start":{"line":1009,"column":16},"end":{"line":1009,"column":58}},"379":{"start":{"line":1010,"column":16},"end":{"line":1010,"column":44}},"380":{"start":{"line":1014,"column":8},"end":{"line":1014,"column":22}},"381":{"start":{"line":1038,"column":0},"end":{"line":1105,"column":3}},"382":{"start":{"line":1040,"column":4},"end":{"line":1043,"column":5}},"383":{"start":{"line":1041,"column":8},"end":{"line":1041,"column":22}},"384":{"start":{"line":1042,"column":8},"end":{"line":1042,"column":15}},"385":{"start":{"line":1045,"column":4},"end":{"line":1045,"column":31}},"386":{"start":{"line":1046,"column":4},"end":{"line":1046,"column":24}},"387":{"start":{"line":1048,"column":4},"end":{"line":1051,"column":5}},"388":{"start":{"line":1049,"column":8},"end":{"line":1049,"column":22}},"389":{"start":{"line":1050,"column":8},"end":{"line":1050,"column":15}},"390":{"start":{"line":1053,"column":4},"end":{"line":1053,"column":63}},"391":{"start":{"line":1054,"column":4},"end":{"line":1104,"column":7}},"392":{"start":{"line":1056,"column":8},"end":{"line":1103,"column":9}},"393":{"start":{"line":1061,"column":12},"end":{"line":1061,"column":29}},"394":{"start":{"line":1062,"column":12},"end":{"line":1062,"column":39}},"395":{"start":{"line":1063,"column":12},"end":{"line":1071,"column":14}},"396":{"start":{"line":1072,"column":12},"end":{"line":1081,"column":15}},"397":{"start":{"line":1073,"column":16},"end":{"line":1080,"column":17}},"398":{"start":{"line":1074,"column":20},"end":{"line":1074,"column":56}},"399":{"start":{"line":1075,"column":20},"end":{"line":1075,"column":34}},"400":{"start":{"line":1077,"column":20},"end":{"line":1077,"column":55}},"401":{"start":{"line":1078,"column":20},"end":{"line":1078,"column":60}},"402":{"start":{"line":1079,"column":20},"end":{"line":1079,"column":50}},"403":{"start":{"line":1085,"column":12},"end":{"line":1085,"column":29}},"404":{"start":{"line":1086,"column":12},"end":{"line":1086,"column":68}},"405":{"start":{"line":1087,"column":12},"end":{"line":1092,"column":14}},"406":{"start":{"line":1093,"column":12},"end":{"line":1102,"column":15}},"407":{"start":{"line":1094,"column":16},"end":{"line":1101,"column":17}},"408":{"start":{"line":1095,"column":20},"end":{"line":1095,"column":56}},"409":{"start":{"line":1096,"column":20},"end":{"line":1096,"column":34}},"410":{"start":{"line":1098,"column":20},"end":{"line":1098,"column":53}},"411":{"start":{"line":1099,"column":20},"end":{"line":1099,"column":60}},"412":{"start":{"line":1100,"column":20},"end":{"line":1100,"column":50}},"413":{"start":{"line":1113,"column":0},"end":{"line":1137,"column":3}},"414":{"start":{"line":1115,"column":4},"end":{"line":1115,"column":36}},"415":{"start":{"line":1116,"column":4},"end":{"line":1116,"column":46}},"416":{"start":{"line":1117,"column":4},"end":{"line":1117,"column":57}},"417":{"start":{"line":1119,"column":4},"end":{"line":1136,"column":5}},"418":{"start":{"line":1121,"column":8},"end":{"line":1121,"column":35}},"419":{"start":{"line":1122,"column":8},"end":{"line":1122,"column":36}},"420":{"start":{"line":1124,"column":8},"end":{"line":1134,"column":4}},"421":{"start":{"line":1126,"column":12},"end":{"line":1132,"column":13}},"422":{"start":{"line":1127,"column":16},"end":{"line":1127,"column":61}},"423":{"start":{"line":1128,"column":16},"end":{"line":1128,"column":30}},"424":{"start":{"line":1130,"column":16},"end":{"line":1130,"column":52}},"425":{"start":{"line":1131,"column":16},"end":{"line":1131,"column":44}},"426":{"start":{"line":1135,"column":8},"end":{"line":1135,"column":22}},"427":{"start":{"line":1145,"column":0},"end":{"line":1165,"column":3}},"428":{"start":{"line":1147,"column":4},"end":{"line":1147,"column":36}},"429":{"start":{"line":1148,"column":4},"end":{"line":1148,"column":46}},"430":{"start":{"line":1149,"column":4},"end":{"line":1149,"column":57}},"431":{"start":{"line":1151,"column":4},"end":{"line":1164,"column":5}},"432":{"start":{"line":1152,"column":8},"end":{"line":1162,"column":4}},"433":{"start":{"line":1154,"column":12},"end":{"line":1160,"column":13}},"434":{"start":{"line":1155,"column":16},"end":{"line":1155,"column":49}},"435":{"start":{"line":1156,"column":16},"end":{"line":1156,"column":30}},"436":{"start":{"line":1158,"column":16},"end":{"line":1158,"column":57}},"437":{"start":{"line":1159,"column":16},"end":{"line":1159,"column":44}},"438":{"start":{"line":1163,"column":8},"end":{"line":1163,"column":22}},"439":{"start":{"line":1182,"column":0},"end":{"line":1217,"column":3}},"440":{"start":{"line":1184,"column":4},"end":{"line":1186,"column":5}},"441":{"start":{"line":1185,"column":8},"end":{"line":1185,"column":22}},"442":{"start":{"line":1188,"column":4},"end":{"line":1188,"column":39}},"443":{"start":{"line":1189,"column":4},"end":{"line":1189,"column":52}},"444":{"start":{"line":1190,"column":4},"end":{"line":1190,"column":35}},"445":{"start":{"line":1192,"column":4},"end":{"line":1217,"column":0}},"446":{"start":{"line":1193,"column":8},"end":{"line":1215,"column":9}},"447":{"start":{"line":1194,"column":12},"end":{"line":1194,"column":30}},"448":{"start":{"line":1195,"column":12},"end":{"line":1195,"column":38}},"449":{"start":{"line":1198,"column":12},"end":{"line":1215,"column":8}},"450":{"start":{"line":1199,"column":16},"end":{"line":1213,"column":17}},"451":{"start":{"line":1200,"column":20},"end":{"line":1200,"column":34}},"452":{"start":{"line":1202,"column":20},"end":{"line":1213,"column":16}},"453":{"start":{"line":1203,"column":24},"end":{"line":1211,"column":25}},"454":{"start":{"line":1204,"column":28},"end":{"line":1204,"column":46}},"455":{"start":{"line":1205,"column":28},"end":{"line":1205,"column":54}},"456":{"start":{"line":1207,"column":28},"end":{"line":1207,"column":82}},"457":{"start":{"line":1208,"column":28},"end":{"line":1208,"column":72}},"458":{"start":{"line":1209,"column":28},"end":{"line":1209,"column":56}},"459":{"start":{"line":1210,"column":28},"end":{"line":1210,"column":54}},"460":{"start":{"line":1224,"column":0},"end":{"line":1224,"column":27}},"461":{"start":{"line":1230,"column":0},"end":{"line":1232,"column":3}},"462":{"start":{"line":1231,"column":4},"end":{"line":1231,"column":71}}},"branchMap":{"1":{"line":28,"type":"binary-expr","locations":[{"start":{"line":28,"column":16},"end":{"line":28,"column":32}},{"start":{"line":28,"column":36},"end":{"line":28,"column":40}}]},"2":{"line":30,"type":"if","locations":[{"start":{"line":30,"column":0},"end":{"line":30,"column":0}},{"start":{"line":30,"column":0},"end":{"line":30,"column":0}}]},"3":{"line":35,"type":"if","locations":[{"start":{"line":35,"column":0},"end":{"line":35,"column":0}},{"start":{"line":35,"column":0},"end":{"line":35,"column":0}}]},"4":{"line":85,"type":"if","locations":[{"start":{"line":85,"column":8},"end":{"line":85,"column":8}},{"start":{"line":85,"column":8},"end":{"line":85,"column":8}}]},"5":{"line":88,"type":"if","locations":[{"start":{"line":88,"column":12},"end":{"line":88,"column":12}},{"start":{"line":88,"column":12},"end":{"line":88,"column":12}}]},"6":{"line":100,"type":"if","locations":[{"start":{"line":100,"column":8},"end":{"line":100,"column":8}},{"start":{"line":100,"column":8},"end":{"line":100,"column":8}}]},"7":{"line":100,"type":"binary-expr","locations":[{"start":{"line":100,"column":11},"end":{"line":100,"column":14}},{"start":{"line":100,"column":18},"end":{"line":100,"column":24}}]},"8":{"line":101,"type":"if","locations":[{"start":{"line":101,"column":8},"end":{"line":101,"column":8}},{"start":{"line":101,"column":8},"end":{"line":101,"column":8}}]},"9":{"line":108,"type":"if","locations":[{"start":{"line":108,"column":8},"end":{"line":108,"column":8}},{"start":{"line":108,"column":8},"end":{"line":108,"column":8}}]},"10":{"line":108,"type":"binary-expr","locations":[{"start":{"line":108,"column":11},"end":{"line":108,"column":14}},{"start":{"line":108,"column":18},"end":{"line":108,"column":24}}]},"11":{"line":109,"type":"if","locations":[{"start":{"line":109,"column":8},"end":{"line":109,"column":8}},{"start":{"line":109,"column":8},"end":{"line":109,"column":8}}]},"12":{"line":120,"type":"if","locations":[{"start":{"line":120,"column":8},"end":{"line":120,"column":8}},{"start":{"line":120,"column":8},"end":{"line":120,"column":8}}]},"13":{"line":121,"type":"if","locations":[{"start":{"line":121,"column":8},"end":{"line":121,"column":8}},{"start":{"line":121,"column":8},"end":{"line":121,"column":8}}]},"14":{"line":125,"type":"if","locations":[{"start":{"line":125,"column":12},"end":{"line":125,"column":12}},{"start":{"line":125,"column":12},"end":{"line":125,"column":12}}]},"15":{"line":125,"type":"binary-expr","locations":[{"start":{"line":125,"column":15},"end":{"line":125,"column":18}},{"start":{"line":125,"column":22},"end":{"line":125,"column":30}}]},"16":{"line":154,"type":"if","locations":[{"start":{"line":154,"column":4},"end":{"line":154,"column":4}},{"start":{"line":154,"column":4},"end":{"line":154,"column":4}}]},"17":{"line":165,"type":"cond-expr","locations":[{"start":{"line":165,"column":49},"end":{"line":165,"column":57}},{"start":{"line":165,"column":60},"end":{"line":165,"column":63}}]},"18":{"line":198,"type":"cond-expr","locations":[{"start":{"line":198,"column":44},"end":{"line":198,"column":107}},{"start":{"line":198,"column":110},"end":{"line":198,"column":114}}]},"19":{"line":199,"type":"cond-expr","locations":[{"start":{"line":199,"column":40},"end":{"line":199,"column":101}},{"start":{"line":199,"column":104},"end":{"line":199,"column":108}}]},"20":{"line":201,"type":"if","locations":[{"start":{"line":201,"column":4},"end":{"line":201,"column":4}},{"start":{"line":201,"column":4},"end":{"line":201,"column":4}}]},"21":{"line":202,"type":"if","locations":[{"start":{"line":202,"column":4},"end":{"line":202,"column":4}},{"start":{"line":202,"column":4},"end":{"line":202,"column":4}}]},"22":{"line":207,"type":"if","locations":[{"start":{"line":207,"column":4},"end":{"line":207,"column":4}},{"start":{"line":207,"column":4},"end":{"line":207,"column":4}}]},"23":{"line":210,"type":"if","locations":[{"start":{"line":210,"column":4},"end":{"line":210,"column":4}},{"start":{"line":210,"column":4},"end":{"line":210,"column":4}}]},"24":{"line":214,"type":"if","locations":[{"start":{"line":214,"column":4},"end":{"line":214,"column":4}},{"start":{"line":214,"column":4},"end":{"line":214,"column":4}}]},"25":{"line":237,"type":"if","locations":[{"start":{"line":237,"column":8},"end":{"line":237,"column":8}},{"start":{"line":237,"column":8},"end":{"line":237,"column":8}}]},"26":{"line":237,"type":"binary-expr","locations":[{"start":{"line":237,"column":11},"end":{"line":237,"column":14}},{"start":{"line":237,"column":18},"end":{"line":237,"column":24}}]},"27":{"line":240,"type":"if","locations":[{"start":{"line":240,"column":14},"end":{"line":240,"column":14}},{"start":{"line":240,"column":14},"end":{"line":240,"column":14}}]},"28":{"line":437,"type":"cond-expr","locations":[{"start":{"line":437,"column":65},"end":{"line":437,"column":88}},{"start":{"line":437,"column":91},"end":{"line":437,"column":95}}]},"29":{"line":438,"type":"cond-expr","locations":[{"start":{"line":438,"column":64},"end":{"line":438,"column":86}},{"start":{"line":438,"column":89},"end":{"line":438,"column":93}}]},"30":{"line":439,"type":"cond-expr","locations":[{"start":{"line":439,"column":60},"end":{"line":439,"column":78}},{"start":{"line":439,"column":81},"end":{"line":439,"column":85}}]},"31":{"line":440,"type":"cond-expr","locations":[{"start":{"line":440,"column":77},"end":{"line":440,"column":95}},{"start":{"line":440,"column":98},"end":{"line":440,"column":102}}]},"32":{"line":440,"type":"binary-expr","locations":[{"start":{"line":440,"column":38},"end":{"line":440,"column":51}},{"start":{"line":440,"column":55},"end":{"line":440,"column":73}}]},"33":{"line":441,"type":"cond-expr","locations":[{"start":{"line":441,"column":58},"end":{"line":441,"column":74}},{"start":{"line":441,"column":77},"end":{"line":441,"column":81}}]},"34":{"line":442,"type":"cond-expr","locations":[{"start":{"line":442,"column":64},"end":{"line":442,"column":86}},{"start":{"line":442,"column":89},"end":{"line":442,"column":93}}]},"35":{"line":443,"type":"cond-expr","locations":[{"start":{"line":443,"column":57},"end":{"line":443,"column":72}},{"start":{"line":443,"column":75},"end":{"line":443,"column":79}}]},"36":{"line":446,"type":"cond-expr","locations":[{"start":{"line":446,"column":59},"end":{"line":446,"column":126}},{"start":{"line":446,"column":129},"end":{"line":446,"column":133}}]},"37":{"line":447,"type":"cond-expr","locations":[{"start":{"line":447,"column":59},"end":{"line":447,"column":126}},{"start":{"line":447,"column":129},"end":{"line":447,"column":133}}]},"38":{"line":448,"type":"cond-expr","locations":[{"start":{"line":448,"column":60},"end":{"line":448,"column":64}},{"start":{"line":448,"column":67},"end":{"line":448,"column":71}}]},"39":{"line":449,"type":"cond-expr","locations":[{"start":{"line":449,"column":59},"end":{"line":449,"column":63}},{"start":{"line":449,"column":66},"end":{"line":449,"column":70}}]},"40":{"line":450,"type":"cond-expr","locations":[{"start":{"line":450,"column":61},"end":{"line":450,"column":65}},{"start":{"line":450,"column":68},"end":{"line":450,"column":72}}]},"41":{"line":453,"type":"cond-expr","locations":[{"start":{"line":453,"column":62},"end":{"line":453,"column":132}},{"start":{"line":453,"column":135},"end":{"line":453,"column":139}}]},"42":{"line":456,"type":"cond-expr","locations":[{"start":{"line":456,"column":62},"end":{"line":456,"column":66}},{"start":{"line":456,"column":69},"end":{"line":456,"column":73}}]},"43":{"line":457,"type":"cond-expr","locations":[{"start":{"line":457,"column":71},"end":{"line":457,"column":100}},{"start":{"line":457,"column":103},"end":{"line":457,"column":107}}]},"44":{"line":458,"type":"cond-expr","locations":[{"start":{"line":459,"column":24},"end":{"line":474,"column":39}},{"start":{"line":474,"column":42},"end":{"line":474,"column":46}}]},"45":{"line":458,"type":"binary-expr","locations":[{"start":{"line":458,"column":38},"end":{"line":458,"column":56}},{"start":{"line":458,"column":60},"end":{"line":458,"column":96}}]},"46":{"line":462,"type":"cond-expr","locations":[{"start":{"line":462,"column":63},"end":{"line":462,"column":129}},{"start":{"line":462,"column":132},"end":{"line":462,"column":134}}]},"47":{"line":463,"type":"cond-expr","locations":[{"start":{"line":463,"column":58},"end":{"line":463,"column":119}},{"start":{"line":463,"column":122},"end":{"line":463,"column":124}}]},"48":{"line":464,"type":"cond-expr","locations":[{"start":{"line":464,"column":60},"end":{"line":464,"column":122}},{"start":{"line":464,"column":125},"end":{"line":464,"column":127}}]},"49":{"line":465,"type":"cond-expr","locations":[{"start":{"line":465,"column":52},"end":{"line":465,"column":110}},{"start":{"line":465,"column":113},"end":{"line":465,"column":115}}]},"50":{"line":477,"type":"cond-expr","locations":[{"start":{"line":477,"column":111},"end":{"line":477,"column":142}},{"start":{"line":477,"column":145},"end":{"line":477,"column":149}}]},"51":{"line":477,"type":"binary-expr","locations":[{"start":{"line":477,"column":46},"end":{"line":477,"column":72}},{"start":{"line":477,"column":76},"end":{"line":477,"column":107}}]},"52":{"line":478,"type":"cond-expr","locations":[{"start":{"line":478,"column":71},"end":{"line":478,"column":92}},{"start":{"line":478,"column":95},"end":{"line":478,"column":99}}]},"53":{"line":479,"type":"cond-expr","locations":[{"start":{"line":479,"column":75},"end":{"line":479,"column":100}},{"start":{"line":479,"column":103},"end":{"line":479,"column":107}}]},"54":{"line":480,"type":"cond-expr","locations":[{"start":{"line":480,"column":83},"end":{"line":480,"column":116}},{"start":{"line":480,"column":119},"end":{"line":480,"column":123}}]},"55":{"line":481,"type":"cond-expr","locations":[{"start":{"line":481,"column":71},"end":{"line":481,"column":92}},{"start":{"line":481,"column":95},"end":{"line":481,"column":99}}]},"56":{"line":482,"type":"cond-expr","locations":[{"start":{"line":482,"column":76},"end":{"line":482,"column":102}},{"start":{"line":482,"column":105},"end":{"line":482,"column":109}}]},"57":{"line":483,"type":"cond-expr","locations":[{"start":{"line":483,"column":97},"end":{"line":483,"column":121}},{"start":{"line":483,"column":124},"end":{"line":483,"column":128}}]},"58":{"line":483,"type":"binary-expr","locations":[{"start":{"line":483,"column":46},"end":{"line":483,"column":65}},{"start":{"line":483,"column":69},"end":{"line":483,"column":93}}]},"59":{"line":484,"type":"cond-expr","locations":[{"start":{"line":484,"column":74},"end":{"line":484,"column":98}},{"start":{"line":484,"column":101},"end":{"line":484,"column":105}}]},"60":{"line":485,"type":"cond-expr","locations":[{"start":{"line":485,"column":97},"end":{"line":485,"column":121}},{"start":{"line":485,"column":124},"end":{"line":485,"column":128}}]},"61":{"line":485,"type":"binary-expr","locations":[{"start":{"line":485,"column":46},"end":{"line":485,"column":65}},{"start":{"line":485,"column":69},"end":{"line":485,"column":93}}]},"62":{"line":486,"type":"cond-expr","locations":[{"start":{"line":486,"column":72},"end":{"line":486,"column":94}},{"start":{"line":486,"column":97},"end":{"line":486,"column":101}}]},"63":{"line":487,"type":"cond-expr","locations":[{"start":{"line":487,"column":107},"end":{"line":487,"column":136}},{"start":{"line":487,"column":139},"end":{"line":487,"column":143}}]},"64":{"line":487,"type":"binary-expr","locations":[{"start":{"line":487,"column":46},"end":{"line":487,"column":70}},{"start":{"line":487,"column":74},"end":{"line":487,"column":103}}]},"65":{"line":490,"type":"cond-expr","locations":[{"start":{"line":490,"column":71},"end":{"line":490,"column":142}},{"start":{"line":490,"column":145},"end":{"line":490,"column":149}}]},"66":{"line":491,"type":"cond-expr","locations":[{"start":{"line":491,"column":79},"end":{"line":491,"column":158}},{"start":{"line":491,"column":161},"end":{"line":491,"column":165}}]},"67":{"line":492,"type":"cond-expr","locations":[{"start":{"line":492,"column":111},"end":{"line":492,"column":142}},{"start":{"line":492,"column":145},"end":{"line":492,"column":149}}]},"68":{"line":492,"type":"binary-expr","locations":[{"start":{"line":492,"column":46},"end":{"line":492,"column":72}},{"start":{"line":492,"column":76},"end":{"line":492,"column":107}}]},"69":{"line":493,"type":"cond-expr","locations":[{"start":{"line":493,"column":81},"end":{"line":493,"column":162}},{"start":{"line":493,"column":165},"end":{"line":493,"column":169}}]},"70":{"line":494,"type":"cond-expr","locations":[{"start":{"line":494,"column":77},"end":{"line":494,"column":104}},{"start":{"line":494,"column":107},"end":{"line":494,"column":111}}]},"71":{"line":495,"type":"cond-expr","locations":[{"start":{"line":495,"column":89},"end":{"line":495,"column":128}},{"start":{"line":495,"column":131},"end":{"line":495,"column":135}}]},"72":{"line":496,"type":"cond-expr","locations":[{"start":{"line":496,"column":87},"end":{"line":496,"column":124}},{"start":{"line":496,"column":127},"end":{"line":496,"column":131}}]},"73":{"line":497,"type":"cond-expr","locations":[{"start":{"line":497,"column":73},"end":{"line":497,"column":96}},{"start":{"line":497,"column":99},"end":{"line":497,"column":103}}]},"74":{"line":500,"type":"cond-expr","locations":[{"start":{"line":500,"column":106},"end":{"line":500,"column":183}},{"start":{"line":500,"column":186},"end":{"line":500,"column":190}}]},"75":{"line":500,"type":"binary-expr","locations":[{"start":{"line":500,"column":46},"end":{"line":500,"column":68}},{"start":{"line":500,"column":72},"end":{"line":500,"column":102}}]},"76":{"line":503,"type":"cond-expr","locations":[{"start":{"line":503,"column":97},"end":{"line":503,"column":125}},{"start":{"line":503,"column":128},"end":{"line":503,"column":132}}]},"77":{"line":503,"type":"binary-expr","locations":[{"start":{"line":503,"column":46},"end":{"line":503,"column":61}},{"start":{"line":503,"column":65},"end":{"line":503,"column":93}}]},"78":{"line":504,"type":"cond-expr","locations":[{"start":{"line":504,"column":90},"end":{"line":504,"column":111}},{"start":{"line":504,"column":114},"end":{"line":504,"column":118}}]},"79":{"line":504,"type":"binary-expr","locations":[{"start":{"line":504,"column":46},"end":{"line":504,"column":61}},{"start":{"line":504,"column":65},"end":{"line":504,"column":86}}]},"80":{"line":505,"type":"cond-expr","locations":[{"start":{"line":505,"column":91},"end":{"line":505,"column":113}},{"start":{"line":505,"column":116},"end":{"line":505,"column":120}}]},"81":{"line":505,"type":"binary-expr","locations":[{"start":{"line":505,"column":46},"end":{"line":505,"column":61}},{"start":{"line":505,"column":65},"end":{"line":505,"column":87}}]},"82":{"line":506,"type":"cond-expr","locations":[{"start":{"line":506,"column":96},"end":{"line":506,"column":123}},{"start":{"line":506,"column":126},"end":{"line":506,"column":130}}]},"83":{"line":506,"type":"binary-expr","locations":[{"start":{"line":506,"column":46},"end":{"line":506,"column":61}},{"start":{"line":506,"column":65},"end":{"line":506,"column":92}}]},"84":{"line":507,"type":"cond-expr","locations":[{"start":{"line":507,"column":94},"end":{"line":507,"column":119}},{"start":{"line":507,"column":122},"end":{"line":507,"column":126}}]},"85":{"line":507,"type":"binary-expr","locations":[{"start":{"line":507,"column":46},"end":{"line":507,"column":61}},{"start":{"line":507,"column":65},"end":{"line":507,"column":90}}]},"86":{"line":508,"type":"cond-expr","locations":[{"start":{"line":508,"column":107},"end":{"line":508,"column":145}},{"start":{"line":508,"column":148},"end":{"line":508,"column":152}}]},"87":{"line":508,"type":"binary-expr","locations":[{"start":{"line":508,"column":46},"end":{"line":508,"column":61}},{"start":{"line":508,"column":65},"end":{"line":508,"column":103}}]},"88":{"line":509,"type":"cond-expr","locations":[{"start":{"line":509,"column":105},"end":{"line":509,"column":141}},{"start":{"line":509,"column":144},"end":{"line":509,"column":148}}]},"89":{"line":509,"type":"binary-expr","locations":[{"start":{"line":509,"column":46},"end":{"line":509,"column":61}},{"start":{"line":509,"column":65},"end":{"line":509,"column":101}}]},"90":{"line":510,"type":"cond-expr","locations":[{"start":{"line":510,"column":95},"end":{"line":510,"column":121}},{"start":{"line":510,"column":124},"end":{"line":510,"column":128}}]},"91":{"line":510,"type":"binary-expr","locations":[{"start":{"line":510,"column":46},"end":{"line":510,"column":61}},{"start":{"line":510,"column":65},"end":{"line":510,"column":91}}]},"92":{"line":511,"type":"cond-expr","locations":[{"start":{"line":511,"column":90},"end":{"line":511,"column":111}},{"start":{"line":511,"column":114},"end":{"line":511,"column":118}}]},"93":{"line":511,"type":"binary-expr","locations":[{"start":{"line":511,"column":46},"end":{"line":511,"column":61}},{"start":{"line":511,"column":65},"end":{"line":511,"column":86}}]},"94":{"line":599,"type":"if","locations":[{"start":{"line":599,"column":4},"end":{"line":599,"column":4}},{"start":{"line":599,"column":4},"end":{"line":599,"column":4}}]},"95":{"line":605,"type":"if","locations":[{"start":{"line":605,"column":8},"end":{"line":605,"column":8}},{"start":{"line":605,"column":8},"end":{"line":605,"column":8}}]},"96":{"line":609,"type":"if","locations":[{"start":{"line":609,"column":16},"end":{"line":609,"column":16}},{"start":{"line":609,"column":16},"end":{"line":609,"column":16}}]},"97":{"line":609,"type":"binary-expr","locations":[{"start":{"line":609,"column":19},"end":{"line":609,"column":22}},{"start":{"line":609,"column":26},"end":{"line":609,"column":32}}]},"98":{"line":621,"type":"if","locations":[{"start":{"line":621,"column":16},"end":{"line":621,"column":16}},{"start":{"line":621,"column":16},"end":{"line":621,"column":16}}]},"99":{"line":621,"type":"binary-expr","locations":[{"start":{"line":621,"column":19},"end":{"line":621,"column":22}},{"start":{"line":621,"column":26},"end":{"line":621,"column":32}}]},"100":{"line":629,"type":"if","locations":[{"start":{"line":629,"column":10},"end":{"line":629,"column":10}},{"start":{"line":629,"column":10},"end":{"line":629,"column":10}}]},"101":{"line":636,"type":"if","locations":[{"start":{"line":636,"column":12},"end":{"line":636,"column":12}},{"start":{"line":636,"column":12},"end":{"line":636,"column":12}}]},"102":{"line":664,"type":"if","locations":[{"start":{"line":664,"column":4},"end":{"line":664,"column":4}},{"start":{"line":664,"column":4},"end":{"line":664,"column":4}}]},"103":{"line":677,"type":"if","locations":[{"start":{"line":677,"column":12},"end":{"line":677,"column":12}},{"start":{"line":677,"column":12},"end":{"line":677,"column":12}}]},"104":{"line":677,"type":"binary-expr","locations":[{"start":{"line":677,"column":15},"end":{"line":677,"column":18}},{"start":{"line":677,"column":22},"end":{"line":677,"column":28}}]},"105":{"line":701,"type":"if","locations":[{"start":{"line":701,"column":4},"end":{"line":701,"column":4}},{"start":{"line":701,"column":4},"end":{"line":701,"column":4}}]},"106":{"line":707,"type":"if","locations":[{"start":{"line":707,"column":4},"end":{"line":707,"column":4}},{"start":{"line":707,"column":4},"end":{"line":707,"column":4}}]},"107":{"line":707,"type":"binary-expr","locations":[{"start":{"line":707,"column":7},"end":{"line":707,"column":12}},{"start":{"line":707,"column":16},"end":{"line":707,"column":44}}]},"108":{"line":721,"type":"if","locations":[{"start":{"line":721,"column":8},"end":{"line":721,"column":8}},{"start":{"line":721,"column":8},"end":{"line":721,"column":8}}]},"109":{"line":721,"type":"binary-expr","locations":[{"start":{"line":721,"column":12},"end":{"line":721,"column":15}},{"start":{"line":721,"column":19},"end":{"line":721,"column":28}}]},"110":{"line":729,"type":"if","locations":[{"start":{"line":729,"column":12},"end":{"line":729,"column":12}},{"start":{"line":729,"column":12},"end":{"line":729,"column":12}}]},"111":{"line":731,"type":"if","locations":[{"start":{"line":731,"column":18},"end":{"line":731,"column":18}},{"start":{"line":731,"column":18},"end":{"line":731,"column":18}}]},"112":{"line":735,"type":"if","locations":[{"start":{"line":735,"column":12},"end":{"line":735,"column":12}},{"start":{"line":735,"column":12},"end":{"line":735,"column":12}}]},"113":{"line":752,"type":"if","locations":[{"start":{"line":752,"column":4},"end":{"line":752,"column":4}},{"start":{"line":752,"column":4},"end":{"line":752,"column":4}}]},"114":{"line":768,"type":"if","locations":[{"start":{"line":768,"column":8},"end":{"line":768,"column":8}},{"start":{"line":768,"column":8},"end":{"line":768,"column":8}}]},"115":{"line":797,"type":"if","locations":[{"start":{"line":797,"column":4},"end":{"line":797,"column":4}},{"start":{"line":797,"column":4},"end":{"line":797,"column":4}}]},"116":{"line":808,"type":"if","locations":[{"start":{"line":808,"column":4},"end":{"line":808,"column":4}},{"start":{"line":808,"column":4},"end":{"line":808,"column":4}}]},"117":{"line":808,"type":"binary-expr","locations":[{"start":{"line":808,"column":7},"end":{"line":808,"column":16}},{"start":{"line":808,"column":20},"end":{"line":808,"column":29}}]},"118":{"line":814,"type":"if","locations":[{"start":{"line":814,"column":4},"end":{"line":814,"column":4}},{"start":{"line":814,"column":4},"end":{"line":814,"column":4}}]},"119":{"line":814,"type":"binary-expr","locations":[{"start":{"line":814,"column":7},"end":{"line":814,"column":36}},{"start":{"line":814,"column":40},"end":{"line":814,"column":64}}]},"120":{"line":820,"type":"if","locations":[{"start":{"line":820,"column":4},"end":{"line":820,"column":4}},{"start":{"line":820,"column":4},"end":{"line":820,"column":4}}]},"121":{"line":836,"type":"if","locations":[{"start":{"line":836,"column":8},"end":{"line":836,"column":8}},{"start":{"line":836,"column":8},"end":{"line":836,"column":8}}]},"122":{"line":836,"type":"binary-expr","locations":[{"start":{"line":836,"column":12},"end":{"line":836,"column":15}},{"start":{"line":836,"column":19},"end":{"line":836,"column":24}}]},"123":{"line":841,"type":"if","locations":[{"start":{"line":841,"column":16},"end":{"line":841,"column":16}},{"start":{"line":841,"column":16},"end":{"line":841,"column":16}}]},"124":{"line":841,"type":"binary-expr","locations":[{"start":{"line":841,"column":20},"end":{"line":841,"column":23}},{"start":{"line":841,"column":27},"end":{"line":841,"column":34}}]},"125":{"line":862,"type":"if","locations":[{"start":{"line":862,"column":4},"end":{"line":862,"column":4}},{"start":{"line":862,"column":4},"end":{"line":862,"column":4}}]},"126":{"line":862,"type":"binary-expr","locations":[{"start":{"line":862,"column":8},"end":{"line":862,"column":30}},{"start":{"line":862,"column":34},"end":{"line":862,"column":58}}]},"127":{"line":867,"type":"if","locations":[{"start":{"line":867,"column":4},"end":{"line":867,"column":4}},{"start":{"line":867,"column":4},"end":{"line":867,"column":4}}]},"128":{"line":867,"type":"binary-expr","locations":[{"start":{"line":867,"column":7},"end":{"line":867,"column":17}},{"start":{"line":867,"column":21},"end":{"line":867,"column":40}}]},"129":{"line":874,"type":"if","locations":[{"start":{"line":874,"column":8},"end":{"line":874,"column":8}},{"start":{"line":874,"column":8},"end":{"line":874,"column":8}}]},"130":{"line":874,"type":"binary-expr","locations":[{"start":{"line":874,"column":12},"end":{"line":874,"column":15}},{"start":{"line":874,"column":19},"end":{"line":874,"column":33}}]},"131":{"line":899,"type":"if","locations":[{"start":{"line":899,"column":4},"end":{"line":899,"column":4}},{"start":{"line":899,"column":4},"end":{"line":899,"column":4}}]},"132":{"line":906,"type":"if","locations":[{"start":{"line":906,"column":4},"end":{"line":906,"column":4}},{"start":{"line":906,"column":4},"end":{"line":906,"column":4}}]},"133":{"line":906,"type":"binary-expr","locations":[{"start":{"line":906,"column":7},"end":{"line":906,"column":12}},{"start":{"line":906,"column":16},"end":{"line":906,"column":44}}]},"134":{"line":928,"type":"if","locations":[{"start":{"line":928,"column":8},"end":{"line":928,"column":8}},{"start":{"line":928,"column":8},"end":{"line":928,"column":8}}]},"135":{"line":928,"type":"binary-expr","locations":[{"start":{"line":928,"column":12},"end":{"line":928,"column":15}},{"start":{"line":928,"column":19},"end":{"line":928,"column":26}}]},"136":{"line":954,"type":"if","locations":[{"start":{"line":954,"column":4},"end":{"line":954,"column":4}},{"start":{"line":954,"column":4},"end":{"line":954,"column":4}}]},"137":{"line":959,"type":"if","locations":[{"start":{"line":959,"column":8},"end":{"line":959,"column":8}},{"start":{"line":959,"column":8},"end":{"line":959,"column":8}}]},"138":{"line":968,"type":"if","locations":[{"start":{"line":968,"column":12},"end":{"line":968,"column":12}},{"start":{"line":968,"column":12},"end":{"line":968,"column":12}}]},"139":{"line":968,"type":"binary-expr","locations":[{"start":{"line":968,"column":16},"end":{"line":968,"column":19}},{"start":{"line":968,"column":23},"end":{"line":968,"column":29}}]},"140":{"line":993,"type":"if","locations":[{"start":{"line":993,"column":4},"end":{"line":993,"column":4}},{"start":{"line":993,"column":4},"end":{"line":993,"column":4}}]},"141":{"line":1005,"type":"if","locations":[{"start":{"line":1005,"column":12},"end":{"line":1005,"column":12}},{"start":{"line":1005,"column":12},"end":{"line":1005,"column":12}}]},"142":{"line":1005,"type":"binary-expr","locations":[{"start":{"line":1005,"column":16},"end":{"line":1005,"column":19}},{"start":{"line":1005,"column":23},"end":{"line":1005,"column":29}}]},"143":{"line":1040,"type":"if","locations":[{"start":{"line":1040,"column":4},"end":{"line":1040,"column":4}},{"start":{"line":1040,"column":4},"end":{"line":1040,"column":4}}]},"144":{"line":1048,"type":"if","locations":[{"start":{"line":1048,"column":4},"end":{"line":1048,"column":4}},{"start":{"line":1048,"column":4},"end":{"line":1048,"column":4}}]},"145":{"line":1048,"type":"binary-expr","locations":[{"start":{"line":1048,"column":7},"end":{"line":1048,"column":12}},{"start":{"line":1048,"column":16},"end":{"line":1048,"column":44}}]},"146":{"line":1056,"type":"if","locations":[{"start":{"line":1056,"column":8},"end":{"line":1056,"column":8}},{"start":{"line":1056,"column":8},"end":{"line":1056,"column":8}}]},"147":{"line":1056,"type":"binary-expr","locations":[{"start":{"line":1056,"column":12},"end":{"line":1056,"column":15}},{"start":{"line":1056,"column":19},"end":{"line":1056,"column":25}},{"start":{"line":1056,"column":29},"end":{"line":1056,"column":46}}]},"148":{"line":1073,"type":"if","locations":[{"start":{"line":1073,"column":16},"end":{"line":1073,"column":16}},{"start":{"line":1073,"column":16},"end":{"line":1073,"column":16}}]},"149":{"line":1073,"type":"binary-expr","locations":[{"start":{"line":1073,"column":20},"end":{"line":1073,"column":23}},{"start":{"line":1073,"column":27},"end":{"line":1073,"column":35}}]},"150":{"line":1094,"type":"if","locations":[{"start":{"line":1094,"column":16},"end":{"line":1094,"column":16}},{"start":{"line":1094,"column":16},"end":{"line":1094,"column":16}}]},"151":{"line":1094,"type":"binary-expr","locations":[{"start":{"line":1094,"column":20},"end":{"line":1094,"column":23}},{"start":{"line":1094,"column":27},"end":{"line":1094,"column":35}}]},"152":{"line":1119,"type":"if","locations":[{"start":{"line":1119,"column":4},"end":{"line":1119,"column":4}},{"start":{"line":1119,"column":4},"end":{"line":1119,"column":4}}]},"153":{"line":1126,"type":"if","locations":[{"start":{"line":1126,"column":12},"end":{"line":1126,"column":12}},{"start":{"line":1126,"column":12},"end":{"line":1126,"column":12}}]},"154":{"line":1126,"type":"binary-expr","locations":[{"start":{"line":1126,"column":16},"end":{"line":1126,"column":19}},{"start":{"line":1126,"column":23},"end":{"line":1126,"column":29}},{"start":{"line":1126,"column":33},"end":{"line":1126,"column":46}}]},"155":{"line":1151,"type":"if","locations":[{"start":{"line":1151,"column":4},"end":{"line":1151,"column":4}},{"start":{"line":1151,"column":4},"end":{"line":1151,"column":4}}]},"156":{"line":1154,"type":"if","locations":[{"start":{"line":1154,"column":12},"end":{"line":1154,"column":12}},{"start":{"line":1154,"column":12},"end":{"line":1154,"column":12}}]},"157":{"line":1154,"type":"binary-expr","locations":[{"start":{"line":1154,"column":16},"end":{"line":1154,"column":19}},{"start":{"line":1154,"column":23},"end":{"line":1154,"column":29}},{"start":{"line":1154,"column":33},"end":{"line":1154,"column":46}}]},"158":{"line":1184,"type":"if","locations":[{"start":{"line":1184,"column":4},"end":{"line":1184,"column":4}},{"start":{"line":1184,"column":4},"end":{"line":1184,"column":4}}]},"159":{"line":1193,"type":"if","locations":[{"start":{"line":1193,"column":8},"end":{"line":1193,"column":8}},{"start":{"line":1193,"column":8},"end":{"line":1193,"column":8}}]},"160":{"line":1199,"type":"if","locations":[{"start":{"line":1199,"column":16},"end":{"line":1199,"column":16}},{"start":{"line":1199,"column":16},"end":{"line":1199,"column":16}}]},"161":{"line":1203,"type":"if","locations":[{"start":{"line":1203,"column":24},"end":{"line":1203,"column":24}},{"start":{"line":1203,"column":24},"end":{"line":1203,"column":24}}]}}},"/home/chris/git/angular-express-seed/logging.js":{"path":"/home/chris/git/angular-express-seed/logging.js","s":{"1":1,"2":1,"3":1,"4":1,"5":1,"6":58},"b":{},"f":{"1":58},"fnMap":{"1":{"name":"(anonymous_1)","line":39,"loc":{"start":{"line":39,"column":11},"end":{"line":39,"column":38}}}},"statementMap":{"1":{"start":{"line":1,"column":0},"end":{"line":1,"column":33}},"2":{"start":{"line":2,"column":0},"end":{"line":2,"column":24}},"3":{"start":{"line":4,"column":0},"end":{"line":35,"column":3}},"4":{"start":{"line":37,"column":0},"end":{"line":37,"column":24}},"5":{"start":{"line":38,"column":0},"end":{"line":42,"column":2}},"6":{"start":{"line":40,"column":8},"end":{"line":40,"column":49}}},"branchMap":{}},"/home/chris/git/angular-express-seed/routes/index.js":{"path":"/home/chris/git/angular-express-seed/routes/index.js","s":{"1":1,"2":0,"3":1,"4":0,"5":0},"b":{},"f":{"1":0,"2":0},"fnMap":{"1":{"name":"(anonymous_1)","line":6,"loc":{"start":{"line":6,"column":16},"end":{"line":6,"column":34}}},"2":{"name":"(anonymous_2)","line":10,"loc":{"start":{"line":10,"column":19},"end":{"line":10,"column":39}}}},"statementMap":{"1":{"start":{"line":6,"column":0},"end":{"line":8,"column":2}},"2":{"start":{"line":7,"column":2},"end":{"line":7,"column":22}},"3":{"start":{"line":10,"column":0},"end":{"line":13,"column":2}},"4":{"start":{"line":11,"column":2},"end":{"line":11,"column":29}},"5":{"start":{"line":12,"column":2},"end":{"line":12,"column":33}}},"branchMap":{}},"/home/chris/git/angular-express-seed/routes/api.js":{"path":"/home/chris/git/angular-express-seed/routes/api.js","s":{"1":1,"2":0},"b":{},"f":{"1":0},"fnMap":{"1":{"name":"(anonymous_1)","line":5,"loc":{"start":{"line":5,"column":15},"end":{"line":5,"column":35}}}},"statementMap":{"1":{"start":{"line":5,"column":0},"end":{"line":9,"column":2}},"2":{"start":{"line":6,"column":2},"end":{"line":8,"column":5}}},"branchMap":{}},"/home/chris/git/angular-express-seed/db_mongo.js":{"path":"/home/chris/git/angular-express-seed/db_mongo.js","s":{"1":1,"2":1,"3":1,"4":1,"5":1,"6":1,"7":1,"8":1,"9":1,"10":1,"11":26,"12":26,"13":26,"14":0,"15":0,"16":1,"17":1,"18":1,"19":1,"20":0,"21":0,"22":1},"b":{"1":[26,0],"2":[26,0],"3":[0,26],"4":[26,26],"5":[1,0],"6":[1,0],"7":[0,1],"8":[1,1]},"f":{"1":26,"2":1},"fnMap":{"1":{"name":"(anonymous_1)","line":37,"loc":{"start":{"line":37,"column":34},"end":{"line":37,"column":53}}},"2":{"name":"(anonymous_2)","line":53,"loc":{"start":{"line":53,"column":31},"end":{"line":53,"column":50}}}},"statementMap":{"1":{"start":{"line":5,"column":0},"end":{"line":5,"column":25}},"2":{"start":{"line":6,"column":0},"end":{"line":6,"column":61}},"3":{"start":{"line":7,"column":0},"end":{"line":7,"column":77}},"4":{"start":{"line":8,"column":0},"end":{"line":8,"column":34}},"5":{"start":{"line":13,"column":0},"end":{"line":16,"column":2}},"6":{"start":{"line":21,"column":0},"end":{"line":24,"column":2}},"7":{"start":{"line":26,"column":0},"end":{"line":29,"column":2}},"8":{"start":{"line":33,"column":0},"end":{"line":33,"column":28}},"9":{"start":{"line":34,"column":0},"end":{"line":34,"column":33}},"10":{"start":{"line":36,"column":0},"end":{"line":47,"column":1}},"11":{"start":{"line":37,"column":4},"end":{"line":46,"column":7}},"12":{"start":{"line":38,"column":8},"end":{"line":45,"column":9}},"13":{"start":{"line":40,"column":12},"end":{"line":42,"column":13}},"14":{"start":{"line":41,"column":16},"end":{"line":41,"column":65}},"15":{"start":{"line":44,"column":12},"end":{"line":44,"column":76}},"16":{"start":{"line":51,"column":0},"end":{"line":51,"column":138}},"17":{"start":{"line":53,"column":0},"end":{"line":61,"column":3}},"18":{"start":{"line":54,"column":4},"end":{"line":60,"column":5}},"19":{"start":{"line":55,"column":8},"end":{"line":57,"column":9}},"20":{"start":{"line":56,"column":12},"end":{"line":56,"column":61}},"21":{"start":{"line":59,"column":8},"end":{"line":59,"column":71}},"22":{"start":{"line":64,"column":0},"end":{"line":64,"column":20}}},"branchMap":{"1":{"line":38,"type":"if","locations":[{"start":{"line":38,"column":8},"end":{"line":38,"column":8}},{"start":{"line":38,"column":8},"end":{"line":38,"column":8}}]},"2":{"line":38,"type":"binary-expr","locations":[{"start":{"line":38,"column":12},"end":{"line":38,"column":15}},{"start":{"line":38,"column":19},"end":{"line":38,"column":23}}]},"3":{"line":40,"type":"if","locations":[{"start":{"line":40,"column":12},"end":{"line":40,"column":12}},{"start":{"line":40,"column":12},"end":{"line":40,"column":12}}]},"4":{"line":40,"type":"binary-expr","locations":[{"start":{"line":40,"column":15},"end":{"line":40,"column":18}},{"start":{"line":40,"column":22},"end":{"line":40,"column":39}}]},"5":{"line":54,"type":"if","locations":[{"start":{"line":54,"column":4},"end":{"line":54,"column":4}},{"start":{"line":54,"column":4},"end":{"line":54,"column":4}}]},"6":{"line":54,"type":"binary-expr","locations":[{"start":{"line":54,"column":8},"end":{"line":54,"column":11}},{"start":{"line":54,"column":15},"end":{"line":54,"column":19}}]},"7":{"line":55,"type":"if","locations":[{"start":{"line":55,"column":8},"end":{"line":55,"column":8}},{"start":{"line":55,"column":8},"end":{"line":55,"column":8}}]},"8":{"line":55,"type":"binary-expr","locations":[{"start":{"line":55,"column":11},"end":{"line":55,"column":14}},{"start":{"line":55,"column":18},"end":{"line":55,"column":35}}]}}},"/home/chris/git/angular-express-seed/vocabs.js":{"path":"/home/chris/git/angular-express-seed/vocabs.js","s":{"1":1,"2":1},"b":{},"f":{"1":1},"fnMap":{"1":{"name":"(anonymous_1)","line":13,"loc":{"start":{"line":13,"column":19},"end":{"line":13,"column":31}}}},"statementMap":{"1":{"start":{"line":11,"column":0},"end":{"line":493,"column":0}},"2":{"start":{"line":14,"column":8},"end":{"line":490,"column":18}}},"branchMap":{}}}