TN:
SF:/home/chris/git/angular-express-seed/app_mongo.js
FN:70,encrypt
FN:74,(anonymous_2)
FN:77,(anonymous_3)
FN:85,findById
FN:89,(anonymous_5)
FN:95,findByUsername
FN:97,(anonymous_7)
FN:104,(anonymous_8)
FN:109,(anonymous_9)
FN:114,(anonymous_10)
FN:122,(anonymous_11)
FN:126,(anonymous_12)
FN:127,(anonymous_13)
FN:137,(anonymous_14)
FN:143,(anonymous_15)
FN:154,(anonymous_16)
FN:178,buildSampleQuery
FN:213,buildSampleExcel
FN:225,(anonymous_19)
FN:436,(anonymous_20)
FN:437,(anonymous_21)
FN:443,(anonymous_22)
FN:449,(anonymous_23)
FN:452,(anonymous_24)
FN:453,(anonymous_25)
FN:454,(anonymous_26)
FN:455,(anonymous_27)
FN:480,(anonymous_28)
FN:481,(anonymous_29)
FN:483,(anonymous_30)
FN:490,(anonymous_31)
FN:537,(anonymous_32)
FN:546,(anonymous_33)
FN:551,(anonymous_34)
FN:582,(anonymous_35)
FN:598,(anonymous_36)
FN:610,(anonymous_37)
FN:624,(anonymous_38)
FN:633,(anonymous_39)
FN:647,(anonymous_40)
FN:666,(anonymous_41)
FN:689,(anonymous_42)
FN:710,(anonymous_43)
FN:734,(anonymous_44)
FN:754,(anonymous_45)
FN:782,(anonymous_46)
FN:818,(anonymous_47)
FN:827,(anonymous_48)
FN:847,(anonymous_49)
FN:860,(anonymous_50)
FN:884,(anonymous_51)
FN:914,(anonymous_52)
FN:935,(anonymous_53)
FN:954,(anonymous_54)
FN:974,(anonymous_55)
FN:991,(anonymous_56)
FN:1025,(anonymous_57)
FN:1041,(anonymous_58)
FN:1059,(anonymous_59)
FN:1080,(anonymous_60)
FN:1100,(anonymous_61)
FN:1112,(anonymous_62)
FN:1132,(anonymous_63)
FN:1140,(anonymous_64)
FN:1165,(anonymous_65)
FN:1175,(anonymous_66)
FN:1181,(anonymous_67)
FN:1185,(anonymous_68)
FN:1212,(anonymous_69)
FNF:69
FNH:55
FNDA:2,encrypt
FNDA:2,(anonymous_2)
FNDA:2,(anonymous_3)
FNDA:40,findById
FNDA:40,(anonymous_5)
FNDA:7,findByUsername
FNDA:7,(anonymous_7)
FNDA:7,(anonymous_8)
FNDA:7,(anonymous_9)
FNDA:7,(anonymous_10)
FNDA:7,(anonymous_11)
FNDA:40,(anonymous_12)
FNDA:40,(anonymous_13)
FNDA:7,(anonymous_14)
FNDA:9,(anonymous_15)
FNDA:0,(anonymous_16)
FNDA:5,buildSampleQuery
FNDA:1,buildSampleExcel
FNDA:1,(anonymous_19)
FNDA:0,(anonymous_20)
FNDA:0,(anonymous_21)
FNDA:0,(anonymous_22)
FNDA:1,(anonymous_23)
FNDA:2,(anonymous_24)
FNDA:11,(anonymous_25)
FNDA:2,(anonymous_26)
FNDA:2,(anonymous_27)
FNDA:0,(anonymous_28)
FNDA:0,(anonymous_29)
FNDA:0,(anonymous_30)
FNDA:0,(anonymous_31)
FNDA:1,(anonymous_32)
FNDA:1,(anonymous_33)
FNDA:0,(anonymous_34)
FNDA:6,(anonymous_35)
FNDA:1,(anonymous_36)
FNDA:3,(anonymous_37)
FNDA:1,(anonymous_38)
FNDA:0,(anonymous_39)
FNDA:1,(anonymous_40)
FNDA:1,(anonymous_41)
FNDA:4,(anonymous_42)
FNDA:1,(anonymous_43)
FNDA:4,(anonymous_44)
FNDA:2,(anonymous_45)
FNDA:6,(anonymous_46)
FNDA:2,(anonymous_47)
FNDA:2,(anonymous_48)
FNDA:4,(anonymous_49)
FNDA:2,(anonymous_50)
FNDA:4,(anonymous_51)
FNDA:1,(anonymous_52)
FNDA:1,(anonymous_53)
FNDA:1,(anonymous_54)
FNDA:1,(anonymous_55)
FNDA:1,(anonymous_56)
FNDA:5,(anonymous_57)
FNDA:3,(anonymous_58)
FNDA:1,(anonymous_59)
FNDA:2,(anonymous_60)
FNDA:1,(anonymous_61)
FNDA:1,(anonymous_62)
FNDA:1,(anonymous_63)
FNDA:1,(anonymous_64)
FNDA:0,(anonymous_65)
FNDA:0,(anonymous_66)
FNDA:0,(anonymous_67)
FNDA:0,(anonymous_68)
FNDA:1,(anonymous_69)
DA:5,1
DA:21,1
DA:28,1
DA:29,1
DA:30,1
DA:32,1
DA:33,1
DA:35,1
DA:36,1
DA:37,1
DA:40,1
DA:41,1
DA:42,1
DA:43,1
DA:46,1
DA:47,1
DA:51,1
DA:52,1
DA:56,1
DA:65,1
DA:70,1
DA:74,2
DA:75,2
DA:77,2
DA:78,2
DA:79,2
DA:80,2
DA:85,1
DA:87,40
DA:89,40
DA:90,40
DA:91,40
DA:95,1
DA:97,7
DA:98,7
DA:99,7
DA:104,1
DA:109,7
DA:110,7
DA:111,7
DA:114,7
DA:115,7
DA:116,7
DA:122,1
DA:123,7
DA:126,1
DA:127,40
DA:128,40
DA:137,1
DA:138,7
DA:139,7
DA:143,1
DA:144,9
DA:145,7
DA:146,7
DA:148,2
DA:150,9
DA:154,1
DA:155,0
DA:178,1
DA:180,5
DA:181,5
DA:182,5
DA:183,5
DA:188,5
DA:189,5
DA:191,5
DA:192,5
DA:197,5
DA:198,0
DA:200,5
DA:201,0
DA:204,5
DA:205,5
DA:207,5
DA:213,1
DA:215,1
DA:222,1
DA:224,1
DA:227,1
DA:228,0
DA:230,1
DA:232,1
DA:233,1
DA:234,1
DA:421,1
DA:422,1
DA:423,1
DA:425,1
DA:426,1
DA:427,1
DA:428,1
DA:429,1
DA:430,1
DA:431,1
DA:432,1
DA:433,1
DA:436,1
DA:437,1
DA:438,1
DA:439,1
DA:440,1
DA:443,1
DA:446,1
DA:447,1
DA:448,1
DA:451,1
DA:452,2
DA:453,11
DA:454,2
DA:455,2
DA:457,1
DA:463,1
DA:467,1
DA:468,1
DA:469,1
DA:470,1
DA:471,1
DA:472,1
DA:473,1
DA:474,1
DA:475,1
DA:476,1
DA:477,1
DA:480,1
DA:481,1
DA:482,1
DA:483,1
DA:484,1
DA:485,1
DA:486,1
DA:487,1
DA:490,1
DA:493,1
DA:494,1
DA:495,1
DA:496,1
DA:497,1
DA:498,1
DA:499,1
DA:500,1
DA:501,1
DA:503,1
DA:507,1
DA:510,1
DA:519,1
DA:520,1
DA:523,1
DA:537,1
DA:538,1
DA:539,1
DA:546,1
DA:547,1
DA:551,1
DA:553,0
DA:554,0
DA:556,1
DA:582,1
DA:585,6
DA:586,6
DA:587,6
DA:589,6
DA:592,4
DA:593,4
DA:595,4
DA:597,1
DA:599,1
DA:600,0
DA:602,1
DA:603,1
DA:607,3
DA:611,3
DA:612,0
DA:613,0
DA:615,3
DA:619,2
DA:621,1
DA:622,1
DA:624,1
DA:626,1
DA:627,0
DA:629,1
DA:630,1
DA:631,1
DA:635,0
DA:638,1
DA:647,1
DA:650,1
DA:651,1
DA:652,1
DA:654,1
DA:655,1
DA:657,1
DA:658,1
DA:660,0
DA:661,0
DA:663,1
DA:665,1
DA:667,1
DA:668,0
DA:669,0
DA:671,1
DA:675,0
DA:689,1
DA:691,4
DA:692,1
DA:693,1
DA:695,3
DA:697,3
DA:698,1
DA:699,1
DA:701,2
DA:702,2
DA:704,1
DA:705,1
DA:707,1
DA:708,1
DA:710,1
DA:711,1
DA:712,0
DA:713,0
DA:715,1
DA:716,1
DA:717,1
DA:719,1
DA:720,0
DA:722,1
DA:723,1
DA:734,1
DA:736,4
DA:737,1
DA:738,1
DA:744,3
DA:746,3
DA:747,3
DA:749,1
DA:750,1
DA:752,2
DA:754,2
DA:755,2
DA:756,0
DA:757,0
DA:759,2
DA:760,2
DA:782,1
DA:784,6
DA:785,1
DA:786,1
DA:791,5
DA:792,5
DA:793,5
DA:795,5
DA:796,2
DA:797,2
DA:801,3
DA:802,1
DA:803,1
DA:807,2
DA:808,1
DA:812,2
DA:813,2
DA:814,2
DA:815,2
DA:816,2
DA:818,2
DA:821,2
DA:823,2
DA:824,0
DA:825,0
DA:827,2
DA:828,2
DA:829,0
DA:830,0
DA:832,2
DA:833,2
DA:834,2
DA:847,1
DA:849,4
DA:850,1
DA:851,1
DA:854,3
DA:855,1
DA:856,1
DA:858,2
DA:860,2
DA:861,2
DA:862,0
DA:863,0
DA:865,2
DA:866,2
DA:884,1
DA:886,4
DA:887,1
DA:888,1
DA:891,3
DA:893,3
DA:894,1
DA:895,1
DA:898,2
DA:899,2
DA:901,1
DA:902,1
DA:905,1
DA:906,1
DA:907,1
DA:908,1
DA:909,1
DA:910,1
DA:914,1
DA:915,1
DA:916,0
DA:917,0
DA:919,1
DA:920,1
DA:921,1
DA:935,1
DA:937,1
DA:938,1
DA:939,1
DA:941,1
DA:943,1
DA:944,1
DA:946,1
DA:949,1
DA:950,1
DA:953,1
DA:955,1
DA:956,0
DA:957,0
DA:959,1
DA:960,1
DA:964,0
DA:974,1
DA:976,1
DA:977,1
DA:978,1
DA:980,1
DA:982,1
DA:984,1
DA:985,1
DA:987,0
DA:988,0
DA:990,1
DA:992,1
DA:993,0
DA:994,0
DA:996,1
DA:997,1
DA:1001,0
DA:1025,1
DA:1027,5
DA:1028,1
DA:1029,1
DA:1032,4
DA:1033,4
DA:1035,4
DA:1036,1
DA:1037,1
DA:1040,3
DA:1041,3
DA:1043,3
DA:1048,1
DA:1049,1
DA:1050,1
DA:1059,1
DA:1060,1
DA:1061,0
DA:1062,0
DA:1064,1
DA:1065,1
DA:1066,1
DA:1072,2
DA:1073,2
DA:1074,2
DA:1080,2
DA:1081,2
DA:1082,0
DA:1083,0
DA:1085,2
DA:1086,2
DA:1087,2
DA:1100,1
DA:1102,1
DA:1103,1
DA:1104,1
DA:1106,1
DA:1108,1
DA:1109,1
DA:1111,1
DA:1113,1
DA:1114,0
DA:1115,0
DA:1117,1
DA:1118,1
DA:1122,0
DA:1132,1
DA:1134,1
DA:1135,1
DA:1136,1
DA:1138,1
DA:1139,1
DA:1141,1
DA:1142,0
DA:1143,0
DA:1145,1
DA:1146,1
DA:1150,0
DA:1165,1
DA:1167,0
DA:1168,0
DA:1171,0
DA:1172,0
DA:1173,0
DA:1175,0
DA:1176,0
DA:1177,0
DA:1178,0
DA:1181,0
DA:1182,0
DA:1183,0
DA:1185,0
DA:1186,0
DA:1187,0
DA:1188,0
DA:1190,0
DA:1191,0
DA:1192,0
DA:1206,1
DA:1212,1
DA:1213,1
LF:430
LH:364
BRDA:28,1,0,1
BRDA:28,1,1,1
BRDA:51,2,0,1
BRDA:51,2,1,0
BRDA:56,3,0,0
BRDA:56,3,1,1
BRDA:75,4,0,0
BRDA:75,4,1,2
BRDA:78,5,0,0
BRDA:78,5,1,2
BRDA:90,6,0,0
BRDA:90,6,1,40
BRDA:90,7,0,40
BRDA:90,7,1,40
BRDA:91,8,0,40
BRDA:91,8,1,0
BRDA:98,9,0,0
BRDA:98,9,1,7
BRDA:98,10,0,7
BRDA:98,10,1,7
BRDA:99,11,0,7
BRDA:99,11,1,0
BRDA:110,12,0,0
BRDA:110,12,1,7
BRDA:111,13,0,0
BRDA:111,13,1,7
BRDA:115,14,0,0
BRDA:115,14,1,7
BRDA:115,15,0,7
BRDA:115,15,1,7
BRDA:144,16,0,7
BRDA:144,16,1,2
BRDA:155,17,0,0
BRDA:155,17,1,0
BRDA:188,18,0,0
BRDA:188,18,1,5
BRDA:189,19,0,0
BRDA:189,19,1,5
BRDA:191,20,0,5
BRDA:191,20,1,0
BRDA:192,21,0,5
BRDA:192,21,1,0
BRDA:197,22,0,0
BRDA:197,22,1,5
BRDA:200,23,0,0
BRDA:200,23,1,5
BRDA:204,24,0,5
BRDA:204,24,1,0
BRDA:227,25,0,0
BRDA:227,25,1,1
BRDA:227,26,0,1
BRDA:227,26,1,1
BRDA:230,27,0,1
BRDA:230,27,1,0
BRDA:427,28,0,1
BRDA:427,28,1,0
BRDA:428,29,0,0
BRDA:428,29,1,1
BRDA:429,30,0,0
BRDA:429,30,1,1
BRDA:430,31,0,0
BRDA:430,31,1,1
BRDA:430,32,0,1
BRDA:430,32,1,0
BRDA:431,33,0,0
BRDA:431,33,1,1
BRDA:432,34,0,0
BRDA:432,34,1,1
BRDA:433,35,0,0
BRDA:433,35,1,1
BRDA:436,36,0,0
BRDA:436,36,1,1
BRDA:437,37,0,0
BRDA:437,37,1,1
BRDA:438,38,0,0
BRDA:438,38,1,1
BRDA:439,39,0,0
BRDA:439,39,1,1
BRDA:440,40,0,0
BRDA:440,40,1,1
BRDA:443,41,0,0
BRDA:443,41,1,1
BRDA:446,42,0,0
BRDA:446,42,1,1
BRDA:447,43,0,0
BRDA:447,43,1,1
BRDA:448,44,0,1
BRDA:448,44,1,0
BRDA:448,45,0,1
BRDA:448,45,1,1
BRDA:452,46,0,1
BRDA:452,46,1,0
BRDA:453,47,0,1
BRDA:453,47,1,0
BRDA:454,48,0,1
BRDA:454,48,1,0
BRDA:455,49,0,1
BRDA:455,49,1,0
BRDA:467,50,0,0
BRDA:467,50,1,1
BRDA:467,51,0,1
BRDA:467,51,1,0
BRDA:468,52,0,0
BRDA:468,52,1,1
BRDA:469,53,0,0
BRDA:469,53,1,1
BRDA:470,54,0,0
BRDA:470,54,1,1
BRDA:471,55,0,0
BRDA:471,55,1,1
BRDA:472,56,0,0
BRDA:472,56,1,1
BRDA:473,57,0,0
BRDA:473,57,1,1
BRDA:473,58,0,1
BRDA:473,58,1,0
BRDA:474,59,0,0
BRDA:474,59,1,1
BRDA:475,60,0,0
BRDA:475,60,1,1
BRDA:475,61,0,1
BRDA:475,61,1,0
BRDA:476,62,0,0
BRDA:476,62,1,1
BRDA:477,63,0,0
BRDA:477,63,1,1
BRDA:477,64,0,1
BRDA:477,64,1,0
BRDA:480,65,0,0
BRDA:480,65,1,1
BRDA:481,66,0,0
BRDA:481,66,1,1
BRDA:482,67,0,0
BRDA:482,67,1,1
BRDA:482,68,0,1
BRDA:482,68,1,0
BRDA:483,69,0,0
BRDA:483,69,1,1
BRDA:484,70,0,0
BRDA:484,70,1,1
BRDA:485,71,0,0
BRDA:485,71,1,1
BRDA:486,72,0,0
BRDA:486,72,1,1
BRDA:487,73,0,0
BRDA:487,73,1,1
BRDA:490,74,0,0
BRDA:490,74,1,1
BRDA:490,75,0,1
BRDA:490,75,1,1
BRDA:493,76,0,0
BRDA:493,76,1,1
BRDA:493,77,0,1
BRDA:493,77,1,0
BRDA:494,78,0,0
BRDA:494,78,1,1
BRDA:494,79,0,1
BRDA:494,79,1,0
BRDA:495,80,0,0
BRDA:495,80,1,1
BRDA:495,81,0,1
BRDA:495,81,1,0
BRDA:496,82,0,0
BRDA:496,82,1,1
BRDA:496,83,0,1
BRDA:496,83,1,0
BRDA:497,84,0,0
BRDA:497,84,1,1
BRDA:497,85,0,1
BRDA:497,85,1,0
BRDA:498,86,0,0
BRDA:498,86,1,1
BRDA:498,87,0,1
BRDA:498,87,1,0
BRDA:499,88,0,0
BRDA:499,88,1,1
BRDA:499,89,0,1
BRDA:499,89,1,0
BRDA:500,90,0,0
BRDA:500,90,1,1
BRDA:500,91,0,1
BRDA:500,91,1,0
BRDA:501,92,0,0
BRDA:501,92,1,1
BRDA:501,93,0,1
BRDA:501,93,1,0
BRDA:589,94,0,4
BRDA:589,94,1,2
BRDA:595,95,0,1
BRDA:595,95,1,3
BRDA:599,96,0,0
BRDA:599,96,1,1
BRDA:599,97,0,1
BRDA:599,97,1,1
BRDA:611,98,0,0
BRDA:611,98,1,3
BRDA:611,99,0,3
BRDA:611,99,1,3
BRDA:619,100,0,1
BRDA:619,100,1,1
BRDA:626,101,0,0
BRDA:626,101,1,1
BRDA:654,102,0,1
BRDA:654,102,1,0
BRDA:667,103,0,0
BRDA:667,103,1,1
BRDA:667,104,0,1
BRDA:667,104,1,1
BRDA:691,105,0,1
BRDA:691,105,1,3
BRDA:697,106,0,1
BRDA:697,106,1,2
BRDA:697,107,0,3
BRDA:697,107,1,3
BRDA:711,108,0,0
BRDA:711,108,1,1
BRDA:711,109,0,1
BRDA:711,109,1,1
BRDA:719,110,0,0
BRDA:719,110,1,1
BRDA:736,111,0,1
BRDA:736,111,1,3
BRDA:755,112,0,0
BRDA:755,112,1,2
BRDA:784,113,0,1
BRDA:784,113,1,5
BRDA:795,114,0,2
BRDA:795,114,1,3
BRDA:795,115,0,5
BRDA:795,115,1,5
BRDA:801,116,0,1
BRDA:801,116,1,2
BRDA:801,117,0,3
BRDA:801,117,1,2
BRDA:807,118,0,1
BRDA:807,118,1,1
BRDA:823,119,0,0
BRDA:823,119,1,2
BRDA:823,120,0,2
BRDA:823,120,1,2
BRDA:828,121,0,0
BRDA:828,121,1,2
BRDA:828,122,0,2
BRDA:828,122,1,2
BRDA:849,123,0,1
BRDA:849,123,1,3
BRDA:849,124,0,4
BRDA:849,124,1,3
BRDA:854,125,0,1
BRDA:854,125,1,2
BRDA:854,126,0,3
BRDA:854,126,1,3
BRDA:861,127,0,0
BRDA:861,127,1,2
BRDA:861,128,0,2
BRDA:861,128,1,2
BRDA:886,129,0,1
BRDA:886,129,1,3
BRDA:893,130,0,1
BRDA:893,130,1,2
BRDA:893,131,0,3
BRDA:893,131,1,3
BRDA:915,132,0,0
BRDA:915,132,1,1
BRDA:915,133,0,1
BRDA:915,133,1,1
BRDA:941,134,0,1
BRDA:941,134,1,0
BRDA:946,135,0,1
BRDA:946,135,1,0
BRDA:955,136,0,0
BRDA:955,136,1,1
BRDA:955,137,0,1
BRDA:955,137,1,1
BRDA:980,138,0,1
BRDA:980,138,1,0
BRDA:992,139,0,0
BRDA:992,139,1,1
BRDA:992,140,0,1
BRDA:992,140,1,1
BRDA:1027,141,0,1
BRDA:1027,141,1,4
BRDA:1035,142,0,1
BRDA:1035,142,1,3
BRDA:1035,143,0,4
BRDA:1035,143,1,4
BRDA:1043,144,0,1
BRDA:1043,144,1,2
BRDA:1043,145,0,3
BRDA:1043,145,1,3
BRDA:1043,145,2,3
BRDA:1060,146,0,0
BRDA:1060,146,1,1
BRDA:1060,147,0,1
BRDA:1060,147,1,1
BRDA:1081,148,0,0
BRDA:1081,148,1,2
BRDA:1081,149,0,2
BRDA:1081,149,1,2
BRDA:1106,150,0,1
BRDA:1106,150,1,0
BRDA:1113,151,0,0
BRDA:1113,151,1,1
BRDA:1113,152,0,1
BRDA:1113,152,1,1
BRDA:1113,152,2,1
BRDA:1138,153,0,1
BRDA:1138,153,1,0
BRDA:1141,154,0,0
BRDA:1141,154,1,1
BRDA:1141,155,0,1
BRDA:1141,155,1,1
BRDA:1141,155,2,1
BRDA:1167,156,0,0
BRDA:1167,156,1,0
BRDA:1176,157,0,0
BRDA:1176,157,1,0
BRDA:1182,158,0,0
BRDA:1182,158,1,0
BRDA:1186,159,0,0
BRDA:1186,159,1,0
BRF:321
BRH:204
end_of_record
TN:
SF:/home/chris/git/angular-express-seed/logging.js
FN:39,(anonymous_1)
FNF:1
FNH:1
FNDA:58,(anonymous_1)
DA:1,1
DA:2,1
DA:4,1
DA:37,1
DA:38,1
DA:40,58
LF:6
LH:6
BRF:0
BRH:0
end_of_record
TN:
SF:/home/chris/git/angular-express-seed/routes/index.js
FN:6,(anonymous_1)
FN:10,(anonymous_2)
FNF:2
FNH:0
FNDA:0,(anonymous_1)
FNDA:0,(anonymous_2)
DA:6,1
DA:7,0
DA:10,1
DA:11,0
DA:12,0
LF:5
LH:2
BRF:0
BRH:0
end_of_record
TN:
SF:/home/chris/git/angular-express-seed/routes/api.js
FN:5,(anonymous_1)
FNF:1
FNH:0
FNDA:0,(anonymous_1)
DA:5,1
DA:6,0
LF:2
LH:1
BRF:0
BRH:0
end_of_record
TN:
SF:/home/chris/git/angular-express-seed/db_mongo.js
FN:37,(anonymous_1)
FN:53,(anonymous_2)
FNF:2
FNH:2
FNDA:26,(anonymous_1)
FNDA:1,(anonymous_2)
DA:5,1
DA:6,1
DA:7,1
DA:8,1
DA:13,1
DA:21,1
DA:26,1
DA:33,1
DA:34,1
DA:36,1
DA:37,26
DA:38,26
DA:40,26
DA:41,0
DA:44,0
DA:51,1
DA:53,1
DA:54,1
DA:55,1
DA:56,0
DA:59,0
DA:64,1
LF:22
LH:18
BRDA:38,1,0,26
BRDA:38,1,1,0
BRDA:38,2,0,26
BRDA:38,2,1,0
BRDA:40,3,0,0
BRDA:40,3,1,26
BRDA:40,4,0,26
BRDA:40,4,1,26
BRDA:54,5,0,1
BRDA:54,5,1,0
BRDA:54,6,0,1
BRDA:54,6,1,0
BRDA:55,7,0,0
BRDA:55,7,1,1
BRDA:55,8,0,1
BRDA:55,8,1,1
BRF:16
BRH:10
end_of_record
TN:
SF:/home/chris/git/angular-express-seed/vocabs.js
FN:13,(anonymous_1)
FNF:1
FNH:1
FNDA:1,(anonymous_1)
DA:11,1
DA:14,1
LF:2
LH:2
BRF:0
BRH:0
end_of_record
