TN:
SF:/home/chris/git/angular-express-seed/app_mongo.js
FN:64,encrypt
FN:68,(anonymous_2)
FN:71,(anonymous_3)
FN:79,findById
FN:83,(anonymous_5)
FN:89,findByUsername
FN:91,(anonymous_7)
FN:98,(anonymous_8)
FN:103,(anonymous_9)
FN:108,(anonymous_10)
FN:116,(anonymous_11)
FN:120,(anonymous_12)
FN:121,(anonymous_13)
FN:131,(anonymous_14)
FN:137,(anonymous_15)
FN:148,(anonymous_16)
FN:170,buildSampleQuery
FN:215,(anonymous_18)
FN:221,(anonymous_19)
FN:434,(anonymous_20)
FN:435,(anonymous_21)
FN:441,(anonymous_22)
FN:447,(anonymous_23)
FN:450,(anonymous_24)
FN:451,(anonymous_25)
FN:452,(anonymous_26)
FN:453,(anonymous_27)
FN:478,(anonymous_28)
FN:479,(anonymous_29)
FN:481,(anonymous_30)
FN:488,(anonymous_31)
FN:521,(anonymous_32)
FN:530,(anonymous_33)
FN:535,(anonymous_34)
FN:551,(anonymous_35)
FN:564,(anonymous_36)
FN:581,(anonymous_37)
FN:592,(anonymous_38)
FN:614,(anonymous_39)
FN:640,(anonymous_40)
FN:655,(anonymous_41)
FN:661,(anonymous_42)
FN:681,(anonymous_43)
FN:709,(anonymous_44)
FN:745,(anonymous_45)
FN:754,(anonymous_46)
FN:772,(anonymous_47)
FN:784,(anonymous_48)
FN:799,(anonymous_49)
FN:820,(anonymous_50)
FN:850,(anonymous_51)
FN:861,(anonymous_52)
FN:875,(anonymous_53)
FN:882,(anonymous_54)
FN:903,(anonymous_55)
FN:918,(anonymous_56)
FN:936,(anonymous_57)
FN:956,(anonymous_58)
FN:969,(anonymous_59)
FN:981,(anonymous_60)
FN:1003,(anonymous_61)
FN:1013,(anonymous_62)
FN:1019,(anonymous_63)
FN:1023,(anonymous_64)
FN:1050,(anonymous_65)
FNF:65
FNH:52
FNDA:2,encrypt
FNDA:2,(anonymous_2)
FNDA:2,(anonymous_3)
FNDA:36,findById
FNDA:36,(anonymous_5)
FNDA:7,findByUsername
FNDA:7,(anonymous_7)
FNDA:7,(anonymous_8)
FNDA:7,(anonymous_9)
FNDA:7,(anonymous_10)
FNDA:7,(anonymous_11)
FNDA:36,(anonymous_12)
FNDA:36,(anonymous_13)
FNDA:7,(anonymous_14)
FNDA:9,(anonymous_15)
FNDA:0,(anonymous_16)
FNDA:3,buildSampleQuery
FNDA:1,(anonymous_18)
FNDA:1,(anonymous_19)
FNDA:0,(anonymous_20)
FNDA:0,(anonymous_21)
FNDA:0,(anonymous_22)
FNDA:1,(anonymous_23)
FNDA:2,(anonymous_24)
FNDA:11,(anonymous_25)
FNDA:2,(anonymous_26)
FNDA:2,(anonymous_27)
FNDA:0,(anonymous_28)
FNDA:0,(anonymous_29)
FNDA:0,(anonymous_30)
FNDA:0,(anonymous_31)
FNDA:1,(anonymous_32)
FNDA:1,(anonymous_33)
FNDA:0,(anonymous_34)
FNDA:1,(anonymous_35)
FNDA:1,(anonymous_36)
FNDA:1,(anonymous_37)
FNDA:1,(anonymous_38)
FNDA:5,(anonymous_39)
FNDA:1,(anonymous_40)
FNDA:1,(anonymous_41)
FNDA:4,(anonymous_42)
FNDA:2,(anonymous_43)
FNDA:6,(anonymous_44)
FNDA:2,(anonymous_45)
FNDA:2,(anonymous_46)
FNDA:1,(anonymous_47)
FNDA:4,(anonymous_48)
FNDA:2,(anonymous_49)
FNDA:4,(anonymous_50)
FNDA:1,(anonymous_51)
FNDA:2,(anonymous_52)
FNDA:1,(anonymous_53)
FNDA:1,(anonymous_54)
FNDA:5,(anonymous_55)
FNDA:3,(anonymous_56)
FNDA:1,(anonymous_57)
FNDA:2,(anonymous_58)
FNDA:2,(anonymous_59)
FNDA:2,(anonymous_60)
FNDA:0,(anonymous_61)
FNDA:0,(anonymous_62)
FNDA:0,(anonymous_63)
FNDA:0,(anonymous_64)
FNDA:1,(anonymous_65)
DA:5,1
DA:19,1
DA:26,1
DA:27,1
DA:28,1
DA:30,1
DA:31,1
DA:33,1
DA:34,1
DA:35,1
DA:38,1
DA:39,1
DA:40,1
DA:41,1
DA:44,1
DA:47,1
DA:48,1
DA:52,1
DA:61,1
DA:64,1
DA:68,2
DA:69,2
DA:71,2
DA:72,2
DA:73,2
DA:74,2
DA:79,1
DA:81,36
DA:83,36
DA:84,36
DA:85,36
DA:89,1
DA:91,7
DA:92,7
DA:93,7
DA:98,1
DA:103,7
DA:104,7
DA:105,7
DA:108,7
DA:109,7
DA:110,7
DA:116,1
DA:117,7
DA:120,1
DA:121,36
DA:122,36
DA:131,1
DA:132,7
DA:133,7
DA:137,1
DA:138,9
DA:139,7
DA:140,7
DA:142,2
DA:144,9
DA:148,1
DA:149,0
DA:170,1
DA:172,3
DA:173,3
DA:174,3
DA:175,3
DA:180,3
DA:181,3
DA:183,3
DA:184,3
DA:189,3
DA:190,0
DA:192,3
DA:193,0
DA:196,3
DA:197,3
DA:199,3
DA:208,1
DA:209,1
DA:212,1
DA:215,1
DA:218,1
DA:220,1
DA:223,1
DA:224,0
DA:225,0
DA:228,1
DA:230,1
DA:231,1
DA:232,1
DA:419,1
DA:420,1
DA:421,1
DA:423,1
DA:424,1
DA:425,1
DA:426,1
DA:427,1
DA:428,1
DA:429,1
DA:430,1
DA:431,1
DA:434,1
DA:435,1
DA:436,1
DA:437,1
DA:438,1
DA:441,1
DA:444,1
DA:445,1
DA:446,1
DA:449,1
DA:450,2
DA:451,11
DA:452,2
DA:453,2
DA:455,1
DA:461,1
DA:465,1
DA:466,1
DA:467,1
DA:468,1
DA:469,1
DA:470,1
DA:471,1
DA:472,1
DA:473,1
DA:474,1
DA:475,1
DA:478,1
DA:479,1
DA:480,1
DA:481,1
DA:482,1
DA:483,1
DA:484,1
DA:485,1
DA:488,1
DA:491,1
DA:492,1
DA:493,1
DA:494,1
DA:495,1
DA:496,1
DA:497,1
DA:498,1
DA:499,1
DA:502,1
DA:503,1
DA:504,1
DA:505,1
DA:521,1
DA:522,1
DA:523,1
DA:530,1
DA:531,1
DA:535,1
DA:537,0
DA:538,0
DA:540,1
DA:551,1
DA:553,1
DA:555,1
DA:557,1
DA:559,1
DA:561,1
DA:565,1
DA:567,0
DA:568,0
DA:570,1
DA:581,1
DA:583,1
DA:585,1
DA:587,1
DA:589,1
DA:591,1
DA:595,1
DA:596,0
DA:598,1
DA:599,1
DA:614,1
DA:616,5
DA:617,1
DA:618,1
DA:621,4
DA:623,4
DA:624,1
DA:625,1
DA:630,3
DA:631,3
DA:633,2
DA:634,2
DA:637,1
DA:638,1
DA:640,1
DA:641,1
DA:642,0
DA:643,0
DA:645,1
DA:646,1
DA:655,1
DA:656,1
DA:657,1
DA:658,1
DA:661,1
DA:663,4
DA:665,4
DA:666,1
DA:667,1
DA:669,3
DA:670,1
DA:671,1
DA:673,2
DA:674,2
DA:676,0
DA:677,0
DA:679,2
DA:681,2
DA:682,2
DA:683,0
DA:684,0
DA:689,2
DA:690,2
DA:709,1
DA:711,6
DA:712,1
DA:713,1
DA:718,5
DA:719,5
DA:720,5
DA:722,5
DA:723,2
DA:724,2
DA:728,3
DA:729,1
DA:730,1
DA:734,2
DA:735,1
DA:739,2
DA:740,2
DA:741,2
DA:742,2
DA:743,2
DA:745,2
DA:748,2
DA:750,2
DA:751,0
DA:752,0
DA:754,2
DA:755,2
DA:756,0
DA:757,0
DA:759,2
DA:761,2
DA:772,1
DA:773,1
DA:774,1
DA:775,1
DA:784,1
DA:786,4
DA:787,1
DA:788,1
DA:791,3
DA:792,1
DA:793,1
DA:795,2
DA:797,2
DA:799,2
DA:800,2
DA:801,0
DA:802,0
DA:804,2
DA:805,2
DA:820,1
DA:822,4
DA:823,1
DA:824,1
DA:827,3
DA:829,3
DA:830,1
DA:831,1
DA:834,2
DA:835,2
DA:837,1
DA:838,1
DA:841,1
DA:842,1
DA:843,1
DA:844,1
DA:845,1
DA:846,1
DA:850,1
DA:851,1
DA:852,0
DA:853,0
DA:855,1
DA:856,1
DA:861,1
DA:863,2
DA:864,2
DA:866,2
DA:867,1
DA:868,1
DA:869,1
DA:874,1
DA:876,1
DA:878,1
DA:879,1
DA:881,1
DA:883,1
DA:903,1
DA:905,5
DA:906,1
DA:907,1
DA:910,4
DA:912,4
DA:913,1
DA:914,1
DA:917,3
DA:918,3
DA:920,3
DA:925,1
DA:926,1
DA:927,1
DA:936,1
DA:937,1
DA:938,0
DA:939,0
DA:941,1
DA:942,1
DA:948,2
DA:949,2
DA:950,2
DA:956,2
DA:957,2
DA:958,0
DA:959,0
DA:961,2
DA:962,2
DA:969,1
DA:971,2
DA:972,2
DA:974,2
DA:976,1
DA:978,2
DA:980,2
DA:983,2
DA:984,0
DA:985,0
DA:987,2
DA:1003,1
DA:1005,0
DA:1006,0
DA:1009,0
DA:1010,0
DA:1011,0
DA:1013,0
DA:1014,0
DA:1015,0
DA:1016,0
DA:1019,0
DA:1020,0
DA:1021,0
DA:1023,0
DA:1024,0
DA:1025,0
DA:1026,0
DA:1028,0
DA:1029,0
DA:1030,0
DA:1044,1
DA:1050,1
DA:1051,1
LF:370
LH:321
BRDA:26,1,0,1
BRDA:26,1,1,1
BRDA:47,2,0,1
BRDA:47,2,1,0
BRDA:52,3,0,0
BRDA:52,3,1,1
BRDA:69,4,0,0
BRDA:69,4,1,2
BRDA:72,5,0,0
BRDA:72,5,1,2
BRDA:84,6,0,0
BRDA:84,6,1,36
BRDA:84,7,0,36
BRDA:84,7,1,36
BRDA:85,8,0,36
BRDA:85,8,1,0
BRDA:92,9,0,0
BRDA:92,9,1,7
BRDA:92,10,0,7
BRDA:92,10,1,7
BRDA:93,11,0,7
BRDA:93,11,1,0
BRDA:104,12,0,0
BRDA:104,12,1,7
BRDA:105,13,0,0
BRDA:105,13,1,7
BRDA:109,14,0,0
BRDA:109,14,1,7
BRDA:109,15,0,7
BRDA:109,15,1,7
BRDA:138,16,0,7
BRDA:138,16,1,2
BRDA:149,17,0,0
BRDA:149,17,1,0
BRDA:180,18,0,0
BRDA:180,18,1,3
BRDA:181,19,0,0
BRDA:181,19,1,3
BRDA:183,20,0,3
BRDA:183,20,1,0
BRDA:184,21,0,3
BRDA:184,21,1,0
BRDA:189,22,0,0
BRDA:189,22,1,3
BRDA:192,23,0,0
BRDA:192,23,1,3
BRDA:196,24,0,3
BRDA:196,24,1,0
BRDA:223,25,0,0
BRDA:223,25,1,1
BRDA:223,26,0,1
BRDA:223,26,1,1
BRDA:228,27,0,1
BRDA:228,27,1,0
BRDA:425,28,0,1
BRDA:425,28,1,0
BRDA:426,29,0,0
BRDA:426,29,1,1
BRDA:427,30,0,0
BRDA:427,30,1,1
BRDA:428,31,0,0
BRDA:428,31,1,1
BRDA:428,32,0,1
BRDA:428,32,1,0
BRDA:429,33,0,0
BRDA:429,33,1,1
BRDA:430,34,0,0
BRDA:430,34,1,1
BRDA:431,35,0,0
BRDA:431,35,1,1
BRDA:434,36,0,0
BRDA:434,36,1,1
BRDA:435,37,0,0
BRDA:435,37,1,1
BRDA:436,38,0,0
BRDA:436,38,1,1
BRDA:437,39,0,0
BRDA:437,39,1,1
BRDA:438,40,0,0
BRDA:438,40,1,1
BRDA:441,41,0,0
BRDA:441,41,1,1
BRDA:444,42,0,0
BRDA:444,42,1,1
BRDA:445,43,0,0
BRDA:445,43,1,1
BRDA:446,44,0,1
BRDA:446,44,1,0
BRDA:446,45,0,1
BRDA:446,45,1,1
BRDA:450,46,0,1
BRDA:450,46,1,0
BRDA:451,47,0,1
BRDA:451,47,1,0
BRDA:452,48,0,1
BRDA:452,48,1,0
BRDA:453,49,0,1
BRDA:453,49,1,0
BRDA:465,50,0,0
BRDA:465,50,1,1
BRDA:465,51,0,1
BRDA:465,51,1,0
BRDA:466,52,0,0
BRDA:466,52,1,1
BRDA:467,53,0,0
BRDA:467,53,1,1
BRDA:468,54,0,0
BRDA:468,54,1,1
BRDA:469,55,0,0
BRDA:469,55,1,1
BRDA:470,56,0,0
BRDA:470,56,1,1
BRDA:471,57,0,0
BRDA:471,57,1,1
BRDA:471,58,0,1
BRDA:471,58,1,0
BRDA:472,59,0,0
BRDA:472,59,1,1
BRDA:473,60,0,0
BRDA:473,60,1,1
BRDA:473,61,0,1
BRDA:473,61,1,0
BRDA:474,62,0,0
BRDA:474,62,1,1
BRDA:475,63,0,0
BRDA:475,63,1,1
BRDA:475,64,0,1
BRDA:475,64,1,0
BRDA:478,65,0,0
BRDA:478,65,1,1
BRDA:479,66,0,0
BRDA:479,66,1,1
BRDA:480,67,0,0
BRDA:480,67,1,1
BRDA:480,68,0,1
BRDA:480,68,1,0
BRDA:481,69,0,0
BRDA:481,69,1,1
BRDA:482,70,0,0
BRDA:482,70,1,1
BRDA:483,71,0,0
BRDA:483,71,1,1
BRDA:484,72,0,0
BRDA:484,72,1,1
BRDA:485,73,0,0
BRDA:485,73,1,1
BRDA:488,74,0,0
BRDA:488,74,1,1
BRDA:488,75,0,1
BRDA:488,75,1,1
BRDA:491,76,0,0
BRDA:491,76,1,1
BRDA:491,77,0,1
BRDA:491,77,1,0
BRDA:492,78,0,0
BRDA:492,78,1,1
BRDA:492,79,0,1
BRDA:492,79,1,0
BRDA:493,80,0,0
BRDA:493,80,1,1
BRDA:493,81,0,1
BRDA:493,81,1,0
BRDA:494,82,0,0
BRDA:494,82,1,1
BRDA:494,83,0,1
BRDA:494,83,1,0
BRDA:495,84,0,0
BRDA:495,84,1,1
BRDA:495,85,0,1
BRDA:495,85,1,0
BRDA:496,86,0,0
BRDA:496,86,1,1
BRDA:496,87,0,1
BRDA:496,87,1,0
BRDA:497,88,0,0
BRDA:497,88,1,1
BRDA:497,89,0,1
BRDA:497,89,1,0
BRDA:498,90,0,0
BRDA:498,90,1,1
BRDA:498,91,0,1
BRDA:498,91,1,0
BRDA:499,92,0,0
BRDA:499,92,1,1
BRDA:499,93,0,1
BRDA:499,93,1,0
BRDA:557,94,0,1
BRDA:557,94,1,0
BRDA:565,95,0,0
BRDA:565,95,1,1
BRDA:565,96,0,1
BRDA:565,96,1,1
BRDA:587,97,0,1
BRDA:587,97,1,0
BRDA:595,98,0,0
BRDA:595,98,1,1
BRDA:595,99,0,1
BRDA:595,99,1,1
BRDA:616,100,0,1
BRDA:616,100,1,4
BRDA:623,101,0,1
BRDA:623,101,1,3
BRDA:623,102,0,4
BRDA:623,102,1,4
BRDA:641,103,0,0
BRDA:641,103,1,1
BRDA:641,104,0,1
BRDA:641,104,1,1
BRDA:665,105,0,1
BRDA:665,105,1,3
BRDA:669,106,0,1
BRDA:669,106,1,2
BRDA:669,107,0,3
BRDA:669,107,1,3
BRDA:682,108,0,0
BRDA:682,108,1,2
BRDA:711,109,0,1
BRDA:711,109,1,5
BRDA:722,110,0,2
BRDA:722,110,1,3
BRDA:722,111,0,5
BRDA:722,111,1,5
BRDA:728,112,0,1
BRDA:728,112,1,2
BRDA:728,113,0,3
BRDA:728,113,1,2
BRDA:734,114,0,1
BRDA:734,114,1,1
BRDA:750,115,0,0
BRDA:750,115,1,2
BRDA:750,116,0,2
BRDA:750,116,1,2
BRDA:755,117,0,0
BRDA:755,117,1,2
BRDA:755,118,0,2
BRDA:755,118,1,2
BRDA:786,119,0,1
BRDA:786,119,1,3
BRDA:786,120,0,4
BRDA:786,120,1,3
BRDA:791,121,0,1
BRDA:791,121,1,2
BRDA:791,122,0,3
BRDA:791,122,1,3
BRDA:800,123,0,0
BRDA:800,123,1,2
BRDA:800,124,0,2
BRDA:800,124,1,2
BRDA:822,125,0,1
BRDA:822,125,1,3
BRDA:829,126,0,1
BRDA:829,126,1,2
BRDA:829,127,0,3
BRDA:829,127,1,3
BRDA:851,128,0,0
BRDA:851,128,1,1
BRDA:851,129,0,1
BRDA:851,129,1,1
BRDA:866,130,0,1
BRDA:866,130,1,1
BRDA:878,131,0,1
BRDA:878,131,1,0
BRDA:905,132,0,1
BRDA:905,132,1,4
BRDA:912,133,0,1
BRDA:912,133,1,3
BRDA:912,134,0,4
BRDA:912,134,1,4
BRDA:920,135,0,1
BRDA:920,135,1,2
BRDA:920,136,0,3
BRDA:920,136,1,3
BRDA:920,136,2,3
BRDA:937,137,0,0
BRDA:937,137,1,1
BRDA:937,138,0,1
BRDA:937,138,1,1
BRDA:957,139,0,0
BRDA:957,139,1,2
BRDA:957,140,0,2
BRDA:957,140,1,2
BRDA:974,141,0,1
BRDA:974,141,1,1
BRDA:983,142,0,0
BRDA:983,142,1,2
BRDA:983,143,0,2
BRDA:983,143,1,2
BRDA:983,143,2,2
BRDA:1005,144,0,0
BRDA:1005,144,1,0
BRDA:1014,145,0,0
BRDA:1014,145,1,0
BRDA:1020,146,0,0
BRDA:1020,146,1,0
BRDA:1024,147,0,0
BRDA:1024,147,1,0
BRF:296
BRH:188
end_of_record
TN:
SF:/home/chris/git/angular-express-seed/logging.js
FN:39,(anonymous_1)
FNF:1
FNH:1
FNDA:54,(anonymous_1)
DA:1,1
DA:2,1
DA:4,1
DA:37,1
DA:38,1
DA:40,54
LF:6
LH:6
BRF:0
BRH:0
end_of_record
TN:
SF:/home/chris/git/angular-express-seed/routes/index.js
FN:6,(anonymous_1)
FN:10,(anonymous_2)
FNF:2
FNH:0
FNDA:0,(anonymous_1)
FNDA:0,(anonymous_2)
DA:6,1
DA:7,0
DA:10,1
DA:11,0
DA:12,0
LF:5
LH:2
BRF:0
BRH:0
end_of_record
TN:
SF:/home/chris/git/angular-express-seed/routes/api.js
FN:5,(anonymous_1)
FNF:1
FNH:0
FNDA:0,(anonymous_1)
DA:5,1
DA:6,0
LF:2
LH:1
BRF:0
BRH:0
end_of_record
TN:
SF:/home/chris/git/angular-express-seed/db_mongo.js
FN:37,(anonymous_1)
FN:53,(anonymous_2)
FNF:2
FNH:2
FNDA:26,(anonymous_1)
FNDA:1,(anonymous_2)
DA:5,1
DA:6,1
DA:7,1
DA:8,1
DA:13,1
DA:21,1
DA:26,1
DA:33,1
DA:34,1
DA:36,1
DA:37,26
DA:38,26
DA:40,26
DA:41,0
DA:44,0
DA:51,1
DA:53,1
DA:54,1
DA:55,1
DA:56,0
DA:59,0
DA:64,1
LF:22
LH:18
BRDA:38,1,0,26
BRDA:38,1,1,0
BRDA:38,2,0,26
BRDA:38,2,1,0
BRDA:40,3,0,0
BRDA:40,3,1,26
BRDA:40,4,0,26
BRDA:40,4,1,26
BRDA:54,5,0,1
BRDA:54,5,1,0
BRDA:54,6,0,1
BRDA:54,6,1,0
BRDA:55,7,0,0
BRDA:55,7,1,1
BRDA:55,8,0,1
BRDA:55,8,1,1
BRF:16
BRH:10
end_of_record
TN:
SF:/home/chris/git/angular-express-seed/vocabs.js
FN:13,(anonymous_1)
FNF:1
FNH:1
FNDA:1,(anonymous_1)
DA:11,1
DA:14,1
LF:2
LH:2
BRF:0
BRH:0
end_of_record
